ARM GAS  C:\Users\sangt\AppData\Local\Temp\cczAJqAh.s 			page 1


   1              		.cpu cortex-m3
   2              		.arch armv7-m
   3              		.fpu softvfp
   4              		.eabi_attribute 20, 1
   5              		.eabi_attribute 21, 1
   6              		.eabi_attribute 23, 3
   7              		.eabi_attribute 24, 1
   8              		.eabi_attribute 25, 1
   9              		.eabi_attribute 26, 1
  10              		.eabi_attribute 30, 1
  11              		.eabi_attribute 34, 1
  12              		.eabi_attribute 18, 4
  13              		.file	"main.c"
  14              		.text
  15              	.Ltext0:
  16              		.cfi_sections	.debug_frame
  17              		.section	.text.MX_GPIO_Init,"ax",%progbits
  18              		.align	1
  19              		.syntax unified
  20              		.thumb
  21              		.thumb_func
  23              	MX_GPIO_Init:
  24              	.LFB82:
  25              		.file 1 "Core/Src/main.c"
   1:Core/Src/main.c **** /* USER CODE BEGIN Header */
   2:Core/Src/main.c **** /**
   3:Core/Src/main.c ****  ******************************************************************************
   4:Core/Src/main.c ****  * @file           : main.c
   5:Core/Src/main.c ****  * @brief          : Main program body
   6:Core/Src/main.c ****  ******************************************************************************
   7:Core/Src/main.c ****  * @attention
   8:Core/Src/main.c ****  *
   9:Core/Src/main.c ****  * Copyright (c) 2022 STMicroelectronics.
  10:Core/Src/main.c ****  * All rights reserved.
  11:Core/Src/main.c ****  *
  12:Core/Src/main.c ****  * This software is licensed under terms that can be found in the LICENSE file
  13:Core/Src/main.c ****  * in the root directory of this software component.
  14:Core/Src/main.c ****  * If no LICENSE file comes with this software, it is provided AS-IS.
  15:Core/Src/main.c ****  *
  16:Core/Src/main.c ****  ******************************************************************************
  17:Core/Src/main.c ****  */
  18:Core/Src/main.c **** /* USER CODE END Header */
  19:Core/Src/main.c **** /* Includes ------------------------------------------------------------------*/
  20:Core/Src/main.c **** #include "main.h"
  21:Core/Src/main.c **** 
  22:Core/Src/main.c **** /* Private includes ----------------------------------------------------------*/
  23:Core/Src/main.c **** /* USER CODE BEGIN Includes */
  24:Core/Src/main.c **** #include "ssd1306.h"
  25:Core/Src/main.c **** #include "stdio.h"
  26:Core/Src/main.c **** #include "MY_NRF24.h"
  27:Core/Src/main.c **** 
  28:Core/Src/main.c **** /* USER CODE END Includes */
  29:Core/Src/main.c **** 
  30:Core/Src/main.c **** /* Private typedef -----------------------------------------------------------*/
  31:Core/Src/main.c **** /* USER CODE BEGIN PTD */
  32:Core/Src/main.c **** 
  33:Core/Src/main.c **** /* USER CODE END PTD */
ARM GAS  C:\Users\sangt\AppData\Local\Temp\cczAJqAh.s 			page 2


  34:Core/Src/main.c **** 
  35:Core/Src/main.c **** /* Private define ------------------------------------------------------------*/
  36:Core/Src/main.c **** /* USER CODE BEGIN PD */
  37:Core/Src/main.c **** /* USER CODE END PD */
  38:Core/Src/main.c **** 
  39:Core/Src/main.c **** /* Private macro -------------------------------------------------------------*/
  40:Core/Src/main.c **** /* USER CODE BEGIN PM */
  41:Core/Src/main.c **** 
  42:Core/Src/main.c **** /* USER CODE END PM */
  43:Core/Src/main.c **** 
  44:Core/Src/main.c **** /* Private variables ---------------------------------------------------------*/
  45:Core/Src/main.c **** I2C_HandleTypeDef hi2c1;
  46:Core/Src/main.c **** 
  47:Core/Src/main.c **** SPI_HandleTypeDef hspi1;
  48:Core/Src/main.c **** 
  49:Core/Src/main.c **** UART_HandleTypeDef huart1;
  50:Core/Src/main.c **** UART_HandleTypeDef huart2;
  51:Core/Src/main.c **** UART_HandleTypeDef huart3;
  52:Core/Src/main.c **** 
  53:Core/Src/main.c **** /* USER CODE BEGIN PV */
  54:Core/Src/main.c **** uint64_t RxpipeAddrs = 0x11223344AA;
  55:Core/Src/main.c **** char myRxData[50];
  56:Core/Src/main.c **** char myAckPayload[32] = "Ack by Telecom board";
  57:Core/Src/main.c **** /* USER CODE END PV */
  58:Core/Src/main.c **** 
  59:Core/Src/main.c **** /* Private function prototypes -----------------------------------------------*/
  60:Core/Src/main.c **** void SystemClock_Config(void);
  61:Core/Src/main.c **** static void MX_GPIO_Init(void);
  62:Core/Src/main.c **** static void MX_I2C1_Init(void);
  63:Core/Src/main.c **** static void MX_SPI1_Init(void);
  64:Core/Src/main.c **** static void MX_USART1_UART_Init(void);
  65:Core/Src/main.c **** static void MX_USART3_UART_Init(void);
  66:Core/Src/main.c **** static void MX_USART2_UART_Init(void);
  67:Core/Src/main.c **** /* USER CODE BEGIN PFP */
  68:Core/Src/main.c **** int _write(int file, char *outgoing, int len);
  69:Core/Src/main.c **** /* USER CODE END PFP */
  70:Core/Src/main.c **** 
  71:Core/Src/main.c **** /* Private user code ---------------------------------------------------------*/
  72:Core/Src/main.c **** /* USER CODE BEGIN 0 */
  73:Core/Src/main.c **** 
  74:Core/Src/main.c **** /* USER CODE END 0 */
  75:Core/Src/main.c **** 
  76:Core/Src/main.c **** /**
  77:Core/Src/main.c ****   * @brief  The application entry point.
  78:Core/Src/main.c ****   * @retval int
  79:Core/Src/main.c ****   */
  80:Core/Src/main.c **** int main(void)
  81:Core/Src/main.c **** {
  82:Core/Src/main.c ****   /* USER CODE BEGIN 1 */
  83:Core/Src/main.c **** 
  84:Core/Src/main.c ****   /* USER CODE END 1 */
  85:Core/Src/main.c **** 
  86:Core/Src/main.c ****   /* MCU Configuration--------------------------------------------------------*/
  87:Core/Src/main.c **** 
  88:Core/Src/main.c ****   /* Reset of all peripherals, Initializes the Flash interface and the Systick. */
  89:Core/Src/main.c ****   HAL_Init();
  90:Core/Src/main.c **** 
ARM GAS  C:\Users\sangt\AppData\Local\Temp\cczAJqAh.s 			page 3


  91:Core/Src/main.c ****   /* USER CODE BEGIN Init */
  92:Core/Src/main.c **** 
  93:Core/Src/main.c ****   /* USER CODE END Init */
  94:Core/Src/main.c **** 
  95:Core/Src/main.c ****   /* Configure the system clock */
  96:Core/Src/main.c ****   SystemClock_Config();
  97:Core/Src/main.c **** 
  98:Core/Src/main.c ****   /* USER CODE BEGIN SysInit */
  99:Core/Src/main.c **** 
 100:Core/Src/main.c ****   /* USER CODE END SysInit */
 101:Core/Src/main.c **** 
 102:Core/Src/main.c ****   /* Initialize all configured peripherals */
 103:Core/Src/main.c ****   MX_GPIO_Init();
 104:Core/Src/main.c ****   MX_I2C1_Init();
 105:Core/Src/main.c ****   MX_SPI1_Init();
 106:Core/Src/main.c ****   MX_USART1_UART_Init();
 107:Core/Src/main.c ****   MX_USART3_UART_Init();
 108:Core/Src/main.c ****   MX_USART2_UART_Init();
 109:Core/Src/main.c ****   /* USER CODE BEGIN 2 */
 110:Core/Src/main.c ****   // ssd1306_Init();
 111:Core/Src/main.c ****   // ssd1306_SetCursor(2,0);
 112:Core/Src/main.c ****   // ssd1306_WriteString("Hello World from Drone", Font_6x8, White);
 113:Core/Src/main.c ****   // ssd1306_SetCursor(2,10);
 114:Core/Src/main.c ****   // ssd1306_WriteString("Minh Tham dep gai", Font_6x8, White);
 115:Core/Src/main.c ****   // ssd1306_UpdateScreen();
 116:Core/Src/main.c ****   //Init for the NRF24L01
 117:Core/Src/main.c ****   NRF24_begin(RF_CE_GPIO_Port, RF_CS_Pin, RF_CE_Pin, hspi1);
 118:Core/Src/main.c ****   nrf24_DebugUART_Init(huart3);
 119:Core/Src/main.c ****   NRF24_setAutoAck(true);
 120:Core/Src/main.c ****   NRF24_setChannel(52);
 121:Core/Src/main.c ****   NRF24_setPayloadSize(32);
 122:Core/Src/main.c ****   NRF24_setDataRate(RF24_1MBPS);
 123:Core/Src/main.c ****   NRF24_setPALevel(RF24_PA_0dB);
 124:Core/Src/main.c ****   NRF24_openReadingPipe(1, RxpipeAddrs);
 125:Core/Src/main.c ****   NRF24_enableDynamicPayloads();
 126:Core/Src/main.c ****   NRF24_enableAckPayload();
 127:Core/Src/main.c ****   printRadioSettings();
 128:Core/Src/main.c ****   NRF24_startListening();
 129:Core/Src/main.c ****   /* USER CODE END 2 */
 130:Core/Src/main.c **** 
 131:Core/Src/main.c ****   /* Infinite loop */
 132:Core/Src/main.c ****   /* USER CODE BEGIN WHILE */
 133:Core/Src/main.c ****     while (1) {
 134:Core/Src/main.c ****     /* USER CODE END WHILE */
 135:Core/Src/main.c **** 
 136:Core/Src/main.c ****     /* USER CODE BEGIN 3 */
 137:Core/Src/main.c ****         if(NRF24_available()) {
 138:Core/Src/main.c ****           NRF24_read(myRxData, 32);
 139:Core/Src/main.c ****           NRF24_writeAckPayload(1, myAckPayload, 32);
 140:Core/Src/main.c ****           printf("%s\r\n", myRxData);
 141:Core/Src/main.c ****           memset(myRxData, '\0', 50);
 142:Core/Src/main.c ****           HAL_GPIO_TogglePin(LED4_GPIO_Port, LED1_Pin | LED4_Pin);
 143:Core/Src/main.c ****         }
 144:Core/Src/main.c ****     }
 145:Core/Src/main.c ****   /* USER CODE END 3 */
 146:Core/Src/main.c **** }
 147:Core/Src/main.c **** 
ARM GAS  C:\Users\sangt\AppData\Local\Temp\cczAJqAh.s 			page 4


 148:Core/Src/main.c **** /**
 149:Core/Src/main.c ****   * @brief System Clock Configuration
 150:Core/Src/main.c ****   * @retval None
 151:Core/Src/main.c ****   */
 152:Core/Src/main.c **** void SystemClock_Config(void)
 153:Core/Src/main.c **** {
 154:Core/Src/main.c ****   RCC_OscInitTypeDef RCC_OscInitStruct = {0};
 155:Core/Src/main.c ****   RCC_ClkInitTypeDef RCC_ClkInitStruct = {0};
 156:Core/Src/main.c **** 
 157:Core/Src/main.c ****   /** Initializes the RCC Oscillators according to the specified parameters
 158:Core/Src/main.c ****   * in the RCC_OscInitTypeDef structure.
 159:Core/Src/main.c ****   */
 160:Core/Src/main.c ****   RCC_OscInitStruct.OscillatorType = RCC_OSCILLATORTYPE_HSE;
 161:Core/Src/main.c ****   RCC_OscInitStruct.HSEState = RCC_HSE_ON;
 162:Core/Src/main.c ****   RCC_OscInitStruct.PLL.PLLState = RCC_PLL_ON;
 163:Core/Src/main.c ****   RCC_OscInitStruct.PLL.PLLSource = RCC_PLLSOURCE_HSE;
 164:Core/Src/main.c ****   RCC_OscInitStruct.PLL.PLLM = 8;
 165:Core/Src/main.c ****   RCC_OscInitStruct.PLL.PLLN = 240;
 166:Core/Src/main.c ****   RCC_OscInitStruct.PLL.PLLP = RCC_PLLP_DIV2;
 167:Core/Src/main.c ****   RCC_OscInitStruct.PLL.PLLQ = 4;
 168:Core/Src/main.c ****   if (HAL_RCC_OscConfig(&RCC_OscInitStruct) != HAL_OK)
 169:Core/Src/main.c ****   {
 170:Core/Src/main.c ****     Error_Handler();
 171:Core/Src/main.c ****   }
 172:Core/Src/main.c ****   /** Initializes the CPU, AHB and APB buses clocks
 173:Core/Src/main.c ****   */
 174:Core/Src/main.c ****   RCC_ClkInitStruct.ClockType = RCC_CLOCKTYPE_HCLK|RCC_CLOCKTYPE_SYSCLK
 175:Core/Src/main.c ****                               |RCC_CLOCKTYPE_PCLK1|RCC_CLOCKTYPE_PCLK2;
 176:Core/Src/main.c ****   RCC_ClkInitStruct.SYSCLKSource = RCC_SYSCLKSOURCE_PLLCLK;
 177:Core/Src/main.c ****   RCC_ClkInitStruct.AHBCLKDivider = RCC_SYSCLK_DIV1;
 178:Core/Src/main.c ****   RCC_ClkInitStruct.APB1CLKDivider = RCC_HCLK_DIV4;
 179:Core/Src/main.c ****   RCC_ClkInitStruct.APB2CLKDivider = RCC_HCLK_DIV2;
 180:Core/Src/main.c **** 
 181:Core/Src/main.c ****   if (HAL_RCC_ClockConfig(&RCC_ClkInitStruct, FLASH_LATENCY_3) != HAL_OK)
 182:Core/Src/main.c ****   {
 183:Core/Src/main.c ****     Error_Handler();
 184:Core/Src/main.c ****   }
 185:Core/Src/main.c **** }
 186:Core/Src/main.c **** 
 187:Core/Src/main.c **** /**
 188:Core/Src/main.c ****   * @brief I2C1 Initialization Function
 189:Core/Src/main.c ****   * @param None
 190:Core/Src/main.c ****   * @retval None
 191:Core/Src/main.c ****   */
 192:Core/Src/main.c **** static void MX_I2C1_Init(void)
 193:Core/Src/main.c **** {
 194:Core/Src/main.c **** 
 195:Core/Src/main.c ****   /* USER CODE BEGIN I2C1_Init 0 */
 196:Core/Src/main.c **** 
 197:Core/Src/main.c ****   /* USER CODE END I2C1_Init 0 */
 198:Core/Src/main.c **** 
 199:Core/Src/main.c ****   /* USER CODE BEGIN I2C1_Init 1 */
 200:Core/Src/main.c **** 
 201:Core/Src/main.c ****   /* USER CODE END I2C1_Init 1 */
 202:Core/Src/main.c ****   hi2c1.Instance = I2C1;
 203:Core/Src/main.c ****   hi2c1.Init.ClockSpeed = 100000;
 204:Core/Src/main.c ****   hi2c1.Init.DutyCycle = I2C_DUTYCYCLE_2;
ARM GAS  C:\Users\sangt\AppData\Local\Temp\cczAJqAh.s 			page 5


 205:Core/Src/main.c ****   hi2c1.Init.OwnAddress1 = 0;
 206:Core/Src/main.c ****   hi2c1.Init.AddressingMode = I2C_ADDRESSINGMODE_7BIT;
 207:Core/Src/main.c ****   hi2c1.Init.DualAddressMode = I2C_DUALADDRESS_DISABLE;
 208:Core/Src/main.c ****   hi2c1.Init.OwnAddress2 = 0;
 209:Core/Src/main.c ****   hi2c1.Init.GeneralCallMode = I2C_GENERALCALL_DISABLE;
 210:Core/Src/main.c ****   hi2c1.Init.NoStretchMode = I2C_NOSTRETCH_DISABLE;
 211:Core/Src/main.c ****   if (HAL_I2C_Init(&hi2c1) != HAL_OK)
 212:Core/Src/main.c ****   {
 213:Core/Src/main.c ****     Error_Handler();
 214:Core/Src/main.c ****   }
 215:Core/Src/main.c ****   /* USER CODE BEGIN I2C1_Init 2 */
 216:Core/Src/main.c **** 
 217:Core/Src/main.c ****   /* USER CODE END I2C1_Init 2 */
 218:Core/Src/main.c **** 
 219:Core/Src/main.c **** }
 220:Core/Src/main.c **** 
 221:Core/Src/main.c **** /**
 222:Core/Src/main.c ****   * @brief SPI1 Initialization Function
 223:Core/Src/main.c ****   * @param None
 224:Core/Src/main.c ****   * @retval None
 225:Core/Src/main.c ****   */
 226:Core/Src/main.c **** static void MX_SPI1_Init(void)
 227:Core/Src/main.c **** {
 228:Core/Src/main.c **** 
 229:Core/Src/main.c ****   /* USER CODE BEGIN SPI1_Init 0 */
 230:Core/Src/main.c **** 
 231:Core/Src/main.c ****   /* USER CODE END SPI1_Init 0 */
 232:Core/Src/main.c **** 
 233:Core/Src/main.c ****   /* USER CODE BEGIN SPI1_Init 1 */
 234:Core/Src/main.c **** 
 235:Core/Src/main.c ****   /* USER CODE END SPI1_Init 1 */
 236:Core/Src/main.c ****   /* SPI1 parameter configuration*/
 237:Core/Src/main.c ****   hspi1.Instance = SPI1;
 238:Core/Src/main.c ****   hspi1.Init.Mode = SPI_MODE_MASTER;
 239:Core/Src/main.c ****   hspi1.Init.Direction = SPI_DIRECTION_2LINES;
 240:Core/Src/main.c ****   hspi1.Init.DataSize = SPI_DATASIZE_8BIT;
 241:Core/Src/main.c ****   hspi1.Init.CLKPolarity = SPI_POLARITY_LOW;
 242:Core/Src/main.c ****   hspi1.Init.CLKPhase = SPI_PHASE_1EDGE;
 243:Core/Src/main.c ****   hspi1.Init.NSS = SPI_NSS_SOFT;
 244:Core/Src/main.c ****   hspi1.Init.BaudRatePrescaler = SPI_BAUDRATEPRESCALER_8;
 245:Core/Src/main.c ****   hspi1.Init.FirstBit = SPI_FIRSTBIT_MSB;
 246:Core/Src/main.c ****   hspi1.Init.TIMode = SPI_TIMODE_DISABLE;
 247:Core/Src/main.c ****   hspi1.Init.CRCCalculation = SPI_CRCCALCULATION_DISABLE;
 248:Core/Src/main.c ****   hspi1.Init.CRCPolynomial = 10;
 249:Core/Src/main.c ****   if (HAL_SPI_Init(&hspi1) != HAL_OK)
 250:Core/Src/main.c ****   {
 251:Core/Src/main.c ****     Error_Handler();
 252:Core/Src/main.c ****   }
 253:Core/Src/main.c ****   /* USER CODE BEGIN SPI1_Init 2 */
 254:Core/Src/main.c **** 
 255:Core/Src/main.c ****   /* USER CODE END SPI1_Init 2 */
 256:Core/Src/main.c **** 
 257:Core/Src/main.c **** }
 258:Core/Src/main.c **** 
 259:Core/Src/main.c **** /**
 260:Core/Src/main.c ****   * @brief USART1 Initialization Function
 261:Core/Src/main.c ****   * @param None
ARM GAS  C:\Users\sangt\AppData\Local\Temp\cczAJqAh.s 			page 6


 262:Core/Src/main.c ****   * @retval None
 263:Core/Src/main.c ****   */
 264:Core/Src/main.c **** static void MX_USART1_UART_Init(void)
 265:Core/Src/main.c **** {
 266:Core/Src/main.c **** 
 267:Core/Src/main.c ****   /* USER CODE BEGIN USART1_Init 0 */
 268:Core/Src/main.c **** 
 269:Core/Src/main.c ****   /* USER CODE END USART1_Init 0 */
 270:Core/Src/main.c **** 
 271:Core/Src/main.c ****   /* USER CODE BEGIN USART1_Init 1 */
 272:Core/Src/main.c **** 
 273:Core/Src/main.c ****   /* USER CODE END USART1_Init 1 */
 274:Core/Src/main.c ****   huart1.Instance = USART1;
 275:Core/Src/main.c ****   huart1.Init.BaudRate = 115200;
 276:Core/Src/main.c ****   huart1.Init.WordLength = UART_WORDLENGTH_8B;
 277:Core/Src/main.c ****   huart1.Init.StopBits = UART_STOPBITS_1;
 278:Core/Src/main.c ****   huart1.Init.Parity = UART_PARITY_NONE;
 279:Core/Src/main.c ****   huart1.Init.Mode = UART_MODE_TX_RX;
 280:Core/Src/main.c ****   huart1.Init.HwFlowCtl = UART_HWCONTROL_NONE;
 281:Core/Src/main.c ****   huart1.Init.OverSampling = UART_OVERSAMPLING_16;
 282:Core/Src/main.c ****   if (HAL_UART_Init(&huart1) != HAL_OK)
 283:Core/Src/main.c ****   {
 284:Core/Src/main.c ****     Error_Handler();
 285:Core/Src/main.c ****   }
 286:Core/Src/main.c ****   /* USER CODE BEGIN USART1_Init 2 */
 287:Core/Src/main.c **** 
 288:Core/Src/main.c ****   /* USER CODE END USART1_Init 2 */
 289:Core/Src/main.c **** 
 290:Core/Src/main.c **** }
 291:Core/Src/main.c **** 
 292:Core/Src/main.c **** /**
 293:Core/Src/main.c ****   * @brief USART2 Initialization Function
 294:Core/Src/main.c ****   * @param None
 295:Core/Src/main.c ****   * @retval None
 296:Core/Src/main.c ****   */
 297:Core/Src/main.c **** static void MX_USART2_UART_Init(void)
 298:Core/Src/main.c **** {
 299:Core/Src/main.c **** 
 300:Core/Src/main.c ****   /* USER CODE BEGIN USART2_Init 0 */
 301:Core/Src/main.c **** 
 302:Core/Src/main.c ****   /* USER CODE END USART2_Init 0 */
 303:Core/Src/main.c **** 
 304:Core/Src/main.c ****   /* USER CODE BEGIN USART2_Init 1 */
 305:Core/Src/main.c **** 
 306:Core/Src/main.c ****   /* USER CODE END USART2_Init 1 */
 307:Core/Src/main.c ****   huart2.Instance = USART2;
 308:Core/Src/main.c ****   huart2.Init.BaudRate = 115200;
 309:Core/Src/main.c ****   huart2.Init.WordLength = UART_WORDLENGTH_8B;
 310:Core/Src/main.c ****   huart2.Init.StopBits = UART_STOPBITS_1;
 311:Core/Src/main.c ****   huart2.Init.Parity = UART_PARITY_NONE;
 312:Core/Src/main.c ****   huart2.Init.Mode = UART_MODE_TX_RX;
 313:Core/Src/main.c ****   huart2.Init.HwFlowCtl = UART_HWCONTROL_NONE;
 314:Core/Src/main.c ****   huart2.Init.OverSampling = UART_OVERSAMPLING_16;
 315:Core/Src/main.c ****   if (HAL_UART_Init(&huart2) != HAL_OK)
 316:Core/Src/main.c ****   {
 317:Core/Src/main.c ****     Error_Handler();
 318:Core/Src/main.c ****   }
ARM GAS  C:\Users\sangt\AppData\Local\Temp\cczAJqAh.s 			page 7


 319:Core/Src/main.c ****   /* USER CODE BEGIN USART2_Init 2 */
 320:Core/Src/main.c **** 
 321:Core/Src/main.c ****   /* USER CODE END USART2_Init 2 */
 322:Core/Src/main.c **** 
 323:Core/Src/main.c **** }
 324:Core/Src/main.c **** 
 325:Core/Src/main.c **** /**
 326:Core/Src/main.c ****   * @brief USART3 Initialization Function
 327:Core/Src/main.c ****   * @param None
 328:Core/Src/main.c ****   * @retval None
 329:Core/Src/main.c ****   */
 330:Core/Src/main.c **** static void MX_USART3_UART_Init(void)
 331:Core/Src/main.c **** {
 332:Core/Src/main.c **** 
 333:Core/Src/main.c ****   /* USER CODE BEGIN USART3_Init 0 */
 334:Core/Src/main.c **** 
 335:Core/Src/main.c ****   /* USER CODE END USART3_Init 0 */
 336:Core/Src/main.c **** 
 337:Core/Src/main.c ****   /* USER CODE BEGIN USART3_Init 1 */
 338:Core/Src/main.c **** 
 339:Core/Src/main.c ****   /* USER CODE END USART3_Init 1 */
 340:Core/Src/main.c ****   huart3.Instance = USART3;
 341:Core/Src/main.c ****   huart3.Init.BaudRate = 115200;
 342:Core/Src/main.c ****   huart3.Init.WordLength = UART_WORDLENGTH_8B;
 343:Core/Src/main.c ****   huart3.Init.StopBits = UART_STOPBITS_1;
 344:Core/Src/main.c ****   huart3.Init.Parity = UART_PARITY_NONE;
 345:Core/Src/main.c ****   huart3.Init.Mode = UART_MODE_TX_RX;
 346:Core/Src/main.c ****   huart3.Init.HwFlowCtl = UART_HWCONTROL_NONE;
 347:Core/Src/main.c ****   huart3.Init.OverSampling = UART_OVERSAMPLING_16;
 348:Core/Src/main.c ****   if (HAL_UART_Init(&huart3) != HAL_OK)
 349:Core/Src/main.c ****   {
 350:Core/Src/main.c ****     Error_Handler();
 351:Core/Src/main.c ****   }
 352:Core/Src/main.c ****   /* USER CODE BEGIN USART3_Init 2 */
 353:Core/Src/main.c **** 
 354:Core/Src/main.c ****   /* USER CODE END USART3_Init 2 */
 355:Core/Src/main.c **** 
 356:Core/Src/main.c **** }
 357:Core/Src/main.c **** 
 358:Core/Src/main.c **** /**
 359:Core/Src/main.c ****   * @brief GPIO Initialization Function
 360:Core/Src/main.c ****   * @param None
 361:Core/Src/main.c ****   * @retval None
 362:Core/Src/main.c ****   */
 363:Core/Src/main.c **** static void MX_GPIO_Init(void)
 364:Core/Src/main.c **** {
  26              		.loc 1 364 1 view -0
  27              		.cfi_startproc
  28              		@ args = 0, pretend = 0, frame = 32
  29              		@ frame_needed = 0, uses_anonymous_args = 0
  30 0000 F0B5     		push	{r4, r5, r6, r7, lr}
  31              	.LCFI0:
  32              		.cfi_def_cfa_offset 20
  33              		.cfi_offset 4, -20
  34              		.cfi_offset 5, -16
  35              		.cfi_offset 6, -12
  36              		.cfi_offset 7, -8
ARM GAS  C:\Users\sangt\AppData\Local\Temp\cczAJqAh.s 			page 8


  37              		.cfi_offset 14, -4
  38 0002 89B0     		sub	sp, sp, #36
  39              	.LCFI1:
  40              		.cfi_def_cfa_offset 56
 365:Core/Src/main.c ****   GPIO_InitTypeDef GPIO_InitStruct = {0};
  41              		.loc 1 365 3 view .LVU1
  42              		.loc 1 365 20 is_stmt 0 view .LVU2
  43 0004 0024     		movs	r4, #0
  44 0006 0394     		str	r4, [sp, #12]
  45 0008 0494     		str	r4, [sp, #16]
  46 000a 0594     		str	r4, [sp, #20]
  47 000c 0694     		str	r4, [sp, #24]
  48 000e 0794     		str	r4, [sp, #28]
 366:Core/Src/main.c **** 
 367:Core/Src/main.c ****   /* GPIO Ports Clock Enable */
 368:Core/Src/main.c ****   __HAL_RCC_GPIOH_CLK_ENABLE();
  49              		.loc 1 368 3 is_stmt 1 view .LVU3
  50              	.LBB4:
  51              		.loc 1 368 3 view .LVU4
  52 0010 0094     		str	r4, [sp]
  53              		.loc 1 368 3 view .LVU5
  54 0012 214B     		ldr	r3, .L3
  55 0014 1A6B     		ldr	r2, [r3, #48]
  56 0016 42F08002 		orr	r2, r2, #128
  57 001a 1A63     		str	r2, [r3, #48]
  58              		.loc 1 368 3 view .LVU6
  59 001c 1A6B     		ldr	r2, [r3, #48]
  60 001e 02F08002 		and	r2, r2, #128
  61 0022 0092     		str	r2, [sp]
  62              		.loc 1 368 3 view .LVU7
  63 0024 009A     		ldr	r2, [sp]
  64              	.LBE4:
  65              		.loc 1 368 3 view .LVU8
 369:Core/Src/main.c ****   __HAL_RCC_GPIOA_CLK_ENABLE();
  66              		.loc 1 369 3 view .LVU9
  67              	.LBB5:
  68              		.loc 1 369 3 view .LVU10
  69 0026 0194     		str	r4, [sp, #4]
  70              		.loc 1 369 3 view .LVU11
  71 0028 1A6B     		ldr	r2, [r3, #48]
  72 002a 42F00102 		orr	r2, r2, #1
  73 002e 1A63     		str	r2, [r3, #48]
  74              		.loc 1 369 3 view .LVU12
  75 0030 1A6B     		ldr	r2, [r3, #48]
  76 0032 02F00102 		and	r2, r2, #1
  77 0036 0192     		str	r2, [sp, #4]
  78              		.loc 1 369 3 view .LVU13
  79 0038 019A     		ldr	r2, [sp, #4]
  80              	.LBE5:
  81              		.loc 1 369 3 view .LVU14
 370:Core/Src/main.c ****   __HAL_RCC_GPIOB_CLK_ENABLE();
  82              		.loc 1 370 3 view .LVU15
  83              	.LBB6:
  84              		.loc 1 370 3 view .LVU16
  85 003a 0294     		str	r4, [sp, #8]
  86              		.loc 1 370 3 view .LVU17
  87 003c 1A6B     		ldr	r2, [r3, #48]
ARM GAS  C:\Users\sangt\AppData\Local\Temp\cczAJqAh.s 			page 9


  88 003e 42F00202 		orr	r2, r2, #2
  89 0042 1A63     		str	r2, [r3, #48]
  90              		.loc 1 370 3 view .LVU18
  91 0044 1B6B     		ldr	r3, [r3, #48]
  92 0046 03F00203 		and	r3, r3, #2
  93 004a 0293     		str	r3, [sp, #8]
  94              		.loc 1 370 3 view .LVU19
  95 004c 029B     		ldr	r3, [sp, #8]
  96              	.LBE6:
  97              		.loc 1 370 3 view .LVU20
 371:Core/Src/main.c **** 
 372:Core/Src/main.c ****   /*Configure GPIO pin Output Level */
 373:Core/Src/main.c ****   HAL_GPIO_WritePin(GPIOA, RF_CS_Pin|RF_CE_Pin|BUZZ_Pin|NEOPIXEL_Pin, GPIO_PIN_RESET);
  98              		.loc 1 373 3 view .LVU21
  99 004e 134F     		ldr	r7, .L3+4
 100 0050 2246     		mov	r2, r4
 101 0052 48F61011 		movw	r1, #35088
 102 0056 3846     		mov	r0, r7
 103 0058 FFF7FEFF 		bl	HAL_GPIO_WritePin
 104              	.LVL0:
 374:Core/Src/main.c **** 
 375:Core/Src/main.c ****   /*Configure GPIO pin Output Level */
 376:Core/Src/main.c ****   HAL_GPIO_WritePin(GPIOB, TEL_4G_IO_Pin|LED1_Pin|LED2_Pin|LED3_Pin
 105              		.loc 1 376 3 view .LVU22
 106 005c 104D     		ldr	r5, .L3+8
 107 005e 2246     		mov	r2, r4
 108 0060 4FF23A01 		movw	r1, #61498
 109 0064 2846     		mov	r0, r5
 110 0066 FFF7FEFF 		bl	HAL_GPIO_WritePin
 111              	.LVL1:
 377:Core/Src/main.c ****                           |LED4_Pin|BTN1_Pin|BTN2_Pin|BTN3_Pin, GPIO_PIN_RESET);
 378:Core/Src/main.c **** 
 379:Core/Src/main.c ****   /*Configure GPIO pins : RF_CS_Pin RF_CE_Pin BUZZ_Pin NEOPIXEL_Pin */
 380:Core/Src/main.c ****   GPIO_InitStruct.Pin = RF_CS_Pin|RF_CE_Pin|BUZZ_Pin|NEOPIXEL_Pin;
 112              		.loc 1 380 3 view .LVU23
 113              		.loc 1 380 23 is_stmt 0 view .LVU24
 114 006a 48F61013 		movw	r3, #35088
 115 006e 0393     		str	r3, [sp, #12]
 381:Core/Src/main.c ****   GPIO_InitStruct.Mode = GPIO_MODE_OUTPUT_PP;
 116              		.loc 1 381 3 is_stmt 1 view .LVU25
 117              		.loc 1 381 24 is_stmt 0 view .LVU26
 118 0070 0126     		movs	r6, #1
 119 0072 0496     		str	r6, [sp, #16]
 382:Core/Src/main.c ****   GPIO_InitStruct.Pull = GPIO_NOPULL;
 120              		.loc 1 382 3 is_stmt 1 view .LVU27
 121              		.loc 1 382 24 is_stmt 0 view .LVU28
 122 0074 0594     		str	r4, [sp, #20]
 383:Core/Src/main.c ****   GPIO_InitStruct.Speed = GPIO_SPEED_FREQ_LOW;
 123              		.loc 1 383 3 is_stmt 1 view .LVU29
 124              		.loc 1 383 25 is_stmt 0 view .LVU30
 125 0076 0694     		str	r4, [sp, #24]
 384:Core/Src/main.c ****   HAL_GPIO_Init(GPIOA, &GPIO_InitStruct);
 126              		.loc 1 384 3 is_stmt 1 view .LVU31
 127 0078 03A9     		add	r1, sp, #12
 128 007a 3846     		mov	r0, r7
 129 007c FFF7FEFF 		bl	HAL_GPIO_Init
 130              	.LVL2:
ARM GAS  C:\Users\sangt\AppData\Local\Temp\cczAJqAh.s 			page 10


 385:Core/Src/main.c **** 
 386:Core/Src/main.c ****   /*Configure GPIO pins : TEL_4G_IO_Pin LED1_Pin LED2_Pin LED3_Pin
 387:Core/Src/main.c ****                            LED4_Pin BTN1_Pin BTN2_Pin BTN3_Pin */
 388:Core/Src/main.c ****   GPIO_InitStruct.Pin = TEL_4G_IO_Pin|LED1_Pin|LED2_Pin|LED3_Pin
 131              		.loc 1 388 3 view .LVU32
 132              		.loc 1 388 23 is_stmt 0 view .LVU33
 133 0080 4FF23A03 		movw	r3, #61498
 134 0084 0393     		str	r3, [sp, #12]
 389:Core/Src/main.c ****                           |LED4_Pin|BTN1_Pin|BTN2_Pin|BTN3_Pin;
 390:Core/Src/main.c ****   GPIO_InitStruct.Mode = GPIO_MODE_OUTPUT_PP;
 135              		.loc 1 390 3 is_stmt 1 view .LVU34
 136              		.loc 1 390 24 is_stmt 0 view .LVU35
 137 0086 0496     		str	r6, [sp, #16]
 391:Core/Src/main.c ****   GPIO_InitStruct.Pull = GPIO_NOPULL;
 138              		.loc 1 391 3 is_stmt 1 view .LVU36
 139              		.loc 1 391 24 is_stmt 0 view .LVU37
 140 0088 0594     		str	r4, [sp, #20]
 392:Core/Src/main.c ****   GPIO_InitStruct.Speed = GPIO_SPEED_FREQ_LOW;
 141              		.loc 1 392 3 is_stmt 1 view .LVU38
 142              		.loc 1 392 25 is_stmt 0 view .LVU39
 143 008a 0694     		str	r4, [sp, #24]
 393:Core/Src/main.c ****   HAL_GPIO_Init(GPIOB, &GPIO_InitStruct);
 144              		.loc 1 393 3 is_stmt 1 view .LVU40
 145 008c 03A9     		add	r1, sp, #12
 146 008e 2846     		mov	r0, r5
 147 0090 FFF7FEFF 		bl	HAL_GPIO_Init
 148              	.LVL3:
 394:Core/Src/main.c **** 
 395:Core/Src/main.c **** }
 149              		.loc 1 395 1 is_stmt 0 view .LVU41
 150 0094 09B0     		add	sp, sp, #36
 151              	.LCFI2:
 152              		.cfi_def_cfa_offset 20
 153              		@ sp needed
 154 0096 F0BD     		pop	{r4, r5, r6, r7, pc}
 155              	.L4:
 156              		.align	2
 157              	.L3:
 158 0098 00380240 		.word	1073887232
 159 009c 00000240 		.word	1073872896
 160 00a0 00040240 		.word	1073873920
 161              		.cfi_endproc
 162              	.LFE82:
 164              		.section	.text._write,"ax",%progbits
 165              		.align	1
 166              		.global	_write
 167              		.syntax unified
 168              		.thumb
 169              		.thumb_func
 171              	_write:
 172              	.LVL4:
 173              	.LFB83:
 396:Core/Src/main.c **** 
 397:Core/Src/main.c **** /* USER CODE BEGIN 4 */
 398:Core/Src/main.c **** int _write(int file, char *outgoing, int len) {
 174              		.loc 1 398 47 is_stmt 1 view -0
 175              		.cfi_startproc
ARM GAS  C:\Users\sangt\AppData\Local\Temp\cczAJqAh.s 			page 11


 176              		@ args = 0, pretend = 0, frame = 0
 177              		@ frame_needed = 0, uses_anonymous_args = 0
 178              		.loc 1 398 47 is_stmt 0 view .LVU43
 179 0000 10B5     		push	{r4, lr}
 180              	.LCFI3:
 181              		.cfi_def_cfa_offset 8
 182              		.cfi_offset 4, -8
 183              		.cfi_offset 14, -4
 184 0002 1446     		mov	r4, r2
 399:Core/Src/main.c ****     HAL_UART_Transmit(&huart3, (uint8_t *)outgoing, len, 100);
 185              		.loc 1 399 5 is_stmt 1 view .LVU44
 186 0004 6423     		movs	r3, #100
 187 0006 92B2     		uxth	r2, r2
 188              	.LVL5:
 189              		.loc 1 399 5 is_stmt 0 view .LVU45
 190 0008 0248     		ldr	r0, .L7
 191              	.LVL6:
 192              		.loc 1 399 5 view .LVU46
 193 000a FFF7FEFF 		bl	HAL_UART_Transmit
 194              	.LVL7:
 400:Core/Src/main.c ****     return len;
 195              		.loc 1 400 5 is_stmt 1 view .LVU47
 401:Core/Src/main.c **** }
 196              		.loc 1 401 1 is_stmt 0 view .LVU48
 197 000e 2046     		mov	r0, r4
 198 0010 10BD     		pop	{r4, pc}
 199              	.LVL8:
 200              	.L8:
 201              		.loc 1 401 1 view .LVU49
 202 0012 00BF     		.align	2
 203              	.L7:
 204 0014 00000000 		.word	.LANCHOR0
 205              		.cfi_endproc
 206              	.LFE83:
 208              		.section	.text.Error_Handler,"ax",%progbits
 209              		.align	1
 210              		.global	Error_Handler
 211              		.syntax unified
 212              		.thumb
 213              		.thumb_func
 215              	Error_Handler:
 216              	.LFB84:
 402:Core/Src/main.c **** /* USER CODE END 4 */
 403:Core/Src/main.c **** 
 404:Core/Src/main.c **** /**
 405:Core/Src/main.c ****   * @brief  This function is executed in case of error occurrence.
 406:Core/Src/main.c ****   * @retval None
 407:Core/Src/main.c ****   */
 408:Core/Src/main.c **** void Error_Handler(void)
 409:Core/Src/main.c **** {
 217              		.loc 1 409 1 is_stmt 1 view -0
 218              		.cfi_startproc
 219              		@ Volatile: function does not return.
 220              		@ args = 0, pretend = 0, frame = 0
 221              		@ frame_needed = 0, uses_anonymous_args = 0
 222              		@ link register save eliminated.
 410:Core/Src/main.c ****   /* USER CODE BEGIN Error_Handler_Debug */
ARM GAS  C:\Users\sangt\AppData\Local\Temp\cczAJqAh.s 			page 12


 411:Core/Src/main.c ****     /* User can add his own implementation to report the HAL error return state
 412:Core/Src/main.c ****      */
 413:Core/Src/main.c ****     __disable_irq();
 223              		.loc 1 413 5 view .LVU51
 224              	.LBB7:
 225              	.LBI7:
 226              		.file 2 "Drivers/CMSIS/Include/cmsis_gcc.h"
   1:Drivers/CMSIS/Include/cmsis_gcc.h **** /**************************************************************************//**
   2:Drivers/CMSIS/Include/cmsis_gcc.h ****  * @file     cmsis_gcc.h
   3:Drivers/CMSIS/Include/cmsis_gcc.h ****  * @brief    CMSIS compiler GCC header file
   4:Drivers/CMSIS/Include/cmsis_gcc.h ****  * @version  V5.0.4
   5:Drivers/CMSIS/Include/cmsis_gcc.h ****  * @date     09. April 2018
   6:Drivers/CMSIS/Include/cmsis_gcc.h ****  ******************************************************************************/
   7:Drivers/CMSIS/Include/cmsis_gcc.h **** /*
   8:Drivers/CMSIS/Include/cmsis_gcc.h ****  * Copyright (c) 2009-2018 Arm Limited. All rights reserved.
   9:Drivers/CMSIS/Include/cmsis_gcc.h ****  *
  10:Drivers/CMSIS/Include/cmsis_gcc.h ****  * SPDX-License-Identifier: Apache-2.0
  11:Drivers/CMSIS/Include/cmsis_gcc.h ****  *
  12:Drivers/CMSIS/Include/cmsis_gcc.h ****  * Licensed under the Apache License, Version 2.0 (the License); you may
  13:Drivers/CMSIS/Include/cmsis_gcc.h ****  * not use this file except in compliance with the License.
  14:Drivers/CMSIS/Include/cmsis_gcc.h ****  * You may obtain a copy of the License at
  15:Drivers/CMSIS/Include/cmsis_gcc.h ****  *
  16:Drivers/CMSIS/Include/cmsis_gcc.h ****  * www.apache.org/licenses/LICENSE-2.0
  17:Drivers/CMSIS/Include/cmsis_gcc.h ****  *
  18:Drivers/CMSIS/Include/cmsis_gcc.h ****  * Unless required by applicable law or agreed to in writing, software
  19:Drivers/CMSIS/Include/cmsis_gcc.h ****  * distributed under the License is distributed on an AS IS BASIS, WITHOUT
  20:Drivers/CMSIS/Include/cmsis_gcc.h ****  * WARRANTIES OR CONDITIONS OF ANY KIND, either express or implied.
  21:Drivers/CMSIS/Include/cmsis_gcc.h ****  * See the License for the specific language governing permissions and
  22:Drivers/CMSIS/Include/cmsis_gcc.h ****  * limitations under the License.
  23:Drivers/CMSIS/Include/cmsis_gcc.h ****  */
  24:Drivers/CMSIS/Include/cmsis_gcc.h **** 
  25:Drivers/CMSIS/Include/cmsis_gcc.h **** #ifndef __CMSIS_GCC_H
  26:Drivers/CMSIS/Include/cmsis_gcc.h **** #define __CMSIS_GCC_H
  27:Drivers/CMSIS/Include/cmsis_gcc.h **** 
  28:Drivers/CMSIS/Include/cmsis_gcc.h **** /* ignore some GCC warnings */
  29:Drivers/CMSIS/Include/cmsis_gcc.h **** #pragma GCC diagnostic push
  30:Drivers/CMSIS/Include/cmsis_gcc.h **** #pragma GCC diagnostic ignored "-Wsign-conversion"
  31:Drivers/CMSIS/Include/cmsis_gcc.h **** #pragma GCC diagnostic ignored "-Wconversion"
  32:Drivers/CMSIS/Include/cmsis_gcc.h **** #pragma GCC diagnostic ignored "-Wunused-parameter"
  33:Drivers/CMSIS/Include/cmsis_gcc.h **** 
  34:Drivers/CMSIS/Include/cmsis_gcc.h **** /* Fallback for __has_builtin */
  35:Drivers/CMSIS/Include/cmsis_gcc.h **** #ifndef __has_builtin
  36:Drivers/CMSIS/Include/cmsis_gcc.h ****   #define __has_builtin(x) (0)
  37:Drivers/CMSIS/Include/cmsis_gcc.h **** #endif
  38:Drivers/CMSIS/Include/cmsis_gcc.h **** 
  39:Drivers/CMSIS/Include/cmsis_gcc.h **** /* CMSIS compiler specific defines */
  40:Drivers/CMSIS/Include/cmsis_gcc.h **** #ifndef   __ASM
  41:Drivers/CMSIS/Include/cmsis_gcc.h ****   #define __ASM                                  __asm
  42:Drivers/CMSIS/Include/cmsis_gcc.h **** #endif
  43:Drivers/CMSIS/Include/cmsis_gcc.h **** #ifndef   __INLINE
  44:Drivers/CMSIS/Include/cmsis_gcc.h ****   #define __INLINE                               inline
  45:Drivers/CMSIS/Include/cmsis_gcc.h **** #endif
  46:Drivers/CMSIS/Include/cmsis_gcc.h **** #ifndef   __STATIC_INLINE
  47:Drivers/CMSIS/Include/cmsis_gcc.h ****   #define __STATIC_INLINE                        static inline
  48:Drivers/CMSIS/Include/cmsis_gcc.h **** #endif
  49:Drivers/CMSIS/Include/cmsis_gcc.h **** #ifndef   __STATIC_FORCEINLINE                 
  50:Drivers/CMSIS/Include/cmsis_gcc.h ****   #define __STATIC_FORCEINLINE                   __attribute__((always_inline)) static inline
ARM GAS  C:\Users\sangt\AppData\Local\Temp\cczAJqAh.s 			page 13


  51:Drivers/CMSIS/Include/cmsis_gcc.h **** #endif                                           
  52:Drivers/CMSIS/Include/cmsis_gcc.h **** #ifndef   __NO_RETURN
  53:Drivers/CMSIS/Include/cmsis_gcc.h ****   #define __NO_RETURN                            __attribute__((__noreturn__))
  54:Drivers/CMSIS/Include/cmsis_gcc.h **** #endif
  55:Drivers/CMSIS/Include/cmsis_gcc.h **** #ifndef   __USED
  56:Drivers/CMSIS/Include/cmsis_gcc.h ****   #define __USED                                 __attribute__((used))
  57:Drivers/CMSIS/Include/cmsis_gcc.h **** #endif
  58:Drivers/CMSIS/Include/cmsis_gcc.h **** #ifndef   __WEAK
  59:Drivers/CMSIS/Include/cmsis_gcc.h ****   #define __WEAK                                 __attribute__((weak))
  60:Drivers/CMSIS/Include/cmsis_gcc.h **** #endif
  61:Drivers/CMSIS/Include/cmsis_gcc.h **** #ifndef   __PACKED
  62:Drivers/CMSIS/Include/cmsis_gcc.h ****   #define __PACKED                               __attribute__((packed, aligned(1)))
  63:Drivers/CMSIS/Include/cmsis_gcc.h **** #endif
  64:Drivers/CMSIS/Include/cmsis_gcc.h **** #ifndef   __PACKED_STRUCT
  65:Drivers/CMSIS/Include/cmsis_gcc.h ****   #define __PACKED_STRUCT                        struct __attribute__((packed, aligned(1)))
  66:Drivers/CMSIS/Include/cmsis_gcc.h **** #endif
  67:Drivers/CMSIS/Include/cmsis_gcc.h **** #ifndef   __PACKED_UNION
  68:Drivers/CMSIS/Include/cmsis_gcc.h ****   #define __PACKED_UNION                         union __attribute__((packed, aligned(1)))
  69:Drivers/CMSIS/Include/cmsis_gcc.h **** #endif
  70:Drivers/CMSIS/Include/cmsis_gcc.h **** #ifndef   __UNALIGNED_UINT32        /* deprecated */
  71:Drivers/CMSIS/Include/cmsis_gcc.h ****   #pragma GCC diagnostic push
  72:Drivers/CMSIS/Include/cmsis_gcc.h ****   #pragma GCC diagnostic ignored "-Wpacked"
  73:Drivers/CMSIS/Include/cmsis_gcc.h ****   #pragma GCC diagnostic ignored "-Wattributes"
  74:Drivers/CMSIS/Include/cmsis_gcc.h ****   struct __attribute__((packed)) T_UINT32 { uint32_t v; };
  75:Drivers/CMSIS/Include/cmsis_gcc.h ****   #pragma GCC diagnostic pop
  76:Drivers/CMSIS/Include/cmsis_gcc.h ****   #define __UNALIGNED_UINT32(x)                  (((struct T_UINT32 *)(x))->v)
  77:Drivers/CMSIS/Include/cmsis_gcc.h **** #endif
  78:Drivers/CMSIS/Include/cmsis_gcc.h **** #ifndef   __UNALIGNED_UINT16_WRITE
  79:Drivers/CMSIS/Include/cmsis_gcc.h ****   #pragma GCC diagnostic push
  80:Drivers/CMSIS/Include/cmsis_gcc.h ****   #pragma GCC diagnostic ignored "-Wpacked"
  81:Drivers/CMSIS/Include/cmsis_gcc.h ****   #pragma GCC diagnostic ignored "-Wattributes"
  82:Drivers/CMSIS/Include/cmsis_gcc.h ****   __PACKED_STRUCT T_UINT16_WRITE { uint16_t v; };
  83:Drivers/CMSIS/Include/cmsis_gcc.h ****   #pragma GCC diagnostic pop
  84:Drivers/CMSIS/Include/cmsis_gcc.h ****   #define __UNALIGNED_UINT16_WRITE(addr, val)    (void)((((struct T_UINT16_WRITE *)(void *)(addr))-
  85:Drivers/CMSIS/Include/cmsis_gcc.h **** #endif
  86:Drivers/CMSIS/Include/cmsis_gcc.h **** #ifndef   __UNALIGNED_UINT16_READ
  87:Drivers/CMSIS/Include/cmsis_gcc.h ****   #pragma GCC diagnostic push
  88:Drivers/CMSIS/Include/cmsis_gcc.h ****   #pragma GCC diagnostic ignored "-Wpacked"
  89:Drivers/CMSIS/Include/cmsis_gcc.h ****   #pragma GCC diagnostic ignored "-Wattributes"
  90:Drivers/CMSIS/Include/cmsis_gcc.h ****   __PACKED_STRUCT T_UINT16_READ { uint16_t v; };
  91:Drivers/CMSIS/Include/cmsis_gcc.h ****   #pragma GCC diagnostic pop
  92:Drivers/CMSIS/Include/cmsis_gcc.h ****   #define __UNALIGNED_UINT16_READ(addr)          (((const struct T_UINT16_READ *)(const void *)(add
  93:Drivers/CMSIS/Include/cmsis_gcc.h **** #endif
  94:Drivers/CMSIS/Include/cmsis_gcc.h **** #ifndef   __UNALIGNED_UINT32_WRITE
  95:Drivers/CMSIS/Include/cmsis_gcc.h ****   #pragma GCC diagnostic push
  96:Drivers/CMSIS/Include/cmsis_gcc.h ****   #pragma GCC diagnostic ignored "-Wpacked"
  97:Drivers/CMSIS/Include/cmsis_gcc.h ****   #pragma GCC diagnostic ignored "-Wattributes"
  98:Drivers/CMSIS/Include/cmsis_gcc.h ****   __PACKED_STRUCT T_UINT32_WRITE { uint32_t v; };
  99:Drivers/CMSIS/Include/cmsis_gcc.h ****   #pragma GCC diagnostic pop
 100:Drivers/CMSIS/Include/cmsis_gcc.h ****   #define __UNALIGNED_UINT32_WRITE(addr, val)    (void)((((struct T_UINT32_WRITE *)(void *)(addr))-
 101:Drivers/CMSIS/Include/cmsis_gcc.h **** #endif
 102:Drivers/CMSIS/Include/cmsis_gcc.h **** #ifndef   __UNALIGNED_UINT32_READ
 103:Drivers/CMSIS/Include/cmsis_gcc.h ****   #pragma GCC diagnostic push
 104:Drivers/CMSIS/Include/cmsis_gcc.h ****   #pragma GCC diagnostic ignored "-Wpacked"
 105:Drivers/CMSIS/Include/cmsis_gcc.h ****   #pragma GCC diagnostic ignored "-Wattributes"
 106:Drivers/CMSIS/Include/cmsis_gcc.h ****   __PACKED_STRUCT T_UINT32_READ { uint32_t v; };
 107:Drivers/CMSIS/Include/cmsis_gcc.h ****   #pragma GCC diagnostic pop
ARM GAS  C:\Users\sangt\AppData\Local\Temp\cczAJqAh.s 			page 14


 108:Drivers/CMSIS/Include/cmsis_gcc.h ****   #define __UNALIGNED_UINT32_READ(addr)          (((const struct T_UINT32_READ *)(const void *)(add
 109:Drivers/CMSIS/Include/cmsis_gcc.h **** #endif
 110:Drivers/CMSIS/Include/cmsis_gcc.h **** #ifndef   __ALIGNED
 111:Drivers/CMSIS/Include/cmsis_gcc.h ****   #define __ALIGNED(x)                           __attribute__((aligned(x)))
 112:Drivers/CMSIS/Include/cmsis_gcc.h **** #endif
 113:Drivers/CMSIS/Include/cmsis_gcc.h **** #ifndef   __RESTRICT
 114:Drivers/CMSIS/Include/cmsis_gcc.h ****   #define __RESTRICT                             __restrict
 115:Drivers/CMSIS/Include/cmsis_gcc.h **** #endif
 116:Drivers/CMSIS/Include/cmsis_gcc.h **** 
 117:Drivers/CMSIS/Include/cmsis_gcc.h **** 
 118:Drivers/CMSIS/Include/cmsis_gcc.h **** /* ###########################  Core Function Access  ########################### */
 119:Drivers/CMSIS/Include/cmsis_gcc.h **** /** \ingroup  CMSIS_Core_FunctionInterface
 120:Drivers/CMSIS/Include/cmsis_gcc.h ****     \defgroup CMSIS_Core_RegAccFunctions CMSIS Core Register Access Functions
 121:Drivers/CMSIS/Include/cmsis_gcc.h ****   @{
 122:Drivers/CMSIS/Include/cmsis_gcc.h ****  */
 123:Drivers/CMSIS/Include/cmsis_gcc.h **** 
 124:Drivers/CMSIS/Include/cmsis_gcc.h **** /**
 125:Drivers/CMSIS/Include/cmsis_gcc.h ****   \brief   Enable IRQ Interrupts
 126:Drivers/CMSIS/Include/cmsis_gcc.h ****   \details Enables IRQ interrupts by clearing the I-bit in the CPSR.
 127:Drivers/CMSIS/Include/cmsis_gcc.h ****            Can only be executed in Privileged modes.
 128:Drivers/CMSIS/Include/cmsis_gcc.h ****  */
 129:Drivers/CMSIS/Include/cmsis_gcc.h **** __STATIC_FORCEINLINE void __enable_irq(void)
 130:Drivers/CMSIS/Include/cmsis_gcc.h **** {
 131:Drivers/CMSIS/Include/cmsis_gcc.h ****   __ASM volatile ("cpsie i" : : : "memory");
 132:Drivers/CMSIS/Include/cmsis_gcc.h **** }
 133:Drivers/CMSIS/Include/cmsis_gcc.h **** 
 134:Drivers/CMSIS/Include/cmsis_gcc.h **** 
 135:Drivers/CMSIS/Include/cmsis_gcc.h **** /**
 136:Drivers/CMSIS/Include/cmsis_gcc.h ****   \brief   Disable IRQ Interrupts
 137:Drivers/CMSIS/Include/cmsis_gcc.h ****   \details Disables IRQ interrupts by setting the I-bit in the CPSR.
 138:Drivers/CMSIS/Include/cmsis_gcc.h ****            Can only be executed in Privileged modes.
 139:Drivers/CMSIS/Include/cmsis_gcc.h ****  */
 140:Drivers/CMSIS/Include/cmsis_gcc.h **** __STATIC_FORCEINLINE void __disable_irq(void)
 227              		.loc 2 140 27 view .LVU52
 228              	.LBB8:
 141:Drivers/CMSIS/Include/cmsis_gcc.h **** {
 142:Drivers/CMSIS/Include/cmsis_gcc.h ****   __ASM volatile ("cpsid i" : : : "memory");
 229              		.loc 2 142 3 view .LVU53
 230              		.syntax unified
 231              	@ 142 "Drivers/CMSIS/Include/cmsis_gcc.h" 1
 232 0000 72B6     		cpsid i
 233              	@ 0 "" 2
 234              		.thumb
 235              		.syntax unified
 236              	.L10:
 237              	.LBE8:
 238              	.LBE7:
 414:Core/Src/main.c ****     while (1) {
 239              		.loc 1 414 5 discriminator 1 view .LVU54
 415:Core/Src/main.c ****     }
 240              		.loc 1 415 5 discriminator 1 view .LVU55
 414:Core/Src/main.c ****     while (1) {
 241              		.loc 1 414 11 discriminator 1 view .LVU56
 242 0002 FEE7     		b	.L10
 243              		.cfi_endproc
 244              	.LFE84:
 246              		.section	.text.MX_I2C1_Init,"ax",%progbits
ARM GAS  C:\Users\sangt\AppData\Local\Temp\cczAJqAh.s 			page 15


 247              		.align	1
 248              		.syntax unified
 249              		.thumb
 250              		.thumb_func
 252              	MX_I2C1_Init:
 253              	.LFB77:
 193:Core/Src/main.c **** 
 254              		.loc 1 193 1 view -0
 255              		.cfi_startproc
 256              		@ args = 0, pretend = 0, frame = 0
 257              		@ frame_needed = 0, uses_anonymous_args = 0
 258 0000 08B5     		push	{r3, lr}
 259              	.LCFI4:
 260              		.cfi_def_cfa_offset 8
 261              		.cfi_offset 3, -8
 262              		.cfi_offset 14, -4
 202:Core/Src/main.c ****   hi2c1.Init.ClockSpeed = 100000;
 263              		.loc 1 202 3 view .LVU58
 202:Core/Src/main.c ****   hi2c1.Init.ClockSpeed = 100000;
 264              		.loc 1 202 18 is_stmt 0 view .LVU59
 265 0002 0A48     		ldr	r0, .L15
 266 0004 0A4B     		ldr	r3, .L15+4
 267 0006 0360     		str	r3, [r0]
 203:Core/Src/main.c ****   hi2c1.Init.DutyCycle = I2C_DUTYCYCLE_2;
 268              		.loc 1 203 3 is_stmt 1 view .LVU60
 203:Core/Src/main.c ****   hi2c1.Init.DutyCycle = I2C_DUTYCYCLE_2;
 269              		.loc 1 203 25 is_stmt 0 view .LVU61
 270 0008 0A4B     		ldr	r3, .L15+8
 271 000a 4360     		str	r3, [r0, #4]
 204:Core/Src/main.c ****   hi2c1.Init.OwnAddress1 = 0;
 272              		.loc 1 204 3 is_stmt 1 view .LVU62
 204:Core/Src/main.c ****   hi2c1.Init.OwnAddress1 = 0;
 273              		.loc 1 204 24 is_stmt 0 view .LVU63
 274 000c 0023     		movs	r3, #0
 275 000e 8360     		str	r3, [r0, #8]
 205:Core/Src/main.c ****   hi2c1.Init.AddressingMode = I2C_ADDRESSINGMODE_7BIT;
 276              		.loc 1 205 3 is_stmt 1 view .LVU64
 205:Core/Src/main.c ****   hi2c1.Init.AddressingMode = I2C_ADDRESSINGMODE_7BIT;
 277              		.loc 1 205 26 is_stmt 0 view .LVU65
 278 0010 C360     		str	r3, [r0, #12]
 206:Core/Src/main.c ****   hi2c1.Init.DualAddressMode = I2C_DUALADDRESS_DISABLE;
 279              		.loc 1 206 3 is_stmt 1 view .LVU66
 206:Core/Src/main.c ****   hi2c1.Init.DualAddressMode = I2C_DUALADDRESS_DISABLE;
 280              		.loc 1 206 29 is_stmt 0 view .LVU67
 281 0012 4FF48042 		mov	r2, #16384
 282 0016 0261     		str	r2, [r0, #16]
 207:Core/Src/main.c ****   hi2c1.Init.OwnAddress2 = 0;
 283              		.loc 1 207 3 is_stmt 1 view .LVU68
 207:Core/Src/main.c ****   hi2c1.Init.OwnAddress2 = 0;
 284              		.loc 1 207 30 is_stmt 0 view .LVU69
 285 0018 4361     		str	r3, [r0, #20]
 208:Core/Src/main.c ****   hi2c1.Init.GeneralCallMode = I2C_GENERALCALL_DISABLE;
 286              		.loc 1 208 3 is_stmt 1 view .LVU70
 208:Core/Src/main.c ****   hi2c1.Init.GeneralCallMode = I2C_GENERALCALL_DISABLE;
 287              		.loc 1 208 26 is_stmt 0 view .LVU71
 288 001a 8361     		str	r3, [r0, #24]
 209:Core/Src/main.c ****   hi2c1.Init.NoStretchMode = I2C_NOSTRETCH_DISABLE;
ARM GAS  C:\Users\sangt\AppData\Local\Temp\cczAJqAh.s 			page 16


 289              		.loc 1 209 3 is_stmt 1 view .LVU72
 209:Core/Src/main.c ****   hi2c1.Init.NoStretchMode = I2C_NOSTRETCH_DISABLE;
 290              		.loc 1 209 30 is_stmt 0 view .LVU73
 291 001c C361     		str	r3, [r0, #28]
 210:Core/Src/main.c ****   if (HAL_I2C_Init(&hi2c1) != HAL_OK)
 292              		.loc 1 210 3 is_stmt 1 view .LVU74
 210:Core/Src/main.c ****   if (HAL_I2C_Init(&hi2c1) != HAL_OK)
 293              		.loc 1 210 28 is_stmt 0 view .LVU75
 294 001e 0362     		str	r3, [r0, #32]
 211:Core/Src/main.c ****   {
 295              		.loc 1 211 3 is_stmt 1 view .LVU76
 211:Core/Src/main.c ****   {
 296              		.loc 1 211 7 is_stmt 0 view .LVU77
 297 0020 FFF7FEFF 		bl	HAL_I2C_Init
 298              	.LVL9:
 211:Core/Src/main.c ****   {
 299              		.loc 1 211 6 view .LVU78
 300 0024 00B9     		cbnz	r0, .L14
 219:Core/Src/main.c **** 
 301              		.loc 1 219 1 view .LVU79
 302 0026 08BD     		pop	{r3, pc}
 303              	.L14:
 213:Core/Src/main.c ****   }
 304              		.loc 1 213 5 is_stmt 1 view .LVU80
 305 0028 FFF7FEFF 		bl	Error_Handler
 306              	.LVL10:
 307              	.L16:
 308              		.align	2
 309              	.L15:
 310 002c 00000000 		.word	.LANCHOR1
 311 0030 00540040 		.word	1073763328
 312 0034 A0860100 		.word	100000
 313              		.cfi_endproc
 314              	.LFE77:
 316              		.section	.text.MX_SPI1_Init,"ax",%progbits
 317              		.align	1
 318              		.syntax unified
 319              		.thumb
 320              		.thumb_func
 322              	MX_SPI1_Init:
 323              	.LFB78:
 227:Core/Src/main.c **** 
 324              		.loc 1 227 1 view -0
 325              		.cfi_startproc
 326              		@ args = 0, pretend = 0, frame = 0
 327              		@ frame_needed = 0, uses_anonymous_args = 0
 328 0000 08B5     		push	{r3, lr}
 329              	.LCFI5:
 330              		.cfi_def_cfa_offset 8
 331              		.cfi_offset 3, -8
 332              		.cfi_offset 14, -4
 237:Core/Src/main.c ****   hspi1.Init.Mode = SPI_MODE_MASTER;
 333              		.loc 1 237 3 view .LVU82
 237:Core/Src/main.c ****   hspi1.Init.Mode = SPI_MODE_MASTER;
 334              		.loc 1 237 18 is_stmt 0 view .LVU83
 335 0002 0D48     		ldr	r0, .L21
 336 0004 0D4B     		ldr	r3, .L21+4
ARM GAS  C:\Users\sangt\AppData\Local\Temp\cczAJqAh.s 			page 17


 337 0006 0360     		str	r3, [r0]
 238:Core/Src/main.c ****   hspi1.Init.Direction = SPI_DIRECTION_2LINES;
 338              		.loc 1 238 3 is_stmt 1 view .LVU84
 238:Core/Src/main.c ****   hspi1.Init.Direction = SPI_DIRECTION_2LINES;
 339              		.loc 1 238 19 is_stmt 0 view .LVU85
 340 0008 4FF48273 		mov	r3, #260
 341 000c 4360     		str	r3, [r0, #4]
 239:Core/Src/main.c ****   hspi1.Init.DataSize = SPI_DATASIZE_8BIT;
 342              		.loc 1 239 3 is_stmt 1 view .LVU86
 239:Core/Src/main.c ****   hspi1.Init.DataSize = SPI_DATASIZE_8BIT;
 343              		.loc 1 239 24 is_stmt 0 view .LVU87
 344 000e 0023     		movs	r3, #0
 345 0010 8360     		str	r3, [r0, #8]
 240:Core/Src/main.c ****   hspi1.Init.CLKPolarity = SPI_POLARITY_LOW;
 346              		.loc 1 240 3 is_stmt 1 view .LVU88
 240:Core/Src/main.c ****   hspi1.Init.CLKPolarity = SPI_POLARITY_LOW;
 347              		.loc 1 240 23 is_stmt 0 view .LVU89
 348 0012 C360     		str	r3, [r0, #12]
 241:Core/Src/main.c ****   hspi1.Init.CLKPhase = SPI_PHASE_1EDGE;
 349              		.loc 1 241 3 is_stmt 1 view .LVU90
 241:Core/Src/main.c ****   hspi1.Init.CLKPhase = SPI_PHASE_1EDGE;
 350              		.loc 1 241 26 is_stmt 0 view .LVU91
 351 0014 0361     		str	r3, [r0, #16]
 242:Core/Src/main.c ****   hspi1.Init.NSS = SPI_NSS_SOFT;
 352              		.loc 1 242 3 is_stmt 1 view .LVU92
 242:Core/Src/main.c ****   hspi1.Init.NSS = SPI_NSS_SOFT;
 353              		.loc 1 242 23 is_stmt 0 view .LVU93
 354 0016 4361     		str	r3, [r0, #20]
 243:Core/Src/main.c ****   hspi1.Init.BaudRatePrescaler = SPI_BAUDRATEPRESCALER_8;
 355              		.loc 1 243 3 is_stmt 1 view .LVU94
 243:Core/Src/main.c ****   hspi1.Init.BaudRatePrescaler = SPI_BAUDRATEPRESCALER_8;
 356              		.loc 1 243 18 is_stmt 0 view .LVU95
 357 0018 4FF40072 		mov	r2, #512
 358 001c 8261     		str	r2, [r0, #24]
 244:Core/Src/main.c ****   hspi1.Init.FirstBit = SPI_FIRSTBIT_MSB;
 359              		.loc 1 244 3 is_stmt 1 view .LVU96
 244:Core/Src/main.c ****   hspi1.Init.FirstBit = SPI_FIRSTBIT_MSB;
 360              		.loc 1 244 32 is_stmt 0 view .LVU97
 361 001e 1022     		movs	r2, #16
 362 0020 C261     		str	r2, [r0, #28]
 245:Core/Src/main.c ****   hspi1.Init.TIMode = SPI_TIMODE_DISABLE;
 363              		.loc 1 245 3 is_stmt 1 view .LVU98
 245:Core/Src/main.c ****   hspi1.Init.TIMode = SPI_TIMODE_DISABLE;
 364              		.loc 1 245 23 is_stmt 0 view .LVU99
 365 0022 0362     		str	r3, [r0, #32]
 246:Core/Src/main.c ****   hspi1.Init.CRCCalculation = SPI_CRCCALCULATION_DISABLE;
 366              		.loc 1 246 3 is_stmt 1 view .LVU100
 246:Core/Src/main.c ****   hspi1.Init.CRCCalculation = SPI_CRCCALCULATION_DISABLE;
 367              		.loc 1 246 21 is_stmt 0 view .LVU101
 368 0024 4362     		str	r3, [r0, #36]
 247:Core/Src/main.c ****   hspi1.Init.CRCPolynomial = 10;
 369              		.loc 1 247 3 is_stmt 1 view .LVU102
 247:Core/Src/main.c ****   hspi1.Init.CRCPolynomial = 10;
 370              		.loc 1 247 29 is_stmt 0 view .LVU103
 371 0026 8362     		str	r3, [r0, #40]
 248:Core/Src/main.c ****   if (HAL_SPI_Init(&hspi1) != HAL_OK)
 372              		.loc 1 248 3 is_stmt 1 view .LVU104
ARM GAS  C:\Users\sangt\AppData\Local\Temp\cczAJqAh.s 			page 18


 248:Core/Src/main.c ****   if (HAL_SPI_Init(&hspi1) != HAL_OK)
 373              		.loc 1 248 28 is_stmt 0 view .LVU105
 374 0028 0A23     		movs	r3, #10
 375 002a C362     		str	r3, [r0, #44]
 249:Core/Src/main.c ****   {
 376              		.loc 1 249 3 is_stmt 1 view .LVU106
 249:Core/Src/main.c ****   {
 377              		.loc 1 249 7 is_stmt 0 view .LVU107
 378 002c FFF7FEFF 		bl	HAL_SPI_Init
 379              	.LVL11:
 249:Core/Src/main.c ****   {
 380              		.loc 1 249 6 view .LVU108
 381 0030 00B9     		cbnz	r0, .L20
 257:Core/Src/main.c **** 
 382              		.loc 1 257 1 view .LVU109
 383 0032 08BD     		pop	{r3, pc}
 384              	.L20:
 251:Core/Src/main.c ****   }
 385              		.loc 1 251 5 is_stmt 1 view .LVU110
 386 0034 FFF7FEFF 		bl	Error_Handler
 387              	.LVL12:
 388              	.L22:
 389              		.align	2
 390              	.L21:
 391 0038 00000000 		.word	.LANCHOR2
 392 003c 00300140 		.word	1073819648
 393              		.cfi_endproc
 394              	.LFE78:
 396              		.section	.text.MX_USART1_UART_Init,"ax",%progbits
 397              		.align	1
 398              		.syntax unified
 399              		.thumb
 400              		.thumb_func
 402              	MX_USART1_UART_Init:
 403              	.LFB79:
 265:Core/Src/main.c **** 
 404              		.loc 1 265 1 view -0
 405              		.cfi_startproc
 406              		@ args = 0, pretend = 0, frame = 0
 407              		@ frame_needed = 0, uses_anonymous_args = 0
 408 0000 08B5     		push	{r3, lr}
 409              	.LCFI6:
 410              		.cfi_def_cfa_offset 8
 411              		.cfi_offset 3, -8
 412              		.cfi_offset 14, -4
 274:Core/Src/main.c ****   huart1.Init.BaudRate = 115200;
 413              		.loc 1 274 3 view .LVU112
 274:Core/Src/main.c ****   huart1.Init.BaudRate = 115200;
 414              		.loc 1 274 19 is_stmt 0 view .LVU113
 415 0002 0A48     		ldr	r0, .L27
 416 0004 0A4B     		ldr	r3, .L27+4
 417 0006 0360     		str	r3, [r0]
 275:Core/Src/main.c ****   huart1.Init.WordLength = UART_WORDLENGTH_8B;
 418              		.loc 1 275 3 is_stmt 1 view .LVU114
 275:Core/Src/main.c ****   huart1.Init.WordLength = UART_WORDLENGTH_8B;
 419              		.loc 1 275 24 is_stmt 0 view .LVU115
 420 0008 4FF4E133 		mov	r3, #115200
ARM GAS  C:\Users\sangt\AppData\Local\Temp\cczAJqAh.s 			page 19


 421 000c 4360     		str	r3, [r0, #4]
 276:Core/Src/main.c ****   huart1.Init.StopBits = UART_STOPBITS_1;
 422              		.loc 1 276 3 is_stmt 1 view .LVU116
 276:Core/Src/main.c ****   huart1.Init.StopBits = UART_STOPBITS_1;
 423              		.loc 1 276 26 is_stmt 0 view .LVU117
 424 000e 0023     		movs	r3, #0
 425 0010 8360     		str	r3, [r0, #8]
 277:Core/Src/main.c ****   huart1.Init.Parity = UART_PARITY_NONE;
 426              		.loc 1 277 3 is_stmt 1 view .LVU118
 277:Core/Src/main.c ****   huart1.Init.Parity = UART_PARITY_NONE;
 427              		.loc 1 277 24 is_stmt 0 view .LVU119
 428 0012 C360     		str	r3, [r0, #12]
 278:Core/Src/main.c ****   huart1.Init.Mode = UART_MODE_TX_RX;
 429              		.loc 1 278 3 is_stmt 1 view .LVU120
 278:Core/Src/main.c ****   huart1.Init.Mode = UART_MODE_TX_RX;
 430              		.loc 1 278 22 is_stmt 0 view .LVU121
 431 0014 0361     		str	r3, [r0, #16]
 279:Core/Src/main.c ****   huart1.Init.HwFlowCtl = UART_HWCONTROL_NONE;
 432              		.loc 1 279 3 is_stmt 1 view .LVU122
 279:Core/Src/main.c ****   huart1.Init.HwFlowCtl = UART_HWCONTROL_NONE;
 433              		.loc 1 279 20 is_stmt 0 view .LVU123
 434 0016 0C22     		movs	r2, #12
 435 0018 4261     		str	r2, [r0, #20]
 280:Core/Src/main.c ****   huart1.Init.OverSampling = UART_OVERSAMPLING_16;
 436              		.loc 1 280 3 is_stmt 1 view .LVU124
 280:Core/Src/main.c ****   huart1.Init.OverSampling = UART_OVERSAMPLING_16;
 437              		.loc 1 280 25 is_stmt 0 view .LVU125
 438 001a 8361     		str	r3, [r0, #24]
 281:Core/Src/main.c ****   if (HAL_UART_Init(&huart1) != HAL_OK)
 439              		.loc 1 281 3 is_stmt 1 view .LVU126
 281:Core/Src/main.c ****   if (HAL_UART_Init(&huart1) != HAL_OK)
 440              		.loc 1 281 28 is_stmt 0 view .LVU127
 441 001c C361     		str	r3, [r0, #28]
 282:Core/Src/main.c ****   {
 442              		.loc 1 282 3 is_stmt 1 view .LVU128
 282:Core/Src/main.c ****   {
 443              		.loc 1 282 7 is_stmt 0 view .LVU129
 444 001e FFF7FEFF 		bl	HAL_UART_Init
 445              	.LVL13:
 282:Core/Src/main.c ****   {
 446              		.loc 1 282 6 view .LVU130
 447 0022 00B9     		cbnz	r0, .L26
 290:Core/Src/main.c **** 
 448              		.loc 1 290 1 view .LVU131
 449 0024 08BD     		pop	{r3, pc}
 450              	.L26:
 284:Core/Src/main.c ****   }
 451              		.loc 1 284 5 is_stmt 1 view .LVU132
 452 0026 FFF7FEFF 		bl	Error_Handler
 453              	.LVL14:
 454              	.L28:
 455 002a 00BF     		.align	2
 456              	.L27:
 457 002c 00000000 		.word	.LANCHOR3
 458 0030 00100140 		.word	1073811456
 459              		.cfi_endproc
 460              	.LFE79:
ARM GAS  C:\Users\sangt\AppData\Local\Temp\cczAJqAh.s 			page 20


 462              		.section	.text.MX_USART3_UART_Init,"ax",%progbits
 463              		.align	1
 464              		.syntax unified
 465              		.thumb
 466              		.thumb_func
 468              	MX_USART3_UART_Init:
 469              	.LFB81:
 331:Core/Src/main.c **** 
 470              		.loc 1 331 1 view -0
 471              		.cfi_startproc
 472              		@ args = 0, pretend = 0, frame = 0
 473              		@ frame_needed = 0, uses_anonymous_args = 0
 474 0000 08B5     		push	{r3, lr}
 475              	.LCFI7:
 476              		.cfi_def_cfa_offset 8
 477              		.cfi_offset 3, -8
 478              		.cfi_offset 14, -4
 340:Core/Src/main.c ****   huart3.Init.BaudRate = 115200;
 479              		.loc 1 340 3 view .LVU134
 340:Core/Src/main.c ****   huart3.Init.BaudRate = 115200;
 480              		.loc 1 340 19 is_stmt 0 view .LVU135
 481 0002 0A48     		ldr	r0, .L33
 482 0004 0A4B     		ldr	r3, .L33+4
 483 0006 0360     		str	r3, [r0]
 341:Core/Src/main.c ****   huart3.Init.WordLength = UART_WORDLENGTH_8B;
 484              		.loc 1 341 3 is_stmt 1 view .LVU136
 341:Core/Src/main.c ****   huart3.Init.WordLength = UART_WORDLENGTH_8B;
 485              		.loc 1 341 24 is_stmt 0 view .LVU137
 486 0008 4FF4E133 		mov	r3, #115200
 487 000c 4360     		str	r3, [r0, #4]
 342:Core/Src/main.c ****   huart3.Init.StopBits = UART_STOPBITS_1;
 488              		.loc 1 342 3 is_stmt 1 view .LVU138
 342:Core/Src/main.c ****   huart3.Init.StopBits = UART_STOPBITS_1;
 489              		.loc 1 342 26 is_stmt 0 view .LVU139
 490 000e 0023     		movs	r3, #0
 491 0010 8360     		str	r3, [r0, #8]
 343:Core/Src/main.c ****   huart3.Init.Parity = UART_PARITY_NONE;
 492              		.loc 1 343 3 is_stmt 1 view .LVU140
 343:Core/Src/main.c ****   huart3.Init.Parity = UART_PARITY_NONE;
 493              		.loc 1 343 24 is_stmt 0 view .LVU141
 494 0012 C360     		str	r3, [r0, #12]
 344:Core/Src/main.c ****   huart3.Init.Mode = UART_MODE_TX_RX;
 495              		.loc 1 344 3 is_stmt 1 view .LVU142
 344:Core/Src/main.c ****   huart3.Init.Mode = UART_MODE_TX_RX;
 496              		.loc 1 344 22 is_stmt 0 view .LVU143
 497 0014 0361     		str	r3, [r0, #16]
 345:Core/Src/main.c ****   huart3.Init.HwFlowCtl = UART_HWCONTROL_NONE;
 498              		.loc 1 345 3 is_stmt 1 view .LVU144
 345:Core/Src/main.c ****   huart3.Init.HwFlowCtl = UART_HWCONTROL_NONE;
 499              		.loc 1 345 20 is_stmt 0 view .LVU145
 500 0016 0C22     		movs	r2, #12
 501 0018 4261     		str	r2, [r0, #20]
 346:Core/Src/main.c ****   huart3.Init.OverSampling = UART_OVERSAMPLING_16;
 502              		.loc 1 346 3 is_stmt 1 view .LVU146
 346:Core/Src/main.c ****   huart3.Init.OverSampling = UART_OVERSAMPLING_16;
 503              		.loc 1 346 25 is_stmt 0 view .LVU147
 504 001a 8361     		str	r3, [r0, #24]
ARM GAS  C:\Users\sangt\AppData\Local\Temp\cczAJqAh.s 			page 21


 347:Core/Src/main.c ****   if (HAL_UART_Init(&huart3) != HAL_OK)
 505              		.loc 1 347 3 is_stmt 1 view .LVU148
 347:Core/Src/main.c ****   if (HAL_UART_Init(&huart3) != HAL_OK)
 506              		.loc 1 347 28 is_stmt 0 view .LVU149
 507 001c C361     		str	r3, [r0, #28]
 348:Core/Src/main.c ****   {
 508              		.loc 1 348 3 is_stmt 1 view .LVU150
 348:Core/Src/main.c ****   {
 509              		.loc 1 348 7 is_stmt 0 view .LVU151
 510 001e FFF7FEFF 		bl	HAL_UART_Init
 511              	.LVL15:
 348:Core/Src/main.c ****   {
 512              		.loc 1 348 6 view .LVU152
 513 0022 00B9     		cbnz	r0, .L32
 356:Core/Src/main.c **** 
 514              		.loc 1 356 1 view .LVU153
 515 0024 08BD     		pop	{r3, pc}
 516              	.L32:
 350:Core/Src/main.c ****   }
 517              		.loc 1 350 5 is_stmt 1 view .LVU154
 518 0026 FFF7FEFF 		bl	Error_Handler
 519              	.LVL16:
 520              	.L34:
 521 002a 00BF     		.align	2
 522              	.L33:
 523 002c 00000000 		.word	.LANCHOR0
 524 0030 00480040 		.word	1073760256
 525              		.cfi_endproc
 526              	.LFE81:
 528              		.section	.text.MX_USART2_UART_Init,"ax",%progbits
 529              		.align	1
 530              		.syntax unified
 531              		.thumb
 532              		.thumb_func
 534              	MX_USART2_UART_Init:
 535              	.LFB80:
 298:Core/Src/main.c **** 
 536              		.loc 1 298 1 view -0
 537              		.cfi_startproc
 538              		@ args = 0, pretend = 0, frame = 0
 539              		@ frame_needed = 0, uses_anonymous_args = 0
 540 0000 08B5     		push	{r3, lr}
 541              	.LCFI8:
 542              		.cfi_def_cfa_offset 8
 543              		.cfi_offset 3, -8
 544              		.cfi_offset 14, -4
 307:Core/Src/main.c ****   huart2.Init.BaudRate = 115200;
 545              		.loc 1 307 3 view .LVU156
 307:Core/Src/main.c ****   huart2.Init.BaudRate = 115200;
 546              		.loc 1 307 19 is_stmt 0 view .LVU157
 547 0002 0A48     		ldr	r0, .L39
 548 0004 0A4B     		ldr	r3, .L39+4
 549 0006 0360     		str	r3, [r0]
 308:Core/Src/main.c ****   huart2.Init.WordLength = UART_WORDLENGTH_8B;
 550              		.loc 1 308 3 is_stmt 1 view .LVU158
 308:Core/Src/main.c ****   huart2.Init.WordLength = UART_WORDLENGTH_8B;
 551              		.loc 1 308 24 is_stmt 0 view .LVU159
ARM GAS  C:\Users\sangt\AppData\Local\Temp\cczAJqAh.s 			page 22


 552 0008 4FF4E133 		mov	r3, #115200
 553 000c 4360     		str	r3, [r0, #4]
 309:Core/Src/main.c ****   huart2.Init.StopBits = UART_STOPBITS_1;
 554              		.loc 1 309 3 is_stmt 1 view .LVU160
 309:Core/Src/main.c ****   huart2.Init.StopBits = UART_STOPBITS_1;
 555              		.loc 1 309 26 is_stmt 0 view .LVU161
 556 000e 0023     		movs	r3, #0
 557 0010 8360     		str	r3, [r0, #8]
 310:Core/Src/main.c ****   huart2.Init.Parity = UART_PARITY_NONE;
 558              		.loc 1 310 3 is_stmt 1 view .LVU162
 310:Core/Src/main.c ****   huart2.Init.Parity = UART_PARITY_NONE;
 559              		.loc 1 310 24 is_stmt 0 view .LVU163
 560 0012 C360     		str	r3, [r0, #12]
 311:Core/Src/main.c ****   huart2.Init.Mode = UART_MODE_TX_RX;
 561              		.loc 1 311 3 is_stmt 1 view .LVU164
 311:Core/Src/main.c ****   huart2.Init.Mode = UART_MODE_TX_RX;
 562              		.loc 1 311 22 is_stmt 0 view .LVU165
 563 0014 0361     		str	r3, [r0, #16]
 312:Core/Src/main.c ****   huart2.Init.HwFlowCtl = UART_HWCONTROL_NONE;
 564              		.loc 1 312 3 is_stmt 1 view .LVU166
 312:Core/Src/main.c ****   huart2.Init.HwFlowCtl = UART_HWCONTROL_NONE;
 565              		.loc 1 312 20 is_stmt 0 view .LVU167
 566 0016 0C22     		movs	r2, #12
 567 0018 4261     		str	r2, [r0, #20]
 313:Core/Src/main.c ****   huart2.Init.OverSampling = UART_OVERSAMPLING_16;
 568              		.loc 1 313 3 is_stmt 1 view .LVU168
 313:Core/Src/main.c ****   huart2.Init.OverSampling = UART_OVERSAMPLING_16;
 569              		.loc 1 313 25 is_stmt 0 view .LVU169
 570 001a 8361     		str	r3, [r0, #24]
 314:Core/Src/main.c ****   if (HAL_UART_Init(&huart2) != HAL_OK)
 571              		.loc 1 314 3 is_stmt 1 view .LVU170
 314:Core/Src/main.c ****   if (HAL_UART_Init(&huart2) != HAL_OK)
 572              		.loc 1 314 28 is_stmt 0 view .LVU171
 573 001c C361     		str	r3, [r0, #28]
 315:Core/Src/main.c ****   {
 574              		.loc 1 315 3 is_stmt 1 view .LVU172
 315:Core/Src/main.c ****   {
 575              		.loc 1 315 7 is_stmt 0 view .LVU173
 576 001e FFF7FEFF 		bl	HAL_UART_Init
 577              	.LVL17:
 315:Core/Src/main.c ****   {
 578              		.loc 1 315 6 view .LVU174
 579 0022 00B9     		cbnz	r0, .L38
 323:Core/Src/main.c **** 
 580              		.loc 1 323 1 view .LVU175
 581 0024 08BD     		pop	{r3, pc}
 582              	.L38:
 317:Core/Src/main.c ****   }
 583              		.loc 1 317 5 is_stmt 1 view .LVU176
 584 0026 FFF7FEFF 		bl	Error_Handler
 585              	.LVL18:
 586              	.L40:
 587 002a 00BF     		.align	2
 588              	.L39:
 589 002c 00000000 		.word	.LANCHOR4
 590 0030 00440040 		.word	1073759232
 591              		.cfi_endproc
ARM GAS  C:\Users\sangt\AppData\Local\Temp\cczAJqAh.s 			page 23


 592              	.LFE80:
 594              		.section	.text.SystemClock_Config,"ax",%progbits
 595              		.align	1
 596              		.global	SystemClock_Config
 597              		.syntax unified
 598              		.thumb
 599              		.thumb_func
 601              	SystemClock_Config:
 602              	.LFB76:
 153:Core/Src/main.c ****   RCC_OscInitTypeDef RCC_OscInitStruct = {0};
 603              		.loc 1 153 1 view -0
 604              		.cfi_startproc
 605              		@ args = 0, pretend = 0, frame = 72
 606              		@ frame_needed = 0, uses_anonymous_args = 0
 607 0000 00B5     		push	{lr}
 608              	.LCFI9:
 609              		.cfi_def_cfa_offset 4
 610              		.cfi_offset 14, -4
 611 0002 93B0     		sub	sp, sp, #76
 612              	.LCFI10:
 613              		.cfi_def_cfa_offset 80
 154:Core/Src/main.c ****   RCC_ClkInitTypeDef RCC_ClkInitStruct = {0};
 614              		.loc 1 154 3 view .LVU178
 154:Core/Src/main.c ****   RCC_ClkInitTypeDef RCC_ClkInitStruct = {0};
 615              		.loc 1 154 22 is_stmt 0 view .LVU179
 616 0004 3022     		movs	r2, #48
 617 0006 0021     		movs	r1, #0
 618 0008 06A8     		add	r0, sp, #24
 619 000a FFF7FEFF 		bl	memset
 620              	.LVL19:
 155:Core/Src/main.c **** 
 621              		.loc 1 155 3 is_stmt 1 view .LVU180
 155:Core/Src/main.c **** 
 622              		.loc 1 155 22 is_stmt 0 view .LVU181
 623 000e 0023     		movs	r3, #0
 624 0010 0193     		str	r3, [sp, #4]
 625 0012 0293     		str	r3, [sp, #8]
 626 0014 0393     		str	r3, [sp, #12]
 627 0016 0493     		str	r3, [sp, #16]
 628 0018 0593     		str	r3, [sp, #20]
 160:Core/Src/main.c ****   RCC_OscInitStruct.HSEState = RCC_HSE_ON;
 629              		.loc 1 160 3 is_stmt 1 view .LVU182
 160:Core/Src/main.c ****   RCC_OscInitStruct.HSEState = RCC_HSE_ON;
 630              		.loc 1 160 36 is_stmt 0 view .LVU183
 631 001a 0123     		movs	r3, #1
 632 001c 0693     		str	r3, [sp, #24]
 161:Core/Src/main.c ****   RCC_OscInitStruct.PLL.PLLState = RCC_PLL_ON;
 633              		.loc 1 161 3 is_stmt 1 view .LVU184
 161:Core/Src/main.c ****   RCC_OscInitStruct.PLL.PLLState = RCC_PLL_ON;
 634              		.loc 1 161 30 is_stmt 0 view .LVU185
 635 001e 0793     		str	r3, [sp, #28]
 162:Core/Src/main.c ****   RCC_OscInitStruct.PLL.PLLSource = RCC_PLLSOURCE_HSE;
 636              		.loc 1 162 3 is_stmt 1 view .LVU186
 162:Core/Src/main.c ****   RCC_OscInitStruct.PLL.PLLSource = RCC_PLLSOURCE_HSE;
 637              		.loc 1 162 34 is_stmt 0 view .LVU187
 638 0020 0223     		movs	r3, #2
 639 0022 0C93     		str	r3, [sp, #48]
ARM GAS  C:\Users\sangt\AppData\Local\Temp\cczAJqAh.s 			page 24


 163:Core/Src/main.c ****   RCC_OscInitStruct.PLL.PLLM = 8;
 640              		.loc 1 163 3 is_stmt 1 view .LVU188
 163:Core/Src/main.c ****   RCC_OscInitStruct.PLL.PLLM = 8;
 641              		.loc 1 163 35 is_stmt 0 view .LVU189
 642 0024 4FF48002 		mov	r2, #4194304
 643 0028 0D92     		str	r2, [sp, #52]
 164:Core/Src/main.c ****   RCC_OscInitStruct.PLL.PLLN = 240;
 644              		.loc 1 164 3 is_stmt 1 view .LVU190
 164:Core/Src/main.c ****   RCC_OscInitStruct.PLL.PLLN = 240;
 645              		.loc 1 164 30 is_stmt 0 view .LVU191
 646 002a 0822     		movs	r2, #8
 647 002c 0E92     		str	r2, [sp, #56]
 165:Core/Src/main.c ****   RCC_OscInitStruct.PLL.PLLP = RCC_PLLP_DIV2;
 648              		.loc 1 165 3 is_stmt 1 view .LVU192
 165:Core/Src/main.c ****   RCC_OscInitStruct.PLL.PLLP = RCC_PLLP_DIV2;
 649              		.loc 1 165 30 is_stmt 0 view .LVU193
 650 002e F022     		movs	r2, #240
 651 0030 0F92     		str	r2, [sp, #60]
 166:Core/Src/main.c ****   RCC_OscInitStruct.PLL.PLLQ = 4;
 652              		.loc 1 166 3 is_stmt 1 view .LVU194
 166:Core/Src/main.c ****   RCC_OscInitStruct.PLL.PLLQ = 4;
 653              		.loc 1 166 30 is_stmt 0 view .LVU195
 654 0032 1093     		str	r3, [sp, #64]
 167:Core/Src/main.c ****   if (HAL_RCC_OscConfig(&RCC_OscInitStruct) != HAL_OK)
 655              		.loc 1 167 3 is_stmt 1 view .LVU196
 167:Core/Src/main.c ****   if (HAL_RCC_OscConfig(&RCC_OscInitStruct) != HAL_OK)
 656              		.loc 1 167 30 is_stmt 0 view .LVU197
 657 0034 0423     		movs	r3, #4
 658 0036 1193     		str	r3, [sp, #68]
 168:Core/Src/main.c ****   {
 659              		.loc 1 168 3 is_stmt 1 view .LVU198
 168:Core/Src/main.c ****   {
 660              		.loc 1 168 7 is_stmt 0 view .LVU199
 661 0038 06A8     		add	r0, sp, #24
 662 003a FFF7FEFF 		bl	HAL_RCC_OscConfig
 663              	.LVL20:
 168:Core/Src/main.c ****   {
 664              		.loc 1 168 6 view .LVU200
 665 003e 98B9     		cbnz	r0, .L45
 174:Core/Src/main.c ****                               |RCC_CLOCKTYPE_PCLK1|RCC_CLOCKTYPE_PCLK2;
 666              		.loc 1 174 3 is_stmt 1 view .LVU201
 174:Core/Src/main.c ****                               |RCC_CLOCKTYPE_PCLK1|RCC_CLOCKTYPE_PCLK2;
 667              		.loc 1 174 31 is_stmt 0 view .LVU202
 668 0040 0F23     		movs	r3, #15
 669 0042 0193     		str	r3, [sp, #4]
 176:Core/Src/main.c ****   RCC_ClkInitStruct.AHBCLKDivider = RCC_SYSCLK_DIV1;
 670              		.loc 1 176 3 is_stmt 1 view .LVU203
 176:Core/Src/main.c ****   RCC_ClkInitStruct.AHBCLKDivider = RCC_SYSCLK_DIV1;
 671              		.loc 1 176 34 is_stmt 0 view .LVU204
 672 0044 0223     		movs	r3, #2
 673 0046 0293     		str	r3, [sp, #8]
 177:Core/Src/main.c ****   RCC_ClkInitStruct.APB1CLKDivider = RCC_HCLK_DIV4;
 674              		.loc 1 177 3 is_stmt 1 view .LVU205
 177:Core/Src/main.c ****   RCC_ClkInitStruct.APB1CLKDivider = RCC_HCLK_DIV4;
 675              		.loc 1 177 35 is_stmt 0 view .LVU206
 676 0048 0023     		movs	r3, #0
 677 004a 0393     		str	r3, [sp, #12]
ARM GAS  C:\Users\sangt\AppData\Local\Temp\cczAJqAh.s 			page 25


 178:Core/Src/main.c ****   RCC_ClkInitStruct.APB2CLKDivider = RCC_HCLK_DIV2;
 678              		.loc 1 178 3 is_stmt 1 view .LVU207
 178:Core/Src/main.c ****   RCC_ClkInitStruct.APB2CLKDivider = RCC_HCLK_DIV2;
 679              		.loc 1 178 36 is_stmt 0 view .LVU208
 680 004c 4FF4A053 		mov	r3, #5120
 681 0050 0493     		str	r3, [sp, #16]
 179:Core/Src/main.c **** 
 682              		.loc 1 179 3 is_stmt 1 view .LVU209
 179:Core/Src/main.c **** 
 683              		.loc 1 179 36 is_stmt 0 view .LVU210
 684 0052 4FF48053 		mov	r3, #4096
 685 0056 0593     		str	r3, [sp, #20]
 181:Core/Src/main.c ****   {
 686              		.loc 1 181 3 is_stmt 1 view .LVU211
 181:Core/Src/main.c ****   {
 687              		.loc 1 181 7 is_stmt 0 view .LVU212
 688 0058 0321     		movs	r1, #3
 689 005a 01A8     		add	r0, sp, #4
 690 005c FFF7FEFF 		bl	HAL_RCC_ClockConfig
 691              	.LVL21:
 181:Core/Src/main.c ****   {
 692              		.loc 1 181 6 view .LVU213
 693 0060 20B9     		cbnz	r0, .L46
 185:Core/Src/main.c **** 
 694              		.loc 1 185 1 view .LVU214
 695 0062 13B0     		add	sp, sp, #76
 696              	.LCFI11:
 697              		.cfi_remember_state
 698              		.cfi_def_cfa_offset 4
 699              		@ sp needed
 700 0064 5DF804FB 		ldr	pc, [sp], #4
 701              	.L45:
 702              	.LCFI12:
 703              		.cfi_restore_state
 170:Core/Src/main.c ****   }
 704              		.loc 1 170 5 is_stmt 1 view .LVU215
 705 0068 FFF7FEFF 		bl	Error_Handler
 706              	.LVL22:
 707              	.L46:
 183:Core/Src/main.c ****   }
 708              		.loc 1 183 5 view .LVU216
 709 006c FFF7FEFF 		bl	Error_Handler
 710              	.LVL23:
 711              		.cfi_endproc
 712              	.LFE76:
 714              		.section	.rodata.main.str1.4,"aMS",%progbits,1
 715              		.align	2
 716              	.LC0:
 717 0000 25730D0A 		.ascii	"%s\015\012\000"
 717      00
 718              		.section	.text.main,"ax",%progbits
 719              		.align	1
 720              		.global	main
 721              		.syntax unified
 722              		.thumb
 723              		.thumb_func
 725              	main:
ARM GAS  C:\Users\sangt\AppData\Local\Temp\cczAJqAh.s 			page 26


 726              	.LFB75:
  81:Core/Src/main.c ****   /* USER CODE BEGIN 1 */
 727              		.loc 1 81 1 view -0
 728              		.cfi_startproc
 729              		@ Volatile: function does not return.
 730              		@ args = 0, pretend = 0, frame = 0
 731              		@ frame_needed = 0, uses_anonymous_args = 0
 732 0000 00B5     		push	{lr}
 733              	.LCFI13:
 734              		.cfi_def_cfa_offset 4
 735              		.cfi_offset 14, -4
 736 0002 97B0     		sub	sp, sp, #92
 737              	.LCFI14:
 738              		.cfi_def_cfa_offset 96
  89:Core/Src/main.c **** 
 739              		.loc 1 89 3 view .LVU218
 740 0004 FFF7FEFF 		bl	HAL_Init
 741              	.LVL24:
  96:Core/Src/main.c **** 
 742              		.loc 1 96 3 view .LVU219
 743 0008 FFF7FEFF 		bl	SystemClock_Config
 744              	.LVL25:
 103:Core/Src/main.c ****   MX_I2C1_Init();
 745              		.loc 1 103 3 view .LVU220
 746 000c FFF7FEFF 		bl	MX_GPIO_Init
 747              	.LVL26:
 104:Core/Src/main.c ****   MX_SPI1_Init();
 748              		.loc 1 104 3 view .LVU221
 749 0010 FFF7FEFF 		bl	MX_I2C1_Init
 750              	.LVL27:
 105:Core/Src/main.c ****   MX_USART1_UART_Init();
 751              		.loc 1 105 3 view .LVU222
 752 0014 FFF7FEFF 		bl	MX_SPI1_Init
 753              	.LVL28:
 106:Core/Src/main.c ****   MX_USART3_UART_Init();
 754              		.loc 1 106 3 view .LVU223
 755 0018 FFF7FEFF 		bl	MX_USART1_UART_Init
 756              	.LVL29:
 107:Core/Src/main.c ****   MX_USART2_UART_Init();
 757              		.loc 1 107 3 view .LVU224
 758 001c FFF7FEFF 		bl	MX_USART3_UART_Init
 759              	.LVL30:
 108:Core/Src/main.c ****   /* USER CODE BEGIN 2 */
 760              		.loc 1 108 3 view .LVU225
 761 0020 FFF7FEFF 		bl	MX_USART2_UART_Init
 762              	.LVL31:
 117:Core/Src/main.c ****   nrf24_DebugUART_Init(huart3);
 763              		.loc 1 117 3 view .LVU226
 764 0024 2D4C     		ldr	r4, .L51
 765 0026 5422     		movs	r2, #84
 766 0028 211D     		adds	r1, r4, #4
 767 002a 6846     		mov	r0, sp
 768 002c FFF7FEFF 		bl	memcpy
 769              	.LVL32:
 770 0030 2368     		ldr	r3, [r4]
 771 0032 4FF48072 		mov	r2, #256
 772 0036 1021     		movs	r1, #16
ARM GAS  C:\Users\sangt\AppData\Local\Temp\cczAJqAh.s 			page 27


 773 0038 2948     		ldr	r0, .L51+4
 774 003a FFF7FEFF 		bl	NRF24_begin
 775              	.LVL33:
 118:Core/Src/main.c ****   NRF24_setAutoAck(true);
 776              		.loc 1 118 3 view .LVU227
 777 003e 294D     		ldr	r5, .L51+8
 778 0040 6C46     		mov	r4, sp
 779 0042 05F1100C 		add	ip, r5, #16
 780 0046 BCE80F00 		ldmia	ip!, {r0, r1, r2, r3}
 781 004a 0FC4     		stmia	r4!, {r0, r1, r2, r3}
 782 004c BCE80F00 		ldmia	ip!, {r0, r1, r2, r3}
 783 0050 0FC4     		stmia	r4!, {r0, r1, r2, r3}
 784 0052 BCE80F00 		ldmia	ip!, {r0, r1, r2, r3}
 785 0056 0FC4     		stmia	r4!, {r0, r1, r2, r3}
 786 0058 DCF80030 		ldr	r3, [ip]
 787 005c 2360     		str	r3, [r4]
 788 005e 95E80F00 		ldm	r5, {r0, r1, r2, r3}
 789 0062 FFF7FEFF 		bl	nrf24_DebugUART_Init
 790              	.LVL34:
 119:Core/Src/main.c ****   NRF24_setChannel(52);
 791              		.loc 1 119 3 view .LVU228
 792 0066 0120     		movs	r0, #1
 793 0068 FFF7FEFF 		bl	NRF24_setAutoAck
 794              	.LVL35:
 120:Core/Src/main.c ****   NRF24_setPayloadSize(32);
 795              		.loc 1 120 3 view .LVU229
 796 006c 3420     		movs	r0, #52
 797 006e FFF7FEFF 		bl	NRF24_setChannel
 798              	.LVL36:
 121:Core/Src/main.c ****   NRF24_setDataRate(RF24_1MBPS);
 799              		.loc 1 121 3 view .LVU230
 800 0072 2020     		movs	r0, #32
 801 0074 FFF7FEFF 		bl	NRF24_setPayloadSize
 802              	.LVL37:
 122:Core/Src/main.c ****   NRF24_setPALevel(RF24_PA_0dB);
 803              		.loc 1 122 3 view .LVU231
 804 0078 0020     		movs	r0, #0
 805 007a FFF7FEFF 		bl	NRF24_setDataRate
 806              	.LVL38:
 123:Core/Src/main.c ****   NRF24_openReadingPipe(1, RxpipeAddrs);
 807              		.loc 1 123 3 view .LVU232
 808 007e 0320     		movs	r0, #3
 809 0080 FFF7FEFF 		bl	NRF24_setPALevel
 810              	.LVL39:
 124:Core/Src/main.c ****   NRF24_enableDynamicPayloads();
 811              		.loc 1 124 3 view .LVU233
 812 0084 184B     		ldr	r3, .L51+12
 813 0086 D3E90023 		ldrd	r2, [r3]
 814 008a 0120     		movs	r0, #1
 815 008c FFF7FEFF 		bl	NRF24_openReadingPipe
 816              	.LVL40:
 125:Core/Src/main.c ****   NRF24_enableAckPayload();
 817              		.loc 1 125 3 view .LVU234
 818 0090 FFF7FEFF 		bl	NRF24_enableDynamicPayloads
 819              	.LVL41:
 126:Core/Src/main.c ****   printRadioSettings();
 820              		.loc 1 126 3 view .LVU235
ARM GAS  C:\Users\sangt\AppData\Local\Temp\cczAJqAh.s 			page 28


 821 0094 FFF7FEFF 		bl	NRF24_enableAckPayload
 822              	.LVL42:
 127:Core/Src/main.c ****   NRF24_startListening();
 823              		.loc 1 127 3 view .LVU236
 824 0098 FFF7FEFF 		bl	printRadioSettings
 825              	.LVL43:
 128:Core/Src/main.c ****   /* USER CODE END 2 */
 826              		.loc 1 128 3 view .LVU237
 827 009c FFF7FEFF 		bl	NRF24_startListening
 828              	.LVL44:
 829              	.L48:
 133:Core/Src/main.c ****     /* USER CODE END WHILE */
 830              		.loc 1 133 5 view .LVU238
 137:Core/Src/main.c ****           NRF24_read(myRxData, 32);
 831              		.loc 1 137 9 view .LVU239
 137:Core/Src/main.c ****           NRF24_read(myRxData, 32);
 832              		.loc 1 137 12 is_stmt 0 view .LVU240
 833 00a0 FFF7FEFF 		bl	NRF24_available
 834              	.LVL45:
 137:Core/Src/main.c ****           NRF24_read(myRxData, 32);
 835              		.loc 1 137 11 view .LVU241
 836 00a4 0028     		cmp	r0, #0
 837 00a6 FBD0     		beq	.L48
 138:Core/Src/main.c ****           NRF24_writeAckPayload(1, myAckPayload, 32);
 838              		.loc 1 138 11 is_stmt 1 view .LVU242
 839 00a8 104C     		ldr	r4, .L51+16
 840 00aa 2021     		movs	r1, #32
 841 00ac 2046     		mov	r0, r4
 842 00ae FFF7FEFF 		bl	NRF24_read
 843              	.LVL46:
 139:Core/Src/main.c ****           printf("%s\r\n", myRxData);
 844              		.loc 1 139 11 view .LVU243
 845 00b2 2022     		movs	r2, #32
 846 00b4 0E49     		ldr	r1, .L51+20
 847 00b6 0120     		movs	r0, #1
 848 00b8 FFF7FEFF 		bl	NRF24_writeAckPayload
 849              	.LVL47:
 140:Core/Src/main.c ****           memset(myRxData, '\0', 50);
 850              		.loc 1 140 11 view .LVU244
 851 00bc 2146     		mov	r1, r4
 852 00be 0D48     		ldr	r0, .L51+24
 853 00c0 FFF7FEFF 		bl	printf
 854              	.LVL48:
 141:Core/Src/main.c ****           HAL_GPIO_TogglePin(LED4_GPIO_Port, LED1_Pin | LED4_Pin);
 855              		.loc 1 141 11 view .LVU245
 856 00c4 3222     		movs	r2, #50
 857 00c6 0021     		movs	r1, #0
 858 00c8 2046     		mov	r0, r4
 859 00ca FFF7FEFF 		bl	memset
 860              	.LVL49:
 142:Core/Src/main.c ****         }
 861              		.loc 1 142 11 view .LVU246
 862 00ce 4FF41041 		mov	r1, #36864
 863 00d2 0948     		ldr	r0, .L51+28
 864 00d4 FFF7FEFF 		bl	HAL_GPIO_TogglePin
 865              	.LVL50:
 866 00d8 E2E7     		b	.L48
ARM GAS  C:\Users\sangt\AppData\Local\Temp\cczAJqAh.s 			page 29


 867              	.L52:
 868 00da 00BF     		.align	2
 869              	.L51:
 870 00dc 00000000 		.word	.LANCHOR2
 871 00e0 00000240 		.word	1073872896
 872 00e4 00000000 		.word	.LANCHOR0
 873 00e8 00000000 		.word	.LANCHOR5
 874 00ec 00000000 		.word	.LANCHOR6
 875 00f0 00000000 		.word	.LANCHOR7
 876 00f4 00000000 		.word	.LC0
 877 00f8 00040240 		.word	1073873920
 878              		.cfi_endproc
 879              	.LFE75:
 881              		.global	myAckPayload
 882              		.global	myRxData
 883              		.global	RxpipeAddrs
 884              		.global	huart3
 885              		.global	huart2
 886              		.global	huart1
 887              		.global	hspi1
 888              		.global	hi2c1
 889              		.section	.bss.hi2c1,"aw",%nobits
 890              		.align	2
 891              		.set	.LANCHOR1,. + 0
 894              	hi2c1:
 895 0000 00000000 		.space	84
 895      00000000 
 895      00000000 
 895      00000000 
 895      00000000 
 896              		.section	.bss.hspi1,"aw",%nobits
 897              		.align	2
 898              		.set	.LANCHOR2,. + 0
 901              	hspi1:
 902 0000 00000000 		.space	88
 902      00000000 
 902      00000000 
 902      00000000 
 902      00000000 
 903              		.section	.bss.huart1,"aw",%nobits
 904              		.align	2
 905              		.set	.LANCHOR3,. + 0
 908              	huart1:
 909 0000 00000000 		.space	68
 909      00000000 
 909      00000000 
 909      00000000 
 909      00000000 
 910              		.section	.bss.huart2,"aw",%nobits
 911              		.align	2
 912              		.set	.LANCHOR4,. + 0
 915              	huart2:
 916 0000 00000000 		.space	68
 916      00000000 
 916      00000000 
 916      00000000 
 916      00000000 
ARM GAS  C:\Users\sangt\AppData\Local\Temp\cczAJqAh.s 			page 30


 917              		.section	.bss.huart3,"aw",%nobits
 918              		.align	2
 919              		.set	.LANCHOR0,. + 0
 922              	huart3:
 923 0000 00000000 		.space	68
 923      00000000 
 923      00000000 
 923      00000000 
 923      00000000 
 924              		.section	.bss.myRxData,"aw",%nobits
 925              		.align	2
 926              		.set	.LANCHOR6,. + 0
 929              	myRxData:
 930 0000 00000000 		.space	50
 930      00000000 
 930      00000000 
 930      00000000 
 930      00000000 
 931              		.section	.data.RxpipeAddrs,"aw"
 932              		.align	3
 933              		.set	.LANCHOR5,. + 0
 936              	RxpipeAddrs:
 937 0000 AA443322 		.word	573785258
 938 0004 11000000 		.word	17
 939              		.section	.data.myAckPayload,"aw"
 940              		.align	2
 941              		.set	.LANCHOR7,. + 0
 944              	myAckPayload:
 945 0000 41636B20 		.ascii	"Ack by Telecom board\000"
 945      62792054 
 945      656C6563 
 945      6F6D2062 
 945      6F617264 
 946 0015 00000000 		.space	11
 946      00000000 
 946      000000
 947              		.text
 948              	.Letext0:
 949              		.file 3 "c:\\program files (x86)\\gnu arm embedded toolchain\\10 2021.10\\arm-none-eabi\\include\\
 950              		.file 4 "c:\\program files (x86)\\gnu arm embedded toolchain\\10 2021.10\\arm-none-eabi\\include\\
 951              		.file 5 "Drivers/CMSIS/Device/ST/STM32F2xx/Include/stm32f205xx.h"
 952              		.file 6 "Drivers/STM32F2xx_HAL_Driver/Inc/stm32f2xx_hal_def.h"
 953              		.file 7 "Drivers/STM32F2xx_HAL_Driver/Inc/stm32f2xx_hal_rcc.h"
 954              		.file 8 "Drivers/STM32F2xx_HAL_Driver/Inc/stm32f2xx_hal_gpio.h"
 955              		.file 9 "Drivers/STM32F2xx_HAL_Driver/Inc/stm32f2xx_hal_dma.h"
 956              		.file 10 "Drivers/STM32F2xx_HAL_Driver/Inc/stm32f2xx_hal_i2c.h"
 957              		.file 11 "Drivers/STM32F2xx_HAL_Driver/Inc/stm32f2xx_hal_spi.h"
 958              		.file 12 "Drivers/STM32F2xx_HAL_Driver/Inc/stm32f2xx_hal_uart.h"
 959              		.file 13 "Drivers/NRF24L01/Inc/MY_NRF24.h"
 960              		.file 14 "Drivers/OLED/Inc/ssd1306.h"
 961              		.file 15 "Drivers/STM32F2xx_HAL_Driver/Inc/stm32f2xx_hal.h"
 962              		.file 16 "<built-in>"
 963              		.file 17 "c:\\program files (x86)\\gnu arm embedded toolchain\\10 2021.10\\arm-none-eabi\\include\
ARM GAS  C:\Users\sangt\AppData\Local\Temp\cczAJqAh.s 			page 31


DEFINED SYMBOLS
                            *ABS*:00000000 main.c
C:\Users\sangt\AppData\Local\Temp\cczAJqAh.s:18     .text.MX_GPIO_Init:00000000 $t
C:\Users\sangt\AppData\Local\Temp\cczAJqAh.s:23     .text.MX_GPIO_Init:00000000 MX_GPIO_Init
C:\Users\sangt\AppData\Local\Temp\cczAJqAh.s:158    .text.MX_GPIO_Init:00000098 $d
C:\Users\sangt\AppData\Local\Temp\cczAJqAh.s:165    .text._write:00000000 $t
C:\Users\sangt\AppData\Local\Temp\cczAJqAh.s:171    .text._write:00000000 _write
C:\Users\sangt\AppData\Local\Temp\cczAJqAh.s:204    .text._write:00000014 $d
C:\Users\sangt\AppData\Local\Temp\cczAJqAh.s:209    .text.Error_Handler:00000000 $t
C:\Users\sangt\AppData\Local\Temp\cczAJqAh.s:215    .text.Error_Handler:00000000 Error_Handler
C:\Users\sangt\AppData\Local\Temp\cczAJqAh.s:247    .text.MX_I2C1_Init:00000000 $t
C:\Users\sangt\AppData\Local\Temp\cczAJqAh.s:252    .text.MX_I2C1_Init:00000000 MX_I2C1_Init
C:\Users\sangt\AppData\Local\Temp\cczAJqAh.s:310    .text.MX_I2C1_Init:0000002c $d
C:\Users\sangt\AppData\Local\Temp\cczAJqAh.s:317    .text.MX_SPI1_Init:00000000 $t
C:\Users\sangt\AppData\Local\Temp\cczAJqAh.s:322    .text.MX_SPI1_Init:00000000 MX_SPI1_Init
C:\Users\sangt\AppData\Local\Temp\cczAJqAh.s:391    .text.MX_SPI1_Init:00000038 $d
C:\Users\sangt\AppData\Local\Temp\cczAJqAh.s:397    .text.MX_USART1_UART_Init:00000000 $t
C:\Users\sangt\AppData\Local\Temp\cczAJqAh.s:402    .text.MX_USART1_UART_Init:00000000 MX_USART1_UART_Init
C:\Users\sangt\AppData\Local\Temp\cczAJqAh.s:457    .text.MX_USART1_UART_Init:0000002c $d
C:\Users\sangt\AppData\Local\Temp\cczAJqAh.s:463    .text.MX_USART3_UART_Init:00000000 $t
C:\Users\sangt\AppData\Local\Temp\cczAJqAh.s:468    .text.MX_USART3_UART_Init:00000000 MX_USART3_UART_Init
C:\Users\sangt\AppData\Local\Temp\cczAJqAh.s:523    .text.MX_USART3_UART_Init:0000002c $d
C:\Users\sangt\AppData\Local\Temp\cczAJqAh.s:529    .text.MX_USART2_UART_Init:00000000 $t
C:\Users\sangt\AppData\Local\Temp\cczAJqAh.s:534    .text.MX_USART2_UART_Init:00000000 MX_USART2_UART_Init
C:\Users\sangt\AppData\Local\Temp\cczAJqAh.s:589    .text.MX_USART2_UART_Init:0000002c $d
C:\Users\sangt\AppData\Local\Temp\cczAJqAh.s:595    .text.SystemClock_Config:00000000 $t
C:\Users\sangt\AppData\Local\Temp\cczAJqAh.s:601    .text.SystemClock_Config:00000000 SystemClock_Config
C:\Users\sangt\AppData\Local\Temp\cczAJqAh.s:715    .rodata.main.str1.4:00000000 $d
C:\Users\sangt\AppData\Local\Temp\cczAJqAh.s:719    .text.main:00000000 $t
C:\Users\sangt\AppData\Local\Temp\cczAJqAh.s:725    .text.main:00000000 main
C:\Users\sangt\AppData\Local\Temp\cczAJqAh.s:870    .text.main:000000dc $d
C:\Users\sangt\AppData\Local\Temp\cczAJqAh.s:944    .data.myAckPayload:00000000 myAckPayload
C:\Users\sangt\AppData\Local\Temp\cczAJqAh.s:929    .bss.myRxData:00000000 myRxData
C:\Users\sangt\AppData\Local\Temp\cczAJqAh.s:936    .data.RxpipeAddrs:00000000 RxpipeAddrs
C:\Users\sangt\AppData\Local\Temp\cczAJqAh.s:922    .bss.huart3:00000000 huart3
C:\Users\sangt\AppData\Local\Temp\cczAJqAh.s:915    .bss.huart2:00000000 huart2
C:\Users\sangt\AppData\Local\Temp\cczAJqAh.s:908    .bss.huart1:00000000 huart1
C:\Users\sangt\AppData\Local\Temp\cczAJqAh.s:901    .bss.hspi1:00000000 hspi1
C:\Users\sangt\AppData\Local\Temp\cczAJqAh.s:894    .bss.hi2c1:00000000 hi2c1
C:\Users\sangt\AppData\Local\Temp\cczAJqAh.s:890    .bss.hi2c1:00000000 $d
C:\Users\sangt\AppData\Local\Temp\cczAJqAh.s:897    .bss.hspi1:00000000 $d
C:\Users\sangt\AppData\Local\Temp\cczAJqAh.s:904    .bss.huart1:00000000 $d
C:\Users\sangt\AppData\Local\Temp\cczAJqAh.s:911    .bss.huart2:00000000 $d
C:\Users\sangt\AppData\Local\Temp\cczAJqAh.s:918    .bss.huart3:00000000 $d
C:\Users\sangt\AppData\Local\Temp\cczAJqAh.s:925    .bss.myRxData:00000000 $d
C:\Users\sangt\AppData\Local\Temp\cczAJqAh.s:932    .data.RxpipeAddrs:00000000 $d
C:\Users\sangt\AppData\Local\Temp\cczAJqAh.s:940    .data.myAckPayload:00000000 $d

UNDEFINED SYMBOLS
HAL_GPIO_WritePin
HAL_GPIO_Init
HAL_UART_Transmit
HAL_I2C_Init
HAL_SPI_Init
HAL_UART_Init
memset
HAL_RCC_OscConfig
ARM GAS  C:\Users\sangt\AppData\Local\Temp\cczAJqAh.s 			page 32


HAL_RCC_ClockConfig
HAL_Init
memcpy
NRF24_begin
nrf24_DebugUART_Init
NRF24_setAutoAck
NRF24_setChannel
NRF24_setPayloadSize
NRF24_setDataRate
NRF24_setPALevel
NRF24_openReadingPipe
NRF24_enableDynamicPayloads
NRF24_enableAckPayload
printRadioSettings
NRF24_startListening
NRF24_available
NRF24_read
NRF24_writeAckPayload
printf
HAL_GPIO_TogglePin
