ARM GAS  C:\Users\sangt\AppData\Local\Temp\cct71gp4.s 			page 1


   1              		.cpu cortex-m3
   2              		.arch armv7-m
   3              		.fpu softvfp
   4              		.eabi_attribute 20, 1
   5              		.eabi_attribute 21, 1
   6              		.eabi_attribute 23, 3
   7              		.eabi_attribute 24, 1
   8              		.eabi_attribute 25, 1
   9              		.eabi_attribute 26, 1
  10              		.eabi_attribute 30, 1
  11              		.eabi_attribute 34, 1
  12              		.eabi_attribute 18, 4
  13              		.file	"stm32f2xx_hal_msp.c"
  14              		.text
  15              	.Ltext0:
  16              		.cfi_sections	.debug_frame
  17              		.section	.text.HAL_MspInit,"ax",%progbits
  18              		.align	1
  19              		.global	HAL_MspInit
  20              		.syntax unified
  21              		.thumb
  22              		.thumb_func
  24              	HAL_MspInit:
  25              	.LFB72:
  26              		.file 1 "Core/Src/stm32f2xx_hal_msp.c"
   1:Core/Src/stm32f2xx_hal_msp.c **** /* USER CODE BEGIN Header */
   2:Core/Src/stm32f2xx_hal_msp.c **** /**
   3:Core/Src/stm32f2xx_hal_msp.c ****   ******************************************************************************
   4:Core/Src/stm32f2xx_hal_msp.c ****   * @file         stm32f2xx_hal_msp.c
   5:Core/Src/stm32f2xx_hal_msp.c ****   * @brief        This file provides code for the MSP Initialization
   6:Core/Src/stm32f2xx_hal_msp.c ****   *               and de-Initialization codes.
   7:Core/Src/stm32f2xx_hal_msp.c ****   ******************************************************************************
   8:Core/Src/stm32f2xx_hal_msp.c ****   * @attention
   9:Core/Src/stm32f2xx_hal_msp.c ****   *
  10:Core/Src/stm32f2xx_hal_msp.c ****   * Copyright (c) 2022 STMicroelectronics.
  11:Core/Src/stm32f2xx_hal_msp.c ****   * All rights reserved.
  12:Core/Src/stm32f2xx_hal_msp.c ****   *
  13:Core/Src/stm32f2xx_hal_msp.c ****   * This software is licensed under terms that can be found in the LICENSE file
  14:Core/Src/stm32f2xx_hal_msp.c ****   * in the root directory of this software component.
  15:Core/Src/stm32f2xx_hal_msp.c ****   * If no LICENSE file comes with this software, it is provided AS-IS.
  16:Core/Src/stm32f2xx_hal_msp.c ****   *
  17:Core/Src/stm32f2xx_hal_msp.c ****   ******************************************************************************
  18:Core/Src/stm32f2xx_hal_msp.c ****   */
  19:Core/Src/stm32f2xx_hal_msp.c **** /* USER CODE END Header */
  20:Core/Src/stm32f2xx_hal_msp.c **** 
  21:Core/Src/stm32f2xx_hal_msp.c **** /* Includes ------------------------------------------------------------------*/
  22:Core/Src/stm32f2xx_hal_msp.c **** #include "main.h"
  23:Core/Src/stm32f2xx_hal_msp.c **** /* USER CODE BEGIN Includes */
  24:Core/Src/stm32f2xx_hal_msp.c **** 
  25:Core/Src/stm32f2xx_hal_msp.c **** /* USER CODE END Includes */
  26:Core/Src/stm32f2xx_hal_msp.c **** 
  27:Core/Src/stm32f2xx_hal_msp.c **** /* Private typedef -----------------------------------------------------------*/
  28:Core/Src/stm32f2xx_hal_msp.c **** /* USER CODE BEGIN TD */
  29:Core/Src/stm32f2xx_hal_msp.c **** 
  30:Core/Src/stm32f2xx_hal_msp.c **** /* USER CODE END TD */
  31:Core/Src/stm32f2xx_hal_msp.c **** 
  32:Core/Src/stm32f2xx_hal_msp.c **** /* Private define ------------------------------------------------------------*/
ARM GAS  C:\Users\sangt\AppData\Local\Temp\cct71gp4.s 			page 2


  33:Core/Src/stm32f2xx_hal_msp.c **** /* USER CODE BEGIN Define */
  34:Core/Src/stm32f2xx_hal_msp.c **** 
  35:Core/Src/stm32f2xx_hal_msp.c **** /* USER CODE END Define */
  36:Core/Src/stm32f2xx_hal_msp.c **** 
  37:Core/Src/stm32f2xx_hal_msp.c **** /* Private macro -------------------------------------------------------------*/
  38:Core/Src/stm32f2xx_hal_msp.c **** /* USER CODE BEGIN Macro */
  39:Core/Src/stm32f2xx_hal_msp.c **** 
  40:Core/Src/stm32f2xx_hal_msp.c **** /* USER CODE END Macro */
  41:Core/Src/stm32f2xx_hal_msp.c **** 
  42:Core/Src/stm32f2xx_hal_msp.c **** /* Private variables ---------------------------------------------------------*/
  43:Core/Src/stm32f2xx_hal_msp.c **** /* USER CODE BEGIN PV */
  44:Core/Src/stm32f2xx_hal_msp.c **** 
  45:Core/Src/stm32f2xx_hal_msp.c **** /* USER CODE END PV */
  46:Core/Src/stm32f2xx_hal_msp.c **** 
  47:Core/Src/stm32f2xx_hal_msp.c **** /* Private function prototypes -----------------------------------------------*/
  48:Core/Src/stm32f2xx_hal_msp.c **** /* USER CODE BEGIN PFP */
  49:Core/Src/stm32f2xx_hal_msp.c **** 
  50:Core/Src/stm32f2xx_hal_msp.c **** /* USER CODE END PFP */
  51:Core/Src/stm32f2xx_hal_msp.c **** 
  52:Core/Src/stm32f2xx_hal_msp.c **** /* External functions --------------------------------------------------------*/
  53:Core/Src/stm32f2xx_hal_msp.c **** /* USER CODE BEGIN ExternalFunctions */
  54:Core/Src/stm32f2xx_hal_msp.c **** 
  55:Core/Src/stm32f2xx_hal_msp.c **** /* USER CODE END ExternalFunctions */
  56:Core/Src/stm32f2xx_hal_msp.c **** 
  57:Core/Src/stm32f2xx_hal_msp.c **** /* USER CODE BEGIN 0 */
  58:Core/Src/stm32f2xx_hal_msp.c **** 
  59:Core/Src/stm32f2xx_hal_msp.c **** /* USER CODE END 0 */
  60:Core/Src/stm32f2xx_hal_msp.c **** /**
  61:Core/Src/stm32f2xx_hal_msp.c ****   * Initializes the Global MSP.
  62:Core/Src/stm32f2xx_hal_msp.c ****   */
  63:Core/Src/stm32f2xx_hal_msp.c **** void HAL_MspInit(void)
  64:Core/Src/stm32f2xx_hal_msp.c **** {
  27              		.loc 1 64 1 view -0
  28              		.cfi_startproc
  29              		@ args = 0, pretend = 0, frame = 8
  30              		@ frame_needed = 0, uses_anonymous_args = 0
  31              		@ link register save eliminated.
  32 0000 82B0     		sub	sp, sp, #8
  33              	.LCFI0:
  34              		.cfi_def_cfa_offset 8
  65:Core/Src/stm32f2xx_hal_msp.c ****   /* USER CODE BEGIN MspInit 0 */
  66:Core/Src/stm32f2xx_hal_msp.c **** 
  67:Core/Src/stm32f2xx_hal_msp.c ****   /* USER CODE END MspInit 0 */
  68:Core/Src/stm32f2xx_hal_msp.c **** 
  69:Core/Src/stm32f2xx_hal_msp.c ****   __HAL_RCC_SYSCFG_CLK_ENABLE();
  35              		.loc 1 69 3 view .LVU1
  36              	.LBB2:
  37              		.loc 1 69 3 view .LVU2
  38 0002 0021     		movs	r1, #0
  39 0004 0091     		str	r1, [sp]
  40              		.loc 1 69 3 view .LVU3
  41 0006 0B4B     		ldr	r3, .L3
  42 0008 5A6C     		ldr	r2, [r3, #68]
  43 000a 42F48042 		orr	r2, r2, #16384
  44 000e 5A64     		str	r2, [r3, #68]
  45              		.loc 1 69 3 view .LVU4
  46 0010 5A6C     		ldr	r2, [r3, #68]
ARM GAS  C:\Users\sangt\AppData\Local\Temp\cct71gp4.s 			page 3


  47 0012 02F48042 		and	r2, r2, #16384
  48 0016 0092     		str	r2, [sp]
  49              		.loc 1 69 3 view .LVU5
  50 0018 009A     		ldr	r2, [sp]
  51              	.LBE2:
  52              		.loc 1 69 3 view .LVU6
  70:Core/Src/stm32f2xx_hal_msp.c ****   __HAL_RCC_PWR_CLK_ENABLE();
  53              		.loc 1 70 3 view .LVU7
  54              	.LBB3:
  55              		.loc 1 70 3 view .LVU8
  56 001a 0191     		str	r1, [sp, #4]
  57              		.loc 1 70 3 view .LVU9
  58 001c 1A6C     		ldr	r2, [r3, #64]
  59 001e 42F08052 		orr	r2, r2, #268435456
  60 0022 1A64     		str	r2, [r3, #64]
  61              		.loc 1 70 3 view .LVU10
  62 0024 1B6C     		ldr	r3, [r3, #64]
  63 0026 03F08053 		and	r3, r3, #268435456
  64 002a 0193     		str	r3, [sp, #4]
  65              		.loc 1 70 3 view .LVU11
  66 002c 019B     		ldr	r3, [sp, #4]
  67              	.LBE3:
  68              		.loc 1 70 3 view .LVU12
  71:Core/Src/stm32f2xx_hal_msp.c **** 
  72:Core/Src/stm32f2xx_hal_msp.c ****   /* System interrupt init*/
  73:Core/Src/stm32f2xx_hal_msp.c **** 
  74:Core/Src/stm32f2xx_hal_msp.c ****   /* USER CODE BEGIN MspInit 1 */
  75:Core/Src/stm32f2xx_hal_msp.c **** 
  76:Core/Src/stm32f2xx_hal_msp.c ****   /* USER CODE END MspInit 1 */
  77:Core/Src/stm32f2xx_hal_msp.c **** }
  69              		.loc 1 77 1 is_stmt 0 view .LVU13
  70 002e 02B0     		add	sp, sp, #8
  71              	.LCFI1:
  72              		.cfi_def_cfa_offset 0
  73              		@ sp needed
  74 0030 7047     		bx	lr
  75              	.L4:
  76 0032 00BF     		.align	2
  77              	.L3:
  78 0034 00380240 		.word	1073887232
  79              		.cfi_endproc
  80              	.LFE72:
  82              		.section	.text.HAL_I2C_MspInit,"ax",%progbits
  83              		.align	1
  84              		.global	HAL_I2C_MspInit
  85              		.syntax unified
  86              		.thumb
  87              		.thumb_func
  89              	HAL_I2C_MspInit:
  90              	.LVL0:
  91              	.LFB73:
  78:Core/Src/stm32f2xx_hal_msp.c **** 
  79:Core/Src/stm32f2xx_hal_msp.c **** /**
  80:Core/Src/stm32f2xx_hal_msp.c **** * @brief I2C MSP Initialization
  81:Core/Src/stm32f2xx_hal_msp.c **** * This function configures the hardware resources used in this example
  82:Core/Src/stm32f2xx_hal_msp.c **** * @param hi2c: I2C handle pointer
  83:Core/Src/stm32f2xx_hal_msp.c **** * @retval None
ARM GAS  C:\Users\sangt\AppData\Local\Temp\cct71gp4.s 			page 4


  84:Core/Src/stm32f2xx_hal_msp.c **** */
  85:Core/Src/stm32f2xx_hal_msp.c **** void HAL_I2C_MspInit(I2C_HandleTypeDef* hi2c)
  86:Core/Src/stm32f2xx_hal_msp.c **** {
  92              		.loc 1 86 1 is_stmt 1 view -0
  93              		.cfi_startproc
  94              		@ args = 0, pretend = 0, frame = 32
  95              		@ frame_needed = 0, uses_anonymous_args = 0
  96              		.loc 1 86 1 is_stmt 0 view .LVU15
  97 0000 30B5     		push	{r4, r5, lr}
  98              	.LCFI2:
  99              		.cfi_def_cfa_offset 12
 100              		.cfi_offset 4, -12
 101              		.cfi_offset 5, -8
 102              		.cfi_offset 14, -4
 103 0002 89B0     		sub	sp, sp, #36
 104              	.LCFI3:
 105              		.cfi_def_cfa_offset 48
  87:Core/Src/stm32f2xx_hal_msp.c ****   GPIO_InitTypeDef GPIO_InitStruct = {0};
 106              		.loc 1 87 3 is_stmt 1 view .LVU16
 107              		.loc 1 87 20 is_stmt 0 view .LVU17
 108 0004 0023     		movs	r3, #0
 109 0006 0393     		str	r3, [sp, #12]
 110 0008 0493     		str	r3, [sp, #16]
 111 000a 0593     		str	r3, [sp, #20]
 112 000c 0693     		str	r3, [sp, #24]
 113 000e 0793     		str	r3, [sp, #28]
  88:Core/Src/stm32f2xx_hal_msp.c ****   if(hi2c->Instance==I2C1)
 114              		.loc 1 88 3 is_stmt 1 view .LVU18
 115              		.loc 1 88 10 is_stmt 0 view .LVU19
 116 0010 0268     		ldr	r2, [r0]
 117              		.loc 1 88 5 view .LVU20
 118 0012 144B     		ldr	r3, .L9
 119 0014 9A42     		cmp	r2, r3
 120 0016 01D0     		beq	.L8
 121              	.LVL1:
 122              	.L5:
  89:Core/Src/stm32f2xx_hal_msp.c ****   {
  90:Core/Src/stm32f2xx_hal_msp.c ****   /* USER CODE BEGIN I2C1_MspInit 0 */
  91:Core/Src/stm32f2xx_hal_msp.c **** 
  92:Core/Src/stm32f2xx_hal_msp.c ****   /* USER CODE END I2C1_MspInit 0 */
  93:Core/Src/stm32f2xx_hal_msp.c **** 
  94:Core/Src/stm32f2xx_hal_msp.c ****     __HAL_RCC_GPIOB_CLK_ENABLE();
  95:Core/Src/stm32f2xx_hal_msp.c ****     /**I2C1 GPIO Configuration
  96:Core/Src/stm32f2xx_hal_msp.c ****     PB6     ------> I2C1_SCL
  97:Core/Src/stm32f2xx_hal_msp.c ****     PB7     ------> I2C1_SDA
  98:Core/Src/stm32f2xx_hal_msp.c ****     */
  99:Core/Src/stm32f2xx_hal_msp.c ****     GPIO_InitStruct.Pin = OLED_SCL_Pin|OLED_SDA_Pin;
 100:Core/Src/stm32f2xx_hal_msp.c ****     GPIO_InitStruct.Mode = GPIO_MODE_AF_OD;
 101:Core/Src/stm32f2xx_hal_msp.c ****     GPIO_InitStruct.Pull = GPIO_NOPULL;
 102:Core/Src/stm32f2xx_hal_msp.c ****     GPIO_InitStruct.Speed = GPIO_SPEED_FREQ_VERY_HIGH;
 103:Core/Src/stm32f2xx_hal_msp.c ****     GPIO_InitStruct.Alternate = GPIO_AF4_I2C1;
 104:Core/Src/stm32f2xx_hal_msp.c ****     HAL_GPIO_Init(GPIOB, &GPIO_InitStruct);
 105:Core/Src/stm32f2xx_hal_msp.c **** 
 106:Core/Src/stm32f2xx_hal_msp.c ****     /* Peripheral clock enable */
 107:Core/Src/stm32f2xx_hal_msp.c ****     __HAL_RCC_I2C1_CLK_ENABLE();
 108:Core/Src/stm32f2xx_hal_msp.c ****   /* USER CODE BEGIN I2C1_MspInit 1 */
 109:Core/Src/stm32f2xx_hal_msp.c **** 
ARM GAS  C:\Users\sangt\AppData\Local\Temp\cct71gp4.s 			page 5


 110:Core/Src/stm32f2xx_hal_msp.c ****   /* USER CODE END I2C1_MspInit 1 */
 111:Core/Src/stm32f2xx_hal_msp.c ****   }
 112:Core/Src/stm32f2xx_hal_msp.c **** 
 113:Core/Src/stm32f2xx_hal_msp.c **** }
 123              		.loc 1 113 1 view .LVU21
 124 0018 09B0     		add	sp, sp, #36
 125              	.LCFI4:
 126              		.cfi_remember_state
 127              		.cfi_def_cfa_offset 12
 128              		@ sp needed
 129 001a 30BD     		pop	{r4, r5, pc}
 130              	.LVL2:
 131              	.L8:
 132              	.LCFI5:
 133              		.cfi_restore_state
  94:Core/Src/stm32f2xx_hal_msp.c ****     /**I2C1 GPIO Configuration
 134              		.loc 1 94 5 is_stmt 1 view .LVU22
 135              	.LBB4:
  94:Core/Src/stm32f2xx_hal_msp.c ****     /**I2C1 GPIO Configuration
 136              		.loc 1 94 5 view .LVU23
 137 001c 0025     		movs	r5, #0
 138 001e 0195     		str	r5, [sp, #4]
  94:Core/Src/stm32f2xx_hal_msp.c ****     /**I2C1 GPIO Configuration
 139              		.loc 1 94 5 view .LVU24
 140 0020 114C     		ldr	r4, .L9+4
 141 0022 236B     		ldr	r3, [r4, #48]
 142 0024 43F00203 		orr	r3, r3, #2
 143 0028 2363     		str	r3, [r4, #48]
  94:Core/Src/stm32f2xx_hal_msp.c ****     /**I2C1 GPIO Configuration
 144              		.loc 1 94 5 view .LVU25
 145 002a 236B     		ldr	r3, [r4, #48]
 146 002c 03F00203 		and	r3, r3, #2
 147 0030 0193     		str	r3, [sp, #4]
  94:Core/Src/stm32f2xx_hal_msp.c ****     /**I2C1 GPIO Configuration
 148              		.loc 1 94 5 view .LVU26
 149 0032 019B     		ldr	r3, [sp, #4]
 150              	.LBE4:
  94:Core/Src/stm32f2xx_hal_msp.c ****     /**I2C1 GPIO Configuration
 151              		.loc 1 94 5 view .LVU27
  99:Core/Src/stm32f2xx_hal_msp.c ****     GPIO_InitStruct.Mode = GPIO_MODE_AF_OD;
 152              		.loc 1 99 5 view .LVU28
  99:Core/Src/stm32f2xx_hal_msp.c ****     GPIO_InitStruct.Mode = GPIO_MODE_AF_OD;
 153              		.loc 1 99 25 is_stmt 0 view .LVU29
 154 0034 C023     		movs	r3, #192
 155 0036 0393     		str	r3, [sp, #12]
 100:Core/Src/stm32f2xx_hal_msp.c ****     GPIO_InitStruct.Pull = GPIO_NOPULL;
 156              		.loc 1 100 5 is_stmt 1 view .LVU30
 100:Core/Src/stm32f2xx_hal_msp.c ****     GPIO_InitStruct.Pull = GPIO_NOPULL;
 157              		.loc 1 100 26 is_stmt 0 view .LVU31
 158 0038 1223     		movs	r3, #18
 159 003a 0493     		str	r3, [sp, #16]
 101:Core/Src/stm32f2xx_hal_msp.c ****     GPIO_InitStruct.Speed = GPIO_SPEED_FREQ_VERY_HIGH;
 160              		.loc 1 101 5 is_stmt 1 view .LVU32
 102:Core/Src/stm32f2xx_hal_msp.c ****     GPIO_InitStruct.Alternate = GPIO_AF4_I2C1;
 161              		.loc 1 102 5 view .LVU33
 102:Core/Src/stm32f2xx_hal_msp.c ****     GPIO_InitStruct.Alternate = GPIO_AF4_I2C1;
 162              		.loc 1 102 27 is_stmt 0 view .LVU34
ARM GAS  C:\Users\sangt\AppData\Local\Temp\cct71gp4.s 			page 6


 163 003c 0323     		movs	r3, #3
 164 003e 0693     		str	r3, [sp, #24]
 103:Core/Src/stm32f2xx_hal_msp.c ****     HAL_GPIO_Init(GPIOB, &GPIO_InitStruct);
 165              		.loc 1 103 5 is_stmt 1 view .LVU35
 103:Core/Src/stm32f2xx_hal_msp.c ****     HAL_GPIO_Init(GPIOB, &GPIO_InitStruct);
 166              		.loc 1 103 31 is_stmt 0 view .LVU36
 167 0040 0423     		movs	r3, #4
 168 0042 0793     		str	r3, [sp, #28]
 104:Core/Src/stm32f2xx_hal_msp.c **** 
 169              		.loc 1 104 5 is_stmt 1 view .LVU37
 170 0044 03A9     		add	r1, sp, #12
 171 0046 0948     		ldr	r0, .L9+8
 172              	.LVL3:
 104:Core/Src/stm32f2xx_hal_msp.c **** 
 173              		.loc 1 104 5 is_stmt 0 view .LVU38
 174 0048 FFF7FEFF 		bl	HAL_GPIO_Init
 175              	.LVL4:
 107:Core/Src/stm32f2xx_hal_msp.c ****   /* USER CODE BEGIN I2C1_MspInit 1 */
 176              		.loc 1 107 5 is_stmt 1 view .LVU39
 177              	.LBB5:
 107:Core/Src/stm32f2xx_hal_msp.c ****   /* USER CODE BEGIN I2C1_MspInit 1 */
 178              		.loc 1 107 5 view .LVU40
 179 004c 0295     		str	r5, [sp, #8]
 107:Core/Src/stm32f2xx_hal_msp.c ****   /* USER CODE BEGIN I2C1_MspInit 1 */
 180              		.loc 1 107 5 view .LVU41
 181 004e 236C     		ldr	r3, [r4, #64]
 182 0050 43F40013 		orr	r3, r3, #2097152
 183 0054 2364     		str	r3, [r4, #64]
 107:Core/Src/stm32f2xx_hal_msp.c ****   /* USER CODE BEGIN I2C1_MspInit 1 */
 184              		.loc 1 107 5 view .LVU42
 185 0056 236C     		ldr	r3, [r4, #64]
 186 0058 03F40013 		and	r3, r3, #2097152
 187 005c 0293     		str	r3, [sp, #8]
 107:Core/Src/stm32f2xx_hal_msp.c ****   /* USER CODE BEGIN I2C1_MspInit 1 */
 188              		.loc 1 107 5 view .LVU43
 189 005e 029B     		ldr	r3, [sp, #8]
 190              	.LBE5:
 107:Core/Src/stm32f2xx_hal_msp.c ****   /* USER CODE BEGIN I2C1_MspInit 1 */
 191              		.loc 1 107 5 view .LVU44
 192              		.loc 1 113 1 is_stmt 0 view .LVU45
 193 0060 DAE7     		b	.L5
 194              	.L10:
 195 0062 00BF     		.align	2
 196              	.L9:
 197 0064 00540040 		.word	1073763328
 198 0068 00380240 		.word	1073887232
 199 006c 00040240 		.word	1073873920
 200              		.cfi_endproc
 201              	.LFE73:
 203              		.section	.text.HAL_I2C_MspDeInit,"ax",%progbits
 204              		.align	1
 205              		.global	HAL_I2C_MspDeInit
 206              		.syntax unified
 207              		.thumb
 208              		.thumb_func
 210              	HAL_I2C_MspDeInit:
 211              	.LVL5:
ARM GAS  C:\Users\sangt\AppData\Local\Temp\cct71gp4.s 			page 7


 212              	.LFB74:
 114:Core/Src/stm32f2xx_hal_msp.c **** 
 115:Core/Src/stm32f2xx_hal_msp.c **** /**
 116:Core/Src/stm32f2xx_hal_msp.c **** * @brief I2C MSP De-Initialization
 117:Core/Src/stm32f2xx_hal_msp.c **** * This function freeze the hardware resources used in this example
 118:Core/Src/stm32f2xx_hal_msp.c **** * @param hi2c: I2C handle pointer
 119:Core/Src/stm32f2xx_hal_msp.c **** * @retval None
 120:Core/Src/stm32f2xx_hal_msp.c **** */
 121:Core/Src/stm32f2xx_hal_msp.c **** void HAL_I2C_MspDeInit(I2C_HandleTypeDef* hi2c)
 122:Core/Src/stm32f2xx_hal_msp.c **** {
 213              		.loc 1 122 1 is_stmt 1 view -0
 214              		.cfi_startproc
 215              		@ args = 0, pretend = 0, frame = 0
 216              		@ frame_needed = 0, uses_anonymous_args = 0
 123:Core/Src/stm32f2xx_hal_msp.c ****   if(hi2c->Instance==I2C1)
 217              		.loc 1 123 3 view .LVU47
 218              		.loc 1 123 10 is_stmt 0 view .LVU48
 219 0000 0268     		ldr	r2, [r0]
 220              		.loc 1 123 5 view .LVU49
 221 0002 0A4B     		ldr	r3, .L18
 222 0004 9A42     		cmp	r2, r3
 223 0006 00D0     		beq	.L17
 224 0008 7047     		bx	lr
 225              	.L17:
 122:Core/Src/stm32f2xx_hal_msp.c ****   if(hi2c->Instance==I2C1)
 226              		.loc 1 122 1 view .LVU50
 227 000a 10B5     		push	{r4, lr}
 228              	.LCFI6:
 229              		.cfi_def_cfa_offset 8
 230              		.cfi_offset 4, -8
 231              		.cfi_offset 14, -4
 124:Core/Src/stm32f2xx_hal_msp.c ****   {
 125:Core/Src/stm32f2xx_hal_msp.c ****   /* USER CODE BEGIN I2C1_MspDeInit 0 */
 126:Core/Src/stm32f2xx_hal_msp.c **** 
 127:Core/Src/stm32f2xx_hal_msp.c ****   /* USER CODE END I2C1_MspDeInit 0 */
 128:Core/Src/stm32f2xx_hal_msp.c ****     /* Peripheral clock disable */
 129:Core/Src/stm32f2xx_hal_msp.c ****     __HAL_RCC_I2C1_CLK_DISABLE();
 232              		.loc 1 129 5 is_stmt 1 view .LVU51
 233 000c 084A     		ldr	r2, .L18+4
 234 000e 136C     		ldr	r3, [r2, #64]
 235 0010 23F40013 		bic	r3, r3, #2097152
 236 0014 1364     		str	r3, [r2, #64]
 130:Core/Src/stm32f2xx_hal_msp.c **** 
 131:Core/Src/stm32f2xx_hal_msp.c ****     /**I2C1 GPIO Configuration
 132:Core/Src/stm32f2xx_hal_msp.c ****     PB6     ------> I2C1_SCL
 133:Core/Src/stm32f2xx_hal_msp.c ****     PB7     ------> I2C1_SDA
 134:Core/Src/stm32f2xx_hal_msp.c ****     */
 135:Core/Src/stm32f2xx_hal_msp.c ****     HAL_GPIO_DeInit(OLED_SCL_GPIO_Port, OLED_SCL_Pin);
 237              		.loc 1 135 5 view .LVU52
 238 0016 074C     		ldr	r4, .L18+8
 239 0018 4021     		movs	r1, #64
 240 001a 2046     		mov	r0, r4
 241              	.LVL6:
 242              		.loc 1 135 5 is_stmt 0 view .LVU53
 243 001c FFF7FEFF 		bl	HAL_GPIO_DeInit
 244              	.LVL7:
 136:Core/Src/stm32f2xx_hal_msp.c **** 
ARM GAS  C:\Users\sangt\AppData\Local\Temp\cct71gp4.s 			page 8


 137:Core/Src/stm32f2xx_hal_msp.c ****     HAL_GPIO_DeInit(OLED_SDA_GPIO_Port, OLED_SDA_Pin);
 245              		.loc 1 137 5 is_stmt 1 view .LVU54
 246 0020 8021     		movs	r1, #128
 247 0022 2046     		mov	r0, r4
 248 0024 FFF7FEFF 		bl	HAL_GPIO_DeInit
 249              	.LVL8:
 138:Core/Src/stm32f2xx_hal_msp.c **** 
 139:Core/Src/stm32f2xx_hal_msp.c ****   /* USER CODE BEGIN I2C1_MspDeInit 1 */
 140:Core/Src/stm32f2xx_hal_msp.c **** 
 141:Core/Src/stm32f2xx_hal_msp.c ****   /* USER CODE END I2C1_MspDeInit 1 */
 142:Core/Src/stm32f2xx_hal_msp.c ****   }
 143:Core/Src/stm32f2xx_hal_msp.c **** 
 144:Core/Src/stm32f2xx_hal_msp.c **** }
 250              		.loc 1 144 1 is_stmt 0 view .LVU55
 251 0028 10BD     		pop	{r4, pc}
 252              	.L19:
 253 002a 00BF     		.align	2
 254              	.L18:
 255 002c 00540040 		.word	1073763328
 256 0030 00380240 		.word	1073887232
 257 0034 00040240 		.word	1073873920
 258              		.cfi_endproc
 259              	.LFE74:
 261              		.section	.text.HAL_SPI_MspInit,"ax",%progbits
 262              		.align	1
 263              		.global	HAL_SPI_MspInit
 264              		.syntax unified
 265              		.thumb
 266              		.thumb_func
 268              	HAL_SPI_MspInit:
 269              	.LVL9:
 270              	.LFB75:
 145:Core/Src/stm32f2xx_hal_msp.c **** 
 146:Core/Src/stm32f2xx_hal_msp.c **** /**
 147:Core/Src/stm32f2xx_hal_msp.c **** * @brief SPI MSP Initialization
 148:Core/Src/stm32f2xx_hal_msp.c **** * This function configures the hardware resources used in this example
 149:Core/Src/stm32f2xx_hal_msp.c **** * @param hspi: SPI handle pointer
 150:Core/Src/stm32f2xx_hal_msp.c **** * @retval None
 151:Core/Src/stm32f2xx_hal_msp.c **** */
 152:Core/Src/stm32f2xx_hal_msp.c **** void HAL_SPI_MspInit(SPI_HandleTypeDef* hspi)
 153:Core/Src/stm32f2xx_hal_msp.c **** {
 271              		.loc 1 153 1 is_stmt 1 view -0
 272              		.cfi_startproc
 273              		@ args = 0, pretend = 0, frame = 32
 274              		@ frame_needed = 0, uses_anonymous_args = 0
 275              		.loc 1 153 1 is_stmt 0 view .LVU57
 276 0000 00B5     		push	{lr}
 277              	.LCFI7:
 278              		.cfi_def_cfa_offset 4
 279              		.cfi_offset 14, -4
 280 0002 89B0     		sub	sp, sp, #36
 281              	.LCFI8:
 282              		.cfi_def_cfa_offset 40
 154:Core/Src/stm32f2xx_hal_msp.c ****   GPIO_InitTypeDef GPIO_InitStruct = {0};
 283              		.loc 1 154 3 is_stmt 1 view .LVU58
 284              		.loc 1 154 20 is_stmt 0 view .LVU59
 285 0004 0023     		movs	r3, #0
ARM GAS  C:\Users\sangt\AppData\Local\Temp\cct71gp4.s 			page 9


 286 0006 0393     		str	r3, [sp, #12]
 287 0008 0493     		str	r3, [sp, #16]
 288 000a 0593     		str	r3, [sp, #20]
 289 000c 0693     		str	r3, [sp, #24]
 290 000e 0793     		str	r3, [sp, #28]
 155:Core/Src/stm32f2xx_hal_msp.c ****   if(hspi->Instance==SPI1)
 291              		.loc 1 155 3 is_stmt 1 view .LVU60
 292              		.loc 1 155 10 is_stmt 0 view .LVU61
 293 0010 0268     		ldr	r2, [r0]
 294              		.loc 1 155 5 view .LVU62
 295 0012 154B     		ldr	r3, .L24
 296 0014 9A42     		cmp	r2, r3
 297 0016 02D0     		beq	.L23
 298              	.LVL10:
 299              	.L20:
 156:Core/Src/stm32f2xx_hal_msp.c ****   {
 157:Core/Src/stm32f2xx_hal_msp.c ****   /* USER CODE BEGIN SPI1_MspInit 0 */
 158:Core/Src/stm32f2xx_hal_msp.c **** 
 159:Core/Src/stm32f2xx_hal_msp.c ****   /* USER CODE END SPI1_MspInit 0 */
 160:Core/Src/stm32f2xx_hal_msp.c ****     /* Peripheral clock enable */
 161:Core/Src/stm32f2xx_hal_msp.c ****     __HAL_RCC_SPI1_CLK_ENABLE();
 162:Core/Src/stm32f2xx_hal_msp.c **** 
 163:Core/Src/stm32f2xx_hal_msp.c ****     __HAL_RCC_GPIOA_CLK_ENABLE();
 164:Core/Src/stm32f2xx_hal_msp.c ****     /**SPI1 GPIO Configuration
 165:Core/Src/stm32f2xx_hal_msp.c ****     PA5     ------> SPI1_SCK
 166:Core/Src/stm32f2xx_hal_msp.c ****     PA6     ------> SPI1_MISO
 167:Core/Src/stm32f2xx_hal_msp.c ****     PA7     ------> SPI1_MOSI
 168:Core/Src/stm32f2xx_hal_msp.c ****     */
 169:Core/Src/stm32f2xx_hal_msp.c ****     GPIO_InitStruct.Pin = RF_SCK_Pin|RF_MISO_Pin|RF_MOSI_Pin;
 170:Core/Src/stm32f2xx_hal_msp.c ****     GPIO_InitStruct.Mode = GPIO_MODE_AF_PP;
 171:Core/Src/stm32f2xx_hal_msp.c ****     GPIO_InitStruct.Pull = GPIO_NOPULL;
 172:Core/Src/stm32f2xx_hal_msp.c ****     GPIO_InitStruct.Speed = GPIO_SPEED_FREQ_VERY_HIGH;
 173:Core/Src/stm32f2xx_hal_msp.c ****     GPIO_InitStruct.Alternate = GPIO_AF5_SPI1;
 174:Core/Src/stm32f2xx_hal_msp.c ****     HAL_GPIO_Init(GPIOA, &GPIO_InitStruct);
 175:Core/Src/stm32f2xx_hal_msp.c **** 
 176:Core/Src/stm32f2xx_hal_msp.c ****   /* USER CODE BEGIN SPI1_MspInit 1 */
 177:Core/Src/stm32f2xx_hal_msp.c **** 
 178:Core/Src/stm32f2xx_hal_msp.c ****   /* USER CODE END SPI1_MspInit 1 */
 179:Core/Src/stm32f2xx_hal_msp.c ****   }
 180:Core/Src/stm32f2xx_hal_msp.c **** 
 181:Core/Src/stm32f2xx_hal_msp.c **** }
 300              		.loc 1 181 1 view .LVU63
 301 0018 09B0     		add	sp, sp, #36
 302              	.LCFI9:
 303              		.cfi_remember_state
 304              		.cfi_def_cfa_offset 4
 305              		@ sp needed
 306 001a 5DF804FB 		ldr	pc, [sp], #4
 307              	.LVL11:
 308              	.L23:
 309              	.LCFI10:
 310              		.cfi_restore_state
 161:Core/Src/stm32f2xx_hal_msp.c **** 
 311              		.loc 1 161 5 is_stmt 1 view .LVU64
 312              	.LBB6:
 161:Core/Src/stm32f2xx_hal_msp.c **** 
 313              		.loc 1 161 5 view .LVU65
ARM GAS  C:\Users\sangt\AppData\Local\Temp\cct71gp4.s 			page 10


 314 001e 0021     		movs	r1, #0
 315 0020 0191     		str	r1, [sp, #4]
 161:Core/Src/stm32f2xx_hal_msp.c **** 
 316              		.loc 1 161 5 view .LVU66
 317 0022 03F58433 		add	r3, r3, #67584
 318 0026 5A6C     		ldr	r2, [r3, #68]
 319 0028 42F48052 		orr	r2, r2, #4096
 320 002c 5A64     		str	r2, [r3, #68]
 161:Core/Src/stm32f2xx_hal_msp.c **** 
 321              		.loc 1 161 5 view .LVU67
 322 002e 5A6C     		ldr	r2, [r3, #68]
 323 0030 02F48052 		and	r2, r2, #4096
 324 0034 0192     		str	r2, [sp, #4]
 161:Core/Src/stm32f2xx_hal_msp.c **** 
 325              		.loc 1 161 5 view .LVU68
 326 0036 019A     		ldr	r2, [sp, #4]
 327              	.LBE6:
 161:Core/Src/stm32f2xx_hal_msp.c **** 
 328              		.loc 1 161 5 view .LVU69
 163:Core/Src/stm32f2xx_hal_msp.c ****     /**SPI1 GPIO Configuration
 329              		.loc 1 163 5 view .LVU70
 330              	.LBB7:
 163:Core/Src/stm32f2xx_hal_msp.c ****     /**SPI1 GPIO Configuration
 331              		.loc 1 163 5 view .LVU71
 332 0038 0291     		str	r1, [sp, #8]
 163:Core/Src/stm32f2xx_hal_msp.c ****     /**SPI1 GPIO Configuration
 333              		.loc 1 163 5 view .LVU72
 334 003a 1A6B     		ldr	r2, [r3, #48]
 335 003c 42F00102 		orr	r2, r2, #1
 336 0040 1A63     		str	r2, [r3, #48]
 163:Core/Src/stm32f2xx_hal_msp.c ****     /**SPI1 GPIO Configuration
 337              		.loc 1 163 5 view .LVU73
 338 0042 1B6B     		ldr	r3, [r3, #48]
 339 0044 03F00103 		and	r3, r3, #1
 340 0048 0293     		str	r3, [sp, #8]
 163:Core/Src/stm32f2xx_hal_msp.c ****     /**SPI1 GPIO Configuration
 341              		.loc 1 163 5 view .LVU74
 342 004a 029B     		ldr	r3, [sp, #8]
 343              	.LBE7:
 163:Core/Src/stm32f2xx_hal_msp.c ****     /**SPI1 GPIO Configuration
 344              		.loc 1 163 5 view .LVU75
 169:Core/Src/stm32f2xx_hal_msp.c ****     GPIO_InitStruct.Mode = GPIO_MODE_AF_PP;
 345              		.loc 1 169 5 view .LVU76
 169:Core/Src/stm32f2xx_hal_msp.c ****     GPIO_InitStruct.Mode = GPIO_MODE_AF_PP;
 346              		.loc 1 169 25 is_stmt 0 view .LVU77
 347 004c E023     		movs	r3, #224
 348 004e 0393     		str	r3, [sp, #12]
 170:Core/Src/stm32f2xx_hal_msp.c ****     GPIO_InitStruct.Pull = GPIO_NOPULL;
 349              		.loc 1 170 5 is_stmt 1 view .LVU78
 170:Core/Src/stm32f2xx_hal_msp.c ****     GPIO_InitStruct.Pull = GPIO_NOPULL;
 350              		.loc 1 170 26 is_stmt 0 view .LVU79
 351 0050 0223     		movs	r3, #2
 352 0052 0493     		str	r3, [sp, #16]
 171:Core/Src/stm32f2xx_hal_msp.c ****     GPIO_InitStruct.Speed = GPIO_SPEED_FREQ_VERY_HIGH;
 353              		.loc 1 171 5 is_stmt 1 view .LVU80
 172:Core/Src/stm32f2xx_hal_msp.c ****     GPIO_InitStruct.Alternate = GPIO_AF5_SPI1;
 354              		.loc 1 172 5 view .LVU81
ARM GAS  C:\Users\sangt\AppData\Local\Temp\cct71gp4.s 			page 11


 172:Core/Src/stm32f2xx_hal_msp.c ****     GPIO_InitStruct.Alternate = GPIO_AF5_SPI1;
 355              		.loc 1 172 27 is_stmt 0 view .LVU82
 356 0054 0323     		movs	r3, #3
 357 0056 0693     		str	r3, [sp, #24]
 173:Core/Src/stm32f2xx_hal_msp.c ****     HAL_GPIO_Init(GPIOA, &GPIO_InitStruct);
 358              		.loc 1 173 5 is_stmt 1 view .LVU83
 173:Core/Src/stm32f2xx_hal_msp.c ****     HAL_GPIO_Init(GPIOA, &GPIO_InitStruct);
 359              		.loc 1 173 31 is_stmt 0 view .LVU84
 360 0058 0523     		movs	r3, #5
 361 005a 0793     		str	r3, [sp, #28]
 174:Core/Src/stm32f2xx_hal_msp.c **** 
 362              		.loc 1 174 5 is_stmt 1 view .LVU85
 363 005c 03A9     		add	r1, sp, #12
 364 005e 0348     		ldr	r0, .L24+4
 365              	.LVL12:
 174:Core/Src/stm32f2xx_hal_msp.c **** 
 366              		.loc 1 174 5 is_stmt 0 view .LVU86
 367 0060 FFF7FEFF 		bl	HAL_GPIO_Init
 368              	.LVL13:
 369              		.loc 1 181 1 view .LVU87
 370 0064 D8E7     		b	.L20
 371              	.L25:
 372 0066 00BF     		.align	2
 373              	.L24:
 374 0068 00300140 		.word	1073819648
 375 006c 00000240 		.word	1073872896
 376              		.cfi_endproc
 377              	.LFE75:
 379              		.section	.text.HAL_SPI_MspDeInit,"ax",%progbits
 380              		.align	1
 381              		.global	HAL_SPI_MspDeInit
 382              		.syntax unified
 383              		.thumb
 384              		.thumb_func
 386              	HAL_SPI_MspDeInit:
 387              	.LVL14:
 388              	.LFB76:
 182:Core/Src/stm32f2xx_hal_msp.c **** 
 183:Core/Src/stm32f2xx_hal_msp.c **** /**
 184:Core/Src/stm32f2xx_hal_msp.c **** * @brief SPI MSP De-Initialization
 185:Core/Src/stm32f2xx_hal_msp.c **** * This function freeze the hardware resources used in this example
 186:Core/Src/stm32f2xx_hal_msp.c **** * @param hspi: SPI handle pointer
 187:Core/Src/stm32f2xx_hal_msp.c **** * @retval None
 188:Core/Src/stm32f2xx_hal_msp.c **** */
 189:Core/Src/stm32f2xx_hal_msp.c **** void HAL_SPI_MspDeInit(SPI_HandleTypeDef* hspi)
 190:Core/Src/stm32f2xx_hal_msp.c **** {
 389              		.loc 1 190 1 is_stmt 1 view -0
 390              		.cfi_startproc
 391              		@ args = 0, pretend = 0, frame = 0
 392              		@ frame_needed = 0, uses_anonymous_args = 0
 393              		.loc 1 190 1 is_stmt 0 view .LVU89
 394 0000 08B5     		push	{r3, lr}
 395              	.LCFI11:
 396              		.cfi_def_cfa_offset 8
 397              		.cfi_offset 3, -8
 398              		.cfi_offset 14, -4
 191:Core/Src/stm32f2xx_hal_msp.c ****   if(hspi->Instance==SPI1)
ARM GAS  C:\Users\sangt\AppData\Local\Temp\cct71gp4.s 			page 12


 399              		.loc 1 191 3 is_stmt 1 view .LVU90
 400              		.loc 1 191 10 is_stmt 0 view .LVU91
 401 0002 0268     		ldr	r2, [r0]
 402              		.loc 1 191 5 view .LVU92
 403 0004 064B     		ldr	r3, .L30
 404 0006 9A42     		cmp	r2, r3
 405 0008 00D0     		beq	.L29
 406              	.LVL15:
 407              	.L26:
 192:Core/Src/stm32f2xx_hal_msp.c ****   {
 193:Core/Src/stm32f2xx_hal_msp.c ****   /* USER CODE BEGIN SPI1_MspDeInit 0 */
 194:Core/Src/stm32f2xx_hal_msp.c **** 
 195:Core/Src/stm32f2xx_hal_msp.c ****   /* USER CODE END SPI1_MspDeInit 0 */
 196:Core/Src/stm32f2xx_hal_msp.c ****     /* Peripheral clock disable */
 197:Core/Src/stm32f2xx_hal_msp.c ****     __HAL_RCC_SPI1_CLK_DISABLE();
 198:Core/Src/stm32f2xx_hal_msp.c **** 
 199:Core/Src/stm32f2xx_hal_msp.c ****     /**SPI1 GPIO Configuration
 200:Core/Src/stm32f2xx_hal_msp.c ****     PA5     ------> SPI1_SCK
 201:Core/Src/stm32f2xx_hal_msp.c ****     PA6     ------> SPI1_MISO
 202:Core/Src/stm32f2xx_hal_msp.c ****     PA7     ------> SPI1_MOSI
 203:Core/Src/stm32f2xx_hal_msp.c ****     */
 204:Core/Src/stm32f2xx_hal_msp.c ****     HAL_GPIO_DeInit(GPIOA, RF_SCK_Pin|RF_MISO_Pin|RF_MOSI_Pin);
 205:Core/Src/stm32f2xx_hal_msp.c **** 
 206:Core/Src/stm32f2xx_hal_msp.c ****   /* USER CODE BEGIN SPI1_MspDeInit 1 */
 207:Core/Src/stm32f2xx_hal_msp.c **** 
 208:Core/Src/stm32f2xx_hal_msp.c ****   /* USER CODE END SPI1_MspDeInit 1 */
 209:Core/Src/stm32f2xx_hal_msp.c ****   }
 210:Core/Src/stm32f2xx_hal_msp.c **** 
 211:Core/Src/stm32f2xx_hal_msp.c **** }
 408              		.loc 1 211 1 view .LVU93
 409 000a 08BD     		pop	{r3, pc}
 410              	.LVL16:
 411              	.L29:
 197:Core/Src/stm32f2xx_hal_msp.c **** 
 412              		.loc 1 197 5 is_stmt 1 view .LVU94
 413 000c 054A     		ldr	r2, .L30+4
 414 000e 536C     		ldr	r3, [r2, #68]
 415 0010 23F48053 		bic	r3, r3, #4096
 416 0014 5364     		str	r3, [r2, #68]
 204:Core/Src/stm32f2xx_hal_msp.c **** 
 417              		.loc 1 204 5 view .LVU95
 418 0016 E021     		movs	r1, #224
 419 0018 0348     		ldr	r0, .L30+8
 420              	.LVL17:
 204:Core/Src/stm32f2xx_hal_msp.c **** 
 421              		.loc 1 204 5 is_stmt 0 view .LVU96
 422 001a FFF7FEFF 		bl	HAL_GPIO_DeInit
 423              	.LVL18:
 424              		.loc 1 211 1 view .LVU97
 425 001e F4E7     		b	.L26
 426              	.L31:
 427              		.align	2
 428              	.L30:
 429 0020 00300140 		.word	1073819648
 430 0024 00380240 		.word	1073887232
 431 0028 00000240 		.word	1073872896
 432              		.cfi_endproc
ARM GAS  C:\Users\sangt\AppData\Local\Temp\cct71gp4.s 			page 13


 433              	.LFE76:
 435              		.section	.text.HAL_UART_MspInit,"ax",%progbits
 436              		.align	1
 437              		.global	HAL_UART_MspInit
 438              		.syntax unified
 439              		.thumb
 440              		.thumb_func
 442              	HAL_UART_MspInit:
 443              	.LVL19:
 444              	.LFB77:
 212:Core/Src/stm32f2xx_hal_msp.c **** 
 213:Core/Src/stm32f2xx_hal_msp.c **** /**
 214:Core/Src/stm32f2xx_hal_msp.c **** * @brief UART MSP Initialization
 215:Core/Src/stm32f2xx_hal_msp.c **** * This function configures the hardware resources used in this example
 216:Core/Src/stm32f2xx_hal_msp.c **** * @param huart: UART handle pointer
 217:Core/Src/stm32f2xx_hal_msp.c **** * @retval None
 218:Core/Src/stm32f2xx_hal_msp.c **** */
 219:Core/Src/stm32f2xx_hal_msp.c **** void HAL_UART_MspInit(UART_HandleTypeDef* huart)
 220:Core/Src/stm32f2xx_hal_msp.c **** {
 445              		.loc 1 220 1 is_stmt 1 view -0
 446              		.cfi_startproc
 447              		@ args = 0, pretend = 0, frame = 48
 448              		@ frame_needed = 0, uses_anonymous_args = 0
 449              		.loc 1 220 1 is_stmt 0 view .LVU99
 450 0000 00B5     		push	{lr}
 451              	.LCFI12:
 452              		.cfi_def_cfa_offset 4
 453              		.cfi_offset 14, -4
 454 0002 8DB0     		sub	sp, sp, #52
 455              	.LCFI13:
 456              		.cfi_def_cfa_offset 56
 221:Core/Src/stm32f2xx_hal_msp.c ****   GPIO_InitTypeDef GPIO_InitStruct = {0};
 457              		.loc 1 221 3 is_stmt 1 view .LVU100
 458              		.loc 1 221 20 is_stmt 0 view .LVU101
 459 0004 0023     		movs	r3, #0
 460 0006 0793     		str	r3, [sp, #28]
 461 0008 0893     		str	r3, [sp, #32]
 462 000a 0993     		str	r3, [sp, #36]
 463 000c 0A93     		str	r3, [sp, #40]
 464 000e 0B93     		str	r3, [sp, #44]
 222:Core/Src/stm32f2xx_hal_msp.c ****   if(huart->Instance==USART1)
 465              		.loc 1 222 3 is_stmt 1 view .LVU102
 466              		.loc 1 222 11 is_stmt 0 view .LVU103
 467 0010 0368     		ldr	r3, [r0]
 468              		.loc 1 222 5 view .LVU104
 469 0012 3B4A     		ldr	r2, .L40
 470 0014 9342     		cmp	r3, r2
 471 0016 08D0     		beq	.L37
 223:Core/Src/stm32f2xx_hal_msp.c ****   {
 224:Core/Src/stm32f2xx_hal_msp.c ****   /* USER CODE BEGIN USART1_MspInit 0 */
 225:Core/Src/stm32f2xx_hal_msp.c **** 
 226:Core/Src/stm32f2xx_hal_msp.c ****   /* USER CODE END USART1_MspInit 0 */
 227:Core/Src/stm32f2xx_hal_msp.c ****     /* Peripheral clock enable */
 228:Core/Src/stm32f2xx_hal_msp.c ****     __HAL_RCC_USART1_CLK_ENABLE();
 229:Core/Src/stm32f2xx_hal_msp.c **** 
 230:Core/Src/stm32f2xx_hal_msp.c ****     __HAL_RCC_GPIOA_CLK_ENABLE();
 231:Core/Src/stm32f2xx_hal_msp.c ****     /**USART1 GPIO Configuration
ARM GAS  C:\Users\sangt\AppData\Local\Temp\cct71gp4.s 			page 14


 232:Core/Src/stm32f2xx_hal_msp.c ****     PA9     ------> USART1_TX
 233:Core/Src/stm32f2xx_hal_msp.c ****     PA10     ------> USART1_RX
 234:Core/Src/stm32f2xx_hal_msp.c ****     */
 235:Core/Src/stm32f2xx_hal_msp.c ****     GPIO_InitStruct.Pin = TEL_FC_TX_Pin|TEL_FC_RX_Pin;
 236:Core/Src/stm32f2xx_hal_msp.c ****     GPIO_InitStruct.Mode = GPIO_MODE_AF_PP;
 237:Core/Src/stm32f2xx_hal_msp.c ****     GPIO_InitStruct.Pull = GPIO_NOPULL;
 238:Core/Src/stm32f2xx_hal_msp.c ****     GPIO_InitStruct.Speed = GPIO_SPEED_FREQ_VERY_HIGH;
 239:Core/Src/stm32f2xx_hal_msp.c ****     GPIO_InitStruct.Alternate = GPIO_AF7_USART1;
 240:Core/Src/stm32f2xx_hal_msp.c ****     HAL_GPIO_Init(GPIOA, &GPIO_InitStruct);
 241:Core/Src/stm32f2xx_hal_msp.c **** 
 242:Core/Src/stm32f2xx_hal_msp.c ****   /* USER CODE BEGIN USART1_MspInit 1 */
 243:Core/Src/stm32f2xx_hal_msp.c **** 
 244:Core/Src/stm32f2xx_hal_msp.c ****   /* USER CODE END USART1_MspInit 1 */
 245:Core/Src/stm32f2xx_hal_msp.c ****   }
 246:Core/Src/stm32f2xx_hal_msp.c ****   else if(huart->Instance==USART2)
 472              		.loc 1 246 8 is_stmt 1 view .LVU105
 473              		.loc 1 246 10 is_stmt 0 view .LVU106
 474 0018 3A4A     		ldr	r2, .L40+4
 475 001a 9342     		cmp	r3, r2
 476 001c 29D0     		beq	.L38
 247:Core/Src/stm32f2xx_hal_msp.c ****   {
 248:Core/Src/stm32f2xx_hal_msp.c ****   /* USER CODE BEGIN USART2_MspInit 0 */
 249:Core/Src/stm32f2xx_hal_msp.c **** 
 250:Core/Src/stm32f2xx_hal_msp.c ****   /* USER CODE END USART2_MspInit 0 */
 251:Core/Src/stm32f2xx_hal_msp.c ****     /* Peripheral clock enable */
 252:Core/Src/stm32f2xx_hal_msp.c ****     __HAL_RCC_USART2_CLK_ENABLE();
 253:Core/Src/stm32f2xx_hal_msp.c **** 
 254:Core/Src/stm32f2xx_hal_msp.c ****     __HAL_RCC_GPIOA_CLK_ENABLE();
 255:Core/Src/stm32f2xx_hal_msp.c ****     /**USART2 GPIO Configuration
 256:Core/Src/stm32f2xx_hal_msp.c ****     PA2     ------> USART2_TX
 257:Core/Src/stm32f2xx_hal_msp.c ****     PA3     ------> USART2_RX
 258:Core/Src/stm32f2xx_hal_msp.c ****     */
 259:Core/Src/stm32f2xx_hal_msp.c ****     GPIO_InitStruct.Pin = GPIO_PIN_2|GPIO_PIN_3;
 260:Core/Src/stm32f2xx_hal_msp.c ****     GPIO_InitStruct.Mode = GPIO_MODE_AF_PP;
 261:Core/Src/stm32f2xx_hal_msp.c ****     GPIO_InitStruct.Pull = GPIO_NOPULL;
 262:Core/Src/stm32f2xx_hal_msp.c ****     GPIO_InitStruct.Speed = GPIO_SPEED_FREQ_VERY_HIGH;
 263:Core/Src/stm32f2xx_hal_msp.c ****     GPIO_InitStruct.Alternate = GPIO_AF7_USART2;
 264:Core/Src/stm32f2xx_hal_msp.c ****     HAL_GPIO_Init(GPIOA, &GPIO_InitStruct);
 265:Core/Src/stm32f2xx_hal_msp.c **** 
 266:Core/Src/stm32f2xx_hal_msp.c ****   /* USER CODE BEGIN USART2_MspInit 1 */
 267:Core/Src/stm32f2xx_hal_msp.c **** 
 268:Core/Src/stm32f2xx_hal_msp.c ****   /* USER CODE END USART2_MspInit 1 */
 269:Core/Src/stm32f2xx_hal_msp.c ****   }
 270:Core/Src/stm32f2xx_hal_msp.c ****   else if(huart->Instance==USART3)
 477              		.loc 1 270 8 is_stmt 1 view .LVU107
 478              		.loc 1 270 10 is_stmt 0 view .LVU108
 479 001e 3A4A     		ldr	r2, .L40+8
 480 0020 9342     		cmp	r3, r2
 481 0022 49D0     		beq	.L39
 482              	.LVL20:
 483              	.L32:
 271:Core/Src/stm32f2xx_hal_msp.c ****   {
 272:Core/Src/stm32f2xx_hal_msp.c ****   /* USER CODE BEGIN USART3_MspInit 0 */
 273:Core/Src/stm32f2xx_hal_msp.c **** 
 274:Core/Src/stm32f2xx_hal_msp.c ****   /* USER CODE END USART3_MspInit 0 */
 275:Core/Src/stm32f2xx_hal_msp.c ****     /* Peripheral clock enable */
 276:Core/Src/stm32f2xx_hal_msp.c ****     __HAL_RCC_USART3_CLK_ENABLE();
ARM GAS  C:\Users\sangt\AppData\Local\Temp\cct71gp4.s 			page 15


 277:Core/Src/stm32f2xx_hal_msp.c **** 
 278:Core/Src/stm32f2xx_hal_msp.c ****     __HAL_RCC_GPIOB_CLK_ENABLE();
 279:Core/Src/stm32f2xx_hal_msp.c ****     /**USART3 GPIO Configuration
 280:Core/Src/stm32f2xx_hal_msp.c ****     PB10     ------> USART3_TX
 281:Core/Src/stm32f2xx_hal_msp.c ****     PB11     ------> USART3_RX
 282:Core/Src/stm32f2xx_hal_msp.c ****     */
 283:Core/Src/stm32f2xx_hal_msp.c ****     GPIO_InitStruct.Pin = CP_TX_Pin|CP_RX_Pin;
 284:Core/Src/stm32f2xx_hal_msp.c ****     GPIO_InitStruct.Mode = GPIO_MODE_AF_PP;
 285:Core/Src/stm32f2xx_hal_msp.c ****     GPIO_InitStruct.Pull = GPIO_NOPULL;
 286:Core/Src/stm32f2xx_hal_msp.c ****     GPIO_InitStruct.Speed = GPIO_SPEED_FREQ_VERY_HIGH;
 287:Core/Src/stm32f2xx_hal_msp.c ****     GPIO_InitStruct.Alternate = GPIO_AF7_USART3;
 288:Core/Src/stm32f2xx_hal_msp.c ****     HAL_GPIO_Init(GPIOB, &GPIO_InitStruct);
 289:Core/Src/stm32f2xx_hal_msp.c **** 
 290:Core/Src/stm32f2xx_hal_msp.c ****   /* USER CODE BEGIN USART3_MspInit 1 */
 291:Core/Src/stm32f2xx_hal_msp.c **** 
 292:Core/Src/stm32f2xx_hal_msp.c ****   /* USER CODE END USART3_MspInit 1 */
 293:Core/Src/stm32f2xx_hal_msp.c ****   }
 294:Core/Src/stm32f2xx_hal_msp.c **** 
 295:Core/Src/stm32f2xx_hal_msp.c **** }
 484              		.loc 1 295 1 view .LVU109
 485 0024 0DB0     		add	sp, sp, #52
 486              	.LCFI14:
 487              		.cfi_remember_state
 488              		.cfi_def_cfa_offset 4
 489              		@ sp needed
 490 0026 5DF804FB 		ldr	pc, [sp], #4
 491              	.LVL21:
 492              	.L37:
 493              	.LCFI15:
 494              		.cfi_restore_state
 228:Core/Src/stm32f2xx_hal_msp.c **** 
 495              		.loc 1 228 5 is_stmt 1 view .LVU110
 496              	.LBB8:
 228:Core/Src/stm32f2xx_hal_msp.c **** 
 497              		.loc 1 228 5 view .LVU111
 498 002a 0021     		movs	r1, #0
 499 002c 0191     		str	r1, [sp, #4]
 228:Core/Src/stm32f2xx_hal_msp.c **** 
 500              		.loc 1 228 5 view .LVU112
 501 002e 374B     		ldr	r3, .L40+12
 502 0030 5A6C     		ldr	r2, [r3, #68]
 503 0032 42F01002 		orr	r2, r2, #16
 504 0036 5A64     		str	r2, [r3, #68]
 228:Core/Src/stm32f2xx_hal_msp.c **** 
 505              		.loc 1 228 5 view .LVU113
 506 0038 5A6C     		ldr	r2, [r3, #68]
 507 003a 02F01002 		and	r2, r2, #16
 508 003e 0192     		str	r2, [sp, #4]
 228:Core/Src/stm32f2xx_hal_msp.c **** 
 509              		.loc 1 228 5 view .LVU114
 510 0040 019A     		ldr	r2, [sp, #4]
 511              	.LBE8:
 228:Core/Src/stm32f2xx_hal_msp.c **** 
 512              		.loc 1 228 5 view .LVU115
 230:Core/Src/stm32f2xx_hal_msp.c ****     /**USART1 GPIO Configuration
 513              		.loc 1 230 5 view .LVU116
 514              	.LBB9:
ARM GAS  C:\Users\sangt\AppData\Local\Temp\cct71gp4.s 			page 16


 230:Core/Src/stm32f2xx_hal_msp.c ****     /**USART1 GPIO Configuration
 515              		.loc 1 230 5 view .LVU117
 516 0042 0291     		str	r1, [sp, #8]
 230:Core/Src/stm32f2xx_hal_msp.c ****     /**USART1 GPIO Configuration
 517              		.loc 1 230 5 view .LVU118
 518 0044 1A6B     		ldr	r2, [r3, #48]
 519 0046 42F00102 		orr	r2, r2, #1
 520 004a 1A63     		str	r2, [r3, #48]
 230:Core/Src/stm32f2xx_hal_msp.c ****     /**USART1 GPIO Configuration
 521              		.loc 1 230 5 view .LVU119
 522 004c 1B6B     		ldr	r3, [r3, #48]
 523 004e 03F00103 		and	r3, r3, #1
 524 0052 0293     		str	r3, [sp, #8]
 230:Core/Src/stm32f2xx_hal_msp.c ****     /**USART1 GPIO Configuration
 525              		.loc 1 230 5 view .LVU120
 526 0054 029B     		ldr	r3, [sp, #8]
 527              	.LBE9:
 230:Core/Src/stm32f2xx_hal_msp.c ****     /**USART1 GPIO Configuration
 528              		.loc 1 230 5 view .LVU121
 235:Core/Src/stm32f2xx_hal_msp.c ****     GPIO_InitStruct.Mode = GPIO_MODE_AF_PP;
 529              		.loc 1 235 5 view .LVU122
 235:Core/Src/stm32f2xx_hal_msp.c ****     GPIO_InitStruct.Mode = GPIO_MODE_AF_PP;
 530              		.loc 1 235 25 is_stmt 0 view .LVU123
 531 0056 4FF4C063 		mov	r3, #1536
 532 005a 0793     		str	r3, [sp, #28]
 236:Core/Src/stm32f2xx_hal_msp.c ****     GPIO_InitStruct.Pull = GPIO_NOPULL;
 533              		.loc 1 236 5 is_stmt 1 view .LVU124
 236:Core/Src/stm32f2xx_hal_msp.c ****     GPIO_InitStruct.Pull = GPIO_NOPULL;
 534              		.loc 1 236 26 is_stmt 0 view .LVU125
 535 005c 0223     		movs	r3, #2
 536 005e 0893     		str	r3, [sp, #32]
 237:Core/Src/stm32f2xx_hal_msp.c ****     GPIO_InitStruct.Speed = GPIO_SPEED_FREQ_VERY_HIGH;
 537              		.loc 1 237 5 is_stmt 1 view .LVU126
 238:Core/Src/stm32f2xx_hal_msp.c ****     GPIO_InitStruct.Alternate = GPIO_AF7_USART1;
 538              		.loc 1 238 5 view .LVU127
 238:Core/Src/stm32f2xx_hal_msp.c ****     GPIO_InitStruct.Alternate = GPIO_AF7_USART1;
 539              		.loc 1 238 27 is_stmt 0 view .LVU128
 540 0060 0323     		movs	r3, #3
 541 0062 0A93     		str	r3, [sp, #40]
 239:Core/Src/stm32f2xx_hal_msp.c ****     HAL_GPIO_Init(GPIOA, &GPIO_InitStruct);
 542              		.loc 1 239 5 is_stmt 1 view .LVU129
 239:Core/Src/stm32f2xx_hal_msp.c ****     HAL_GPIO_Init(GPIOA, &GPIO_InitStruct);
 543              		.loc 1 239 31 is_stmt 0 view .LVU130
 544 0064 0723     		movs	r3, #7
 545 0066 0B93     		str	r3, [sp, #44]
 240:Core/Src/stm32f2xx_hal_msp.c **** 
 546              		.loc 1 240 5 is_stmt 1 view .LVU131
 547 0068 07A9     		add	r1, sp, #28
 548 006a 2948     		ldr	r0, .L40+16
 549              	.LVL22:
 240:Core/Src/stm32f2xx_hal_msp.c **** 
 550              		.loc 1 240 5 is_stmt 0 view .LVU132
 551 006c FFF7FEFF 		bl	HAL_GPIO_Init
 552              	.LVL23:
 553 0070 D8E7     		b	.L32
 554              	.LVL24:
 555              	.L38:
ARM GAS  C:\Users\sangt\AppData\Local\Temp\cct71gp4.s 			page 17


 252:Core/Src/stm32f2xx_hal_msp.c **** 
 556              		.loc 1 252 5 is_stmt 1 view .LVU133
 557              	.LBB10:
 252:Core/Src/stm32f2xx_hal_msp.c **** 
 558              		.loc 1 252 5 view .LVU134
 559 0072 0021     		movs	r1, #0
 560 0074 0391     		str	r1, [sp, #12]
 252:Core/Src/stm32f2xx_hal_msp.c **** 
 561              		.loc 1 252 5 view .LVU135
 562 0076 254B     		ldr	r3, .L40+12
 563 0078 1A6C     		ldr	r2, [r3, #64]
 564 007a 42F40032 		orr	r2, r2, #131072
 565 007e 1A64     		str	r2, [r3, #64]
 252:Core/Src/stm32f2xx_hal_msp.c **** 
 566              		.loc 1 252 5 view .LVU136
 567 0080 1A6C     		ldr	r2, [r3, #64]
 568 0082 02F40032 		and	r2, r2, #131072
 569 0086 0392     		str	r2, [sp, #12]
 252:Core/Src/stm32f2xx_hal_msp.c **** 
 570              		.loc 1 252 5 view .LVU137
 571 0088 039A     		ldr	r2, [sp, #12]
 572              	.LBE10:
 252:Core/Src/stm32f2xx_hal_msp.c **** 
 573              		.loc 1 252 5 view .LVU138
 254:Core/Src/stm32f2xx_hal_msp.c ****     /**USART2 GPIO Configuration
 574              		.loc 1 254 5 view .LVU139
 575              	.LBB11:
 254:Core/Src/stm32f2xx_hal_msp.c ****     /**USART2 GPIO Configuration
 576              		.loc 1 254 5 view .LVU140
 577 008a 0491     		str	r1, [sp, #16]
 254:Core/Src/stm32f2xx_hal_msp.c ****     /**USART2 GPIO Configuration
 578              		.loc 1 254 5 view .LVU141
 579 008c 1A6B     		ldr	r2, [r3, #48]
 580 008e 42F00102 		orr	r2, r2, #1
 581 0092 1A63     		str	r2, [r3, #48]
 254:Core/Src/stm32f2xx_hal_msp.c ****     /**USART2 GPIO Configuration
 582              		.loc 1 254 5 view .LVU142
 583 0094 1B6B     		ldr	r3, [r3, #48]
 584 0096 03F00103 		and	r3, r3, #1
 585 009a 0493     		str	r3, [sp, #16]
 254:Core/Src/stm32f2xx_hal_msp.c ****     /**USART2 GPIO Configuration
 586              		.loc 1 254 5 view .LVU143
 587 009c 049B     		ldr	r3, [sp, #16]
 588              	.LBE11:
 254:Core/Src/stm32f2xx_hal_msp.c ****     /**USART2 GPIO Configuration
 589              		.loc 1 254 5 view .LVU144
 259:Core/Src/stm32f2xx_hal_msp.c ****     GPIO_InitStruct.Mode = GPIO_MODE_AF_PP;
 590              		.loc 1 259 5 view .LVU145
 259:Core/Src/stm32f2xx_hal_msp.c ****     GPIO_InitStruct.Mode = GPIO_MODE_AF_PP;
 591              		.loc 1 259 25 is_stmt 0 view .LVU146
 592 009e 0C23     		movs	r3, #12
 593 00a0 0793     		str	r3, [sp, #28]
 260:Core/Src/stm32f2xx_hal_msp.c ****     GPIO_InitStruct.Pull = GPIO_NOPULL;
 594              		.loc 1 260 5 is_stmt 1 view .LVU147
 260:Core/Src/stm32f2xx_hal_msp.c ****     GPIO_InitStruct.Pull = GPIO_NOPULL;
 595              		.loc 1 260 26 is_stmt 0 view .LVU148
 596 00a2 0223     		movs	r3, #2
ARM GAS  C:\Users\sangt\AppData\Local\Temp\cct71gp4.s 			page 18


 597 00a4 0893     		str	r3, [sp, #32]
 261:Core/Src/stm32f2xx_hal_msp.c ****     GPIO_InitStruct.Speed = GPIO_SPEED_FREQ_VERY_HIGH;
 598              		.loc 1 261 5 is_stmt 1 view .LVU149
 262:Core/Src/stm32f2xx_hal_msp.c ****     GPIO_InitStruct.Alternate = GPIO_AF7_USART2;
 599              		.loc 1 262 5 view .LVU150
 262:Core/Src/stm32f2xx_hal_msp.c ****     GPIO_InitStruct.Alternate = GPIO_AF7_USART2;
 600              		.loc 1 262 27 is_stmt 0 view .LVU151
 601 00a6 0323     		movs	r3, #3
 602 00a8 0A93     		str	r3, [sp, #40]
 263:Core/Src/stm32f2xx_hal_msp.c ****     HAL_GPIO_Init(GPIOA, &GPIO_InitStruct);
 603              		.loc 1 263 5 is_stmt 1 view .LVU152
 263:Core/Src/stm32f2xx_hal_msp.c ****     HAL_GPIO_Init(GPIOA, &GPIO_InitStruct);
 604              		.loc 1 263 31 is_stmt 0 view .LVU153
 605 00aa 0723     		movs	r3, #7
 606 00ac 0B93     		str	r3, [sp, #44]
 264:Core/Src/stm32f2xx_hal_msp.c **** 
 607              		.loc 1 264 5 is_stmt 1 view .LVU154
 608 00ae 07A9     		add	r1, sp, #28
 609 00b0 1748     		ldr	r0, .L40+16
 610              	.LVL25:
 264:Core/Src/stm32f2xx_hal_msp.c **** 
 611              		.loc 1 264 5 is_stmt 0 view .LVU155
 612 00b2 FFF7FEFF 		bl	HAL_GPIO_Init
 613              	.LVL26:
 614 00b6 B5E7     		b	.L32
 615              	.LVL27:
 616              	.L39:
 276:Core/Src/stm32f2xx_hal_msp.c **** 
 617              		.loc 1 276 5 is_stmt 1 view .LVU156
 618              	.LBB12:
 276:Core/Src/stm32f2xx_hal_msp.c **** 
 619              		.loc 1 276 5 view .LVU157
 620 00b8 0021     		movs	r1, #0
 621 00ba 0591     		str	r1, [sp, #20]
 276:Core/Src/stm32f2xx_hal_msp.c **** 
 622              		.loc 1 276 5 view .LVU158
 623 00bc 134B     		ldr	r3, .L40+12
 624 00be 1A6C     		ldr	r2, [r3, #64]
 625 00c0 42F48022 		orr	r2, r2, #262144
 626 00c4 1A64     		str	r2, [r3, #64]
 276:Core/Src/stm32f2xx_hal_msp.c **** 
 627              		.loc 1 276 5 view .LVU159
 628 00c6 1A6C     		ldr	r2, [r3, #64]
 629 00c8 02F48022 		and	r2, r2, #262144
 630 00cc 0592     		str	r2, [sp, #20]
 276:Core/Src/stm32f2xx_hal_msp.c **** 
 631              		.loc 1 276 5 view .LVU160
 632 00ce 059A     		ldr	r2, [sp, #20]
 633              	.LBE12:
 276:Core/Src/stm32f2xx_hal_msp.c **** 
 634              		.loc 1 276 5 view .LVU161
 278:Core/Src/stm32f2xx_hal_msp.c ****     /**USART3 GPIO Configuration
 635              		.loc 1 278 5 view .LVU162
 636              	.LBB13:
 278:Core/Src/stm32f2xx_hal_msp.c ****     /**USART3 GPIO Configuration
 637              		.loc 1 278 5 view .LVU163
 638 00d0 0691     		str	r1, [sp, #24]
ARM GAS  C:\Users\sangt\AppData\Local\Temp\cct71gp4.s 			page 19


 278:Core/Src/stm32f2xx_hal_msp.c ****     /**USART3 GPIO Configuration
 639              		.loc 1 278 5 view .LVU164
 640 00d2 1A6B     		ldr	r2, [r3, #48]
 641 00d4 42F00202 		orr	r2, r2, #2
 642 00d8 1A63     		str	r2, [r3, #48]
 278:Core/Src/stm32f2xx_hal_msp.c ****     /**USART3 GPIO Configuration
 643              		.loc 1 278 5 view .LVU165
 644 00da 1B6B     		ldr	r3, [r3, #48]
 645 00dc 03F00203 		and	r3, r3, #2
 646 00e0 0693     		str	r3, [sp, #24]
 278:Core/Src/stm32f2xx_hal_msp.c ****     /**USART3 GPIO Configuration
 647              		.loc 1 278 5 view .LVU166
 648 00e2 069B     		ldr	r3, [sp, #24]
 649              	.LBE13:
 278:Core/Src/stm32f2xx_hal_msp.c ****     /**USART3 GPIO Configuration
 650              		.loc 1 278 5 view .LVU167
 283:Core/Src/stm32f2xx_hal_msp.c ****     GPIO_InitStruct.Mode = GPIO_MODE_AF_PP;
 651              		.loc 1 283 5 view .LVU168
 283:Core/Src/stm32f2xx_hal_msp.c ****     GPIO_InitStruct.Mode = GPIO_MODE_AF_PP;
 652              		.loc 1 283 25 is_stmt 0 view .LVU169
 653 00e4 4FF44063 		mov	r3, #3072
 654 00e8 0793     		str	r3, [sp, #28]
 284:Core/Src/stm32f2xx_hal_msp.c ****     GPIO_InitStruct.Pull = GPIO_NOPULL;
 655              		.loc 1 284 5 is_stmt 1 view .LVU170
 284:Core/Src/stm32f2xx_hal_msp.c ****     GPIO_InitStruct.Pull = GPIO_NOPULL;
 656              		.loc 1 284 26 is_stmt 0 view .LVU171
 657 00ea 0223     		movs	r3, #2
 658 00ec 0893     		str	r3, [sp, #32]
 285:Core/Src/stm32f2xx_hal_msp.c ****     GPIO_InitStruct.Speed = GPIO_SPEED_FREQ_VERY_HIGH;
 659              		.loc 1 285 5 is_stmt 1 view .LVU172
 286:Core/Src/stm32f2xx_hal_msp.c ****     GPIO_InitStruct.Alternate = GPIO_AF7_USART3;
 660              		.loc 1 286 5 view .LVU173
 286:Core/Src/stm32f2xx_hal_msp.c ****     GPIO_InitStruct.Alternate = GPIO_AF7_USART3;
 661              		.loc 1 286 27 is_stmt 0 view .LVU174
 662 00ee 0323     		movs	r3, #3
 663 00f0 0A93     		str	r3, [sp, #40]
 287:Core/Src/stm32f2xx_hal_msp.c ****     HAL_GPIO_Init(GPIOB, &GPIO_InitStruct);
 664              		.loc 1 287 5 is_stmt 1 view .LVU175
 287:Core/Src/stm32f2xx_hal_msp.c ****     HAL_GPIO_Init(GPIOB, &GPIO_InitStruct);
 665              		.loc 1 287 31 is_stmt 0 view .LVU176
 666 00f2 0723     		movs	r3, #7
 667 00f4 0B93     		str	r3, [sp, #44]
 288:Core/Src/stm32f2xx_hal_msp.c **** 
 668              		.loc 1 288 5 is_stmt 1 view .LVU177
 669 00f6 07A9     		add	r1, sp, #28
 670 00f8 0648     		ldr	r0, .L40+20
 671              	.LVL28:
 288:Core/Src/stm32f2xx_hal_msp.c **** 
 672              		.loc 1 288 5 is_stmt 0 view .LVU178
 673 00fa FFF7FEFF 		bl	HAL_GPIO_Init
 674              	.LVL29:
 675              		.loc 1 295 1 view .LVU179
 676 00fe 91E7     		b	.L32
 677              	.L41:
 678              		.align	2
 679              	.L40:
 680 0100 00100140 		.word	1073811456
ARM GAS  C:\Users\sangt\AppData\Local\Temp\cct71gp4.s 			page 20


 681 0104 00440040 		.word	1073759232
 682 0108 00480040 		.word	1073760256
 683 010c 00380240 		.word	1073887232
 684 0110 00000240 		.word	1073872896
 685 0114 00040240 		.word	1073873920
 686              		.cfi_endproc
 687              	.LFE77:
 689              		.section	.text.HAL_UART_MspDeInit,"ax",%progbits
 690              		.align	1
 691              		.global	HAL_UART_MspDeInit
 692              		.syntax unified
 693              		.thumb
 694              		.thumb_func
 696              	HAL_UART_MspDeInit:
 697              	.LVL30:
 698              	.LFB78:
 296:Core/Src/stm32f2xx_hal_msp.c **** 
 297:Core/Src/stm32f2xx_hal_msp.c **** /**
 298:Core/Src/stm32f2xx_hal_msp.c **** * @brief UART MSP De-Initialization
 299:Core/Src/stm32f2xx_hal_msp.c **** * This function freeze the hardware resources used in this example
 300:Core/Src/stm32f2xx_hal_msp.c **** * @param huart: UART handle pointer
 301:Core/Src/stm32f2xx_hal_msp.c **** * @retval None
 302:Core/Src/stm32f2xx_hal_msp.c **** */
 303:Core/Src/stm32f2xx_hal_msp.c **** void HAL_UART_MspDeInit(UART_HandleTypeDef* huart)
 304:Core/Src/stm32f2xx_hal_msp.c **** {
 699              		.loc 1 304 1 is_stmt 1 view -0
 700              		.cfi_startproc
 701              		@ args = 0, pretend = 0, frame = 0
 702              		@ frame_needed = 0, uses_anonymous_args = 0
 703              		.loc 1 304 1 is_stmt 0 view .LVU181
 704 0000 08B5     		push	{r3, lr}
 705              	.LCFI16:
 706              		.cfi_def_cfa_offset 8
 707              		.cfi_offset 3, -8
 708              		.cfi_offset 14, -4
 305:Core/Src/stm32f2xx_hal_msp.c ****   if(huart->Instance==USART1)
 709              		.loc 1 305 3 is_stmt 1 view .LVU182
 710              		.loc 1 305 11 is_stmt 0 view .LVU183
 711 0002 0368     		ldr	r3, [r0]
 712              		.loc 1 305 5 view .LVU184
 713 0004 164A     		ldr	r2, .L50
 714 0006 9342     		cmp	r3, r2
 715 0008 06D0     		beq	.L47
 306:Core/Src/stm32f2xx_hal_msp.c ****   {
 307:Core/Src/stm32f2xx_hal_msp.c ****   /* USER CODE BEGIN USART1_MspDeInit 0 */
 308:Core/Src/stm32f2xx_hal_msp.c **** 
 309:Core/Src/stm32f2xx_hal_msp.c ****   /* USER CODE END USART1_MspDeInit 0 */
 310:Core/Src/stm32f2xx_hal_msp.c ****     /* Peripheral clock disable */
 311:Core/Src/stm32f2xx_hal_msp.c ****     __HAL_RCC_USART1_CLK_DISABLE();
 312:Core/Src/stm32f2xx_hal_msp.c **** 
 313:Core/Src/stm32f2xx_hal_msp.c ****     /**USART1 GPIO Configuration
 314:Core/Src/stm32f2xx_hal_msp.c ****     PA9     ------> USART1_TX
 315:Core/Src/stm32f2xx_hal_msp.c ****     PA10     ------> USART1_RX
 316:Core/Src/stm32f2xx_hal_msp.c ****     */
 317:Core/Src/stm32f2xx_hal_msp.c ****     HAL_GPIO_DeInit(GPIOA, TEL_FC_TX_Pin|TEL_FC_RX_Pin);
 318:Core/Src/stm32f2xx_hal_msp.c **** 
 319:Core/Src/stm32f2xx_hal_msp.c ****   /* USER CODE BEGIN USART1_MspDeInit 1 */
ARM GAS  C:\Users\sangt\AppData\Local\Temp\cct71gp4.s 			page 21


 320:Core/Src/stm32f2xx_hal_msp.c **** 
 321:Core/Src/stm32f2xx_hal_msp.c ****   /* USER CODE END USART1_MspDeInit 1 */
 322:Core/Src/stm32f2xx_hal_msp.c ****   }
 323:Core/Src/stm32f2xx_hal_msp.c ****   else if(huart->Instance==USART2)
 716              		.loc 1 323 8 is_stmt 1 view .LVU185
 717              		.loc 1 323 10 is_stmt 0 view .LVU186
 718 000a 164A     		ldr	r2, .L50+4
 719 000c 9342     		cmp	r3, r2
 720 000e 0FD0     		beq	.L48
 324:Core/Src/stm32f2xx_hal_msp.c ****   {
 325:Core/Src/stm32f2xx_hal_msp.c ****   /* USER CODE BEGIN USART2_MspDeInit 0 */
 326:Core/Src/stm32f2xx_hal_msp.c **** 
 327:Core/Src/stm32f2xx_hal_msp.c ****   /* USER CODE END USART2_MspDeInit 0 */
 328:Core/Src/stm32f2xx_hal_msp.c ****     /* Peripheral clock disable */
 329:Core/Src/stm32f2xx_hal_msp.c ****     __HAL_RCC_USART2_CLK_DISABLE();
 330:Core/Src/stm32f2xx_hal_msp.c **** 
 331:Core/Src/stm32f2xx_hal_msp.c ****     /**USART2 GPIO Configuration
 332:Core/Src/stm32f2xx_hal_msp.c ****     PA2     ------> USART2_TX
 333:Core/Src/stm32f2xx_hal_msp.c ****     PA3     ------> USART2_RX
 334:Core/Src/stm32f2xx_hal_msp.c ****     */
 335:Core/Src/stm32f2xx_hal_msp.c ****     HAL_GPIO_DeInit(GPIOA, GPIO_PIN_2|GPIO_PIN_3);
 336:Core/Src/stm32f2xx_hal_msp.c **** 
 337:Core/Src/stm32f2xx_hal_msp.c ****   /* USER CODE BEGIN USART2_MspDeInit 1 */
 338:Core/Src/stm32f2xx_hal_msp.c **** 
 339:Core/Src/stm32f2xx_hal_msp.c ****   /* USER CODE END USART2_MspDeInit 1 */
 340:Core/Src/stm32f2xx_hal_msp.c ****   }
 341:Core/Src/stm32f2xx_hal_msp.c ****   else if(huart->Instance==USART3)
 721              		.loc 1 341 8 is_stmt 1 view .LVU187
 722              		.loc 1 341 10 is_stmt 0 view .LVU188
 723 0010 154A     		ldr	r2, .L50+8
 724 0012 9342     		cmp	r3, r2
 725 0014 17D0     		beq	.L49
 726              	.LVL31:
 727              	.L42:
 342:Core/Src/stm32f2xx_hal_msp.c ****   {
 343:Core/Src/stm32f2xx_hal_msp.c ****   /* USER CODE BEGIN USART3_MspDeInit 0 */
 344:Core/Src/stm32f2xx_hal_msp.c **** 
 345:Core/Src/stm32f2xx_hal_msp.c ****   /* USER CODE END USART3_MspDeInit 0 */
 346:Core/Src/stm32f2xx_hal_msp.c ****     /* Peripheral clock disable */
 347:Core/Src/stm32f2xx_hal_msp.c ****     __HAL_RCC_USART3_CLK_DISABLE();
 348:Core/Src/stm32f2xx_hal_msp.c **** 
 349:Core/Src/stm32f2xx_hal_msp.c ****     /**USART3 GPIO Configuration
 350:Core/Src/stm32f2xx_hal_msp.c ****     PB10     ------> USART3_TX
 351:Core/Src/stm32f2xx_hal_msp.c ****     PB11     ------> USART3_RX
 352:Core/Src/stm32f2xx_hal_msp.c ****     */
 353:Core/Src/stm32f2xx_hal_msp.c ****     HAL_GPIO_DeInit(GPIOB, CP_TX_Pin|CP_RX_Pin);
 354:Core/Src/stm32f2xx_hal_msp.c **** 
 355:Core/Src/stm32f2xx_hal_msp.c ****   /* USER CODE BEGIN USART3_MspDeInit 1 */
 356:Core/Src/stm32f2xx_hal_msp.c **** 
 357:Core/Src/stm32f2xx_hal_msp.c ****   /* USER CODE END USART3_MspDeInit 1 */
 358:Core/Src/stm32f2xx_hal_msp.c ****   }
 359:Core/Src/stm32f2xx_hal_msp.c **** 
 360:Core/Src/stm32f2xx_hal_msp.c **** }
 728              		.loc 1 360 1 view .LVU189
 729 0016 08BD     		pop	{r3, pc}
 730              	.LVL32:
 731              	.L47:
ARM GAS  C:\Users\sangt\AppData\Local\Temp\cct71gp4.s 			page 22


 311:Core/Src/stm32f2xx_hal_msp.c **** 
 732              		.loc 1 311 5 is_stmt 1 view .LVU190
 733 0018 02F59432 		add	r2, r2, #75776
 734 001c 536C     		ldr	r3, [r2, #68]
 735 001e 23F01003 		bic	r3, r3, #16
 736 0022 5364     		str	r3, [r2, #68]
 317:Core/Src/stm32f2xx_hal_msp.c **** 
 737              		.loc 1 317 5 view .LVU191
 738 0024 4FF4C061 		mov	r1, #1536
 739 0028 1048     		ldr	r0, .L50+12
 740              	.LVL33:
 317:Core/Src/stm32f2xx_hal_msp.c **** 
 741              		.loc 1 317 5 is_stmt 0 view .LVU192
 742 002a FFF7FEFF 		bl	HAL_GPIO_DeInit
 743              	.LVL34:
 744 002e F2E7     		b	.L42
 745              	.LVL35:
 746              	.L48:
 329:Core/Src/stm32f2xx_hal_msp.c **** 
 747              		.loc 1 329 5 is_stmt 1 view .LVU193
 748 0030 02F5FA32 		add	r2, r2, #128000
 749 0034 136C     		ldr	r3, [r2, #64]
 750 0036 23F40033 		bic	r3, r3, #131072
 751 003a 1364     		str	r3, [r2, #64]
 335:Core/Src/stm32f2xx_hal_msp.c **** 
 752              		.loc 1 335 5 view .LVU194
 753 003c 0C21     		movs	r1, #12
 754 003e 0B48     		ldr	r0, .L50+12
 755              	.LVL36:
 335:Core/Src/stm32f2xx_hal_msp.c **** 
 756              		.loc 1 335 5 is_stmt 0 view .LVU195
 757 0040 FFF7FEFF 		bl	HAL_GPIO_DeInit
 758              	.LVL37:
 759 0044 E7E7     		b	.L42
 760              	.LVL38:
 761              	.L49:
 347:Core/Src/stm32f2xx_hal_msp.c **** 
 762              		.loc 1 347 5 is_stmt 1 view .LVU196
 763 0046 02F5F832 		add	r2, r2, #126976
 764 004a 136C     		ldr	r3, [r2, #64]
 765 004c 23F48023 		bic	r3, r3, #262144
 766 0050 1364     		str	r3, [r2, #64]
 353:Core/Src/stm32f2xx_hal_msp.c **** 
 767              		.loc 1 353 5 view .LVU197
 768 0052 4FF44061 		mov	r1, #3072
 769 0056 0648     		ldr	r0, .L50+16
 770              	.LVL39:
 353:Core/Src/stm32f2xx_hal_msp.c **** 
 771              		.loc 1 353 5 is_stmt 0 view .LVU198
 772 0058 FFF7FEFF 		bl	HAL_GPIO_DeInit
 773              	.LVL40:
 774              		.loc 1 360 1 view .LVU199
 775 005c DBE7     		b	.L42
 776              	.L51:
 777 005e 00BF     		.align	2
 778              	.L50:
 779 0060 00100140 		.word	1073811456
ARM GAS  C:\Users\sangt\AppData\Local\Temp\cct71gp4.s 			page 23


 780 0064 00440040 		.word	1073759232
 781 0068 00480040 		.word	1073760256
 782 006c 00000240 		.word	1073872896
 783 0070 00040240 		.word	1073873920
 784              		.cfi_endproc
 785              	.LFE78:
 787              		.text
 788              	.Letext0:
 789              		.file 2 "c:\\program files (x86)\\gnu arm embedded toolchain\\10 2021.10\\arm-none-eabi\\include\\
 790              		.file 3 "c:\\program files (x86)\\gnu arm embedded toolchain\\10 2021.10\\arm-none-eabi\\include\\
 791              		.file 4 "Drivers/CMSIS/Device/ST/STM32F2xx/Include/stm32f205xx.h"
 792              		.file 5 "Drivers/STM32F2xx_HAL_Driver/Inc/stm32f2xx_hal_def.h"
 793              		.file 6 "Drivers/STM32F2xx_HAL_Driver/Inc/stm32f2xx_hal_gpio.h"
 794              		.file 7 "Drivers/STM32F2xx_HAL_Driver/Inc/stm32f2xx_hal_dma.h"
 795              		.file 8 "Drivers/STM32F2xx_HAL_Driver/Inc/stm32f2xx_hal_i2c.h"
 796              		.file 9 "Drivers/STM32F2xx_HAL_Driver/Inc/stm32f2xx_hal_spi.h"
 797              		.file 10 "Drivers/STM32F2xx_HAL_Driver/Inc/stm32f2xx_hal_uart.h"
ARM GAS  C:\Users\sangt\AppData\Local\Temp\cct71gp4.s 			page 24


DEFINED SYMBOLS
                            *ABS*:00000000 stm32f2xx_hal_msp.c
C:\Users\sangt\AppData\Local\Temp\cct71gp4.s:18     .text.HAL_MspInit:00000000 $t
C:\Users\sangt\AppData\Local\Temp\cct71gp4.s:24     .text.HAL_MspInit:00000000 HAL_MspInit
C:\Users\sangt\AppData\Local\Temp\cct71gp4.s:78     .text.HAL_MspInit:00000034 $d
C:\Users\sangt\AppData\Local\Temp\cct71gp4.s:83     .text.HAL_I2C_MspInit:00000000 $t
C:\Users\sangt\AppData\Local\Temp\cct71gp4.s:89     .text.HAL_I2C_MspInit:00000000 HAL_I2C_MspInit
C:\Users\sangt\AppData\Local\Temp\cct71gp4.s:197    .text.HAL_I2C_MspInit:00000064 $d
C:\Users\sangt\AppData\Local\Temp\cct71gp4.s:204    .text.HAL_I2C_MspDeInit:00000000 $t
C:\Users\sangt\AppData\Local\Temp\cct71gp4.s:210    .text.HAL_I2C_MspDeInit:00000000 HAL_I2C_MspDeInit
C:\Users\sangt\AppData\Local\Temp\cct71gp4.s:255    .text.HAL_I2C_MspDeInit:0000002c $d
C:\Users\sangt\AppData\Local\Temp\cct71gp4.s:262    .text.HAL_SPI_MspInit:00000000 $t
C:\Users\sangt\AppData\Local\Temp\cct71gp4.s:268    .text.HAL_SPI_MspInit:00000000 HAL_SPI_MspInit
C:\Users\sangt\AppData\Local\Temp\cct71gp4.s:374    .text.HAL_SPI_MspInit:00000068 $d
C:\Users\sangt\AppData\Local\Temp\cct71gp4.s:380    .text.HAL_SPI_MspDeInit:00000000 $t
C:\Users\sangt\AppData\Local\Temp\cct71gp4.s:386    .text.HAL_SPI_MspDeInit:00000000 HAL_SPI_MspDeInit
C:\Users\sangt\AppData\Local\Temp\cct71gp4.s:429    .text.HAL_SPI_MspDeInit:00000020 $d
C:\Users\sangt\AppData\Local\Temp\cct71gp4.s:436    .text.HAL_UART_MspInit:00000000 $t
C:\Users\sangt\AppData\Local\Temp\cct71gp4.s:442    .text.HAL_UART_MspInit:00000000 HAL_UART_MspInit
C:\Users\sangt\AppData\Local\Temp\cct71gp4.s:680    .text.HAL_UART_MspInit:00000100 $d
C:\Users\sangt\AppData\Local\Temp\cct71gp4.s:690    .text.HAL_UART_MspDeInit:00000000 $t
C:\Users\sangt\AppData\Local\Temp\cct71gp4.s:696    .text.HAL_UART_MspDeInit:00000000 HAL_UART_MspDeInit
C:\Users\sangt\AppData\Local\Temp\cct71gp4.s:779    .text.HAL_UART_MspDeInit:00000060 $d

UNDEFINED SYMBOLS
HAL_GPIO_Init
HAL_GPIO_DeInit
